[0.021s] Invoking command in '/home/imca06/ros_ws/build/rm_gimbal_description': CMAKE_PREFIX_PATH=${CMAKE_PREFIX_PATH}:/opt/ros/humble /usr/bin/cmake --build /home/imca06/ros_ws/build/rm_gimbal_description -- -j12 -l12
[0.068s] Invoked command in '/home/imca06/ros_ws/build/rm_gimbal_description' returned '0': CMAKE_PREFIX_PATH=${CMAKE_PREFIX_PATH}:/opt/ros/humble /usr/bin/cmake --build /home/imca06/ros_ws/build/rm_gimbal_description -- -j12 -l12
[0.121s] Invoking command in '/home/imca06/ros_ws/build/rm_gimbal_description': CMAKE_PREFIX_PATH=${CMAKE_PREFIX_PATH}:/opt/ros/humble /usr/bin/cmake --install /home/imca06/ros_ws/build/rm_gimbal_description
[0.132s] -- Install configuration: "Release"
[0.132s] -- Execute custom install script
[0.132s] -- Up-to-date symlink: /home/imca06/ros_ws/install/rm_gimbal_description/share/rm_gimbal_description/urdf/rm_gimbal.urdf.xacro
[0.132s] -- Up-to-date symlink: /home/imca06/ros_ws/install/rm_gimbal_description/share/ament_index/resource_index/package_run_dependencies/rm_gimbal_description
[0.133s] -- Up-to-date symlink: /home/imca06/ros_ws/install/rm_gimbal_description/share/ament_index/resource_index/parent_prefix_path/rm_gimbal_description
[0.133s] -- Up-to-date symlink: /home/imca06/ros_ws/install/rm_gimbal_description/share/rm_gimbal_description/environment/ament_prefix_path.sh
[0.133s] -- Up-to-date symlink: /home/imca06/ros_ws/install/rm_gimbal_description/share/rm_gimbal_description/environment/ament_prefix_path.dsv
[0.133s] -- Up-to-date symlink: /home/imca06/ros_ws/install/rm_gimbal_description/share/rm_gimbal_description/environment/path.sh
[0.133s] -- Up-to-date symlink: /home/imca06/ros_ws/install/rm_gimbal_description/share/rm_gimbal_description/environment/path.dsv
[0.133s] -- Up-to-date symlink: /home/imca06/ros_ws/install/rm_gimbal_description/share/rm_gimbal_description/local_setup.bash
[0.133s] -- Up-to-date symlink: /home/imca06/ros_ws/install/rm_gimbal_description/share/rm_gimbal_description/local_setup.sh
[0.133s] -- Up-to-date symlink: /home/imca06/ros_ws/install/rm_gimbal_description/share/rm_gimbal_description/local_setup.zsh
[0.134s] -- Up-to-date symlink: /home/imca06/ros_ws/install/rm_gimbal_description/share/rm_gimbal_description/local_setup.dsv
[0.134s] -- Symlinking: /home/imca06/ros_ws/install/rm_gimbal_description/share/rm_gimbal_description/package.dsv
[0.146s] -- Up-to-date symlink: /home/imca06/ros_ws/install/rm_gimbal_description/share/ament_index/resource_index/packages/rm_gimbal_description
[0.146s] -- Up-to-date symlink: /home/imca06/ros_ws/install/rm_gimbal_description/share/rm_gimbal_description/cmake/rm_gimbal_descriptionConfig.cmake
[0.146s] -- Up-to-date symlink: /home/imca06/ros_ws/install/rm_gimbal_description/share/rm_gimbal_description/cmake/rm_gimbal_descriptionConfig-version.cmake
[0.146s] -- Up-to-date symlink: /home/imca06/ros_ws/install/rm_gimbal_description/share/rm_gimbal_description/package.xml
[0.149s] Invoked command in '/home/imca06/ros_ws/build/rm_gimbal_description' returned '0': CMAKE_PREFIX_PATH=${CMAKE_PREFIX_PATH}:/opt/ros/humble /usr/bin/cmake --install /home/imca06/ros_ws/build/rm_gimbal_description
