[0.013s] Invoking command in '/home/imca06/ros_ws/build/armor_tracker': AMENT_PREFIX_PATH=/home/imca06/ros_ws/install/auto_aim_interfaces:${AMENT_PREFIX_PATH} CMAKE_PREFIX_PATH=/home/imca06/ros_ws/install/auto_aim_interfaces:/opt/ros/humble LD_LIBRARY_PATH=/home/imca06/ros_ws/install/auto_aim_interfaces/lib:/opt/MVS/lib/64:/opt/MVS/lib/32:/opt/intel/openvino_2023.0.0/runtime/lib/intel64:/usr/lib/x86_64-linux-gnu/gazebo-11/plugins:/opt/ros/humble/opt/rviz_ogre_vendor/lib:/opt/ros/humble/lib/x86_64-linux-gnu:/opt/ros/humble/lib:/opt/MVS/lib/64:/opt/MVS/lib/32:/opt/MVS/lib/64:/opt/MVS/lib/32 PYTHONPATH=/home/imca06/ros_ws/install/auto_aim_interfaces/local/lib/python3.10/dist-packages:${PYTHONPATH} /usr/bin/cmake /home/imca06/ros_ws/src/rm_auto_aim/armor_tracker -DCMAKE_BUILD_TYPE=Release -DAMENT_CMAKE_SYMLINK_INSTALL=1 -DCMAKE_INSTALL_PREFIX=/home/imca06/ros_ws/install/armor_tracker
[0.070s] -- The C compiler identification is GNU 11.4.0
[0.130s] -- The CXX compiler identification is GNU 11.4.0
[0.138s] -- Detecting C compiler ABI info
[0.217s] -- Detecting C compiler ABI info - done
[0.224s] -- Check for working C compiler: /usr/bin/cc - skipped
[0.225s] -- Detecting C compile features
[0.225s] -- Detecting C compile features - done
[0.227s] -- Detecting CXX compiler ABI info
[0.312s] -- Detecting CXX compiler ABI info - done
[0.318s] -- Check for working CXX compiler: /usr/bin/c++ - skipped
[0.319s] -- Detecting CXX compile features
[0.319s] -- Detecting CXX compile features - done
[0.321s] -- Found ament_cmake_auto: 1.3.8 (/opt/ros/humble/share/ament_cmake_auto/cmake)
[0.474s] -- Found Python3: /usr/bin/python3 (found version "3.10.12") found components: Interpreter 
[0.534s] -- Override CMake install command with custom implementation using symlinks instead of copying resources
[0.675s] -- Found rosidl_generator_c: 3.1.5 (/opt/ros/humble/share/rosidl_generator_c/cmake)
[0.680s] -- Found rosidl_adapter: 3.1.5 (/opt/ros/humble/share/rosidl_adapter/cmake)
[0.689s] -- Found rosidl_generator_cpp: 3.1.5 (/opt/ros/humble/share/rosidl_generator_cpp/cmake)
[0.703s] -- Using all available rosidl_typesupport_c: rosidl_typesupport_fastrtps_c;rosidl_typesupport_introspection_c
[0.723s] -- Using all available rosidl_typesupport_cpp: rosidl_typesupport_fastrtps_cpp;rosidl_typesupport_introspection_cpp
[0.792s] -- Found rmw_implementation_cmake: 6.1.1 (/opt/ros/humble/share/rmw_implementation_cmake/cmake)
[0.795s] -- Found rmw_fastrtps_cpp: 6.2.6 (/opt/ros/humble/share/rmw_fastrtps_cpp/cmake)
[0.925s] -- Found OpenSSL: /usr/lib/x86_64-linux-gnu/libcrypto.so (found version "3.0.2")  
[0.958s] -- Found FastRTPS: /opt/ros/humble/include  
[1.014s] -- Using RMW implementation 'rmw_fastrtps_cpp' as default
[1.024s] -- Looking for pthread.h
[1.104s] -- Looking for pthread.h - found
[1.104s] -- Performing Test CMAKE_HAVE_LIBC_PTHREAD
[1.187s] -- Performing Test CMAKE_HAVE_LIBC_PTHREAD - Success
[1.189s] -- Found Threads: TRUE  
[1.709s] -- Found eigen3_cmake_module: 0.1.1 (/opt/ros/humble/share/eigen3_cmake_module/cmake)
[1.710s] -- Found Eigen3: TRUE (found version "3.4.0") 
[1.710s] -- Ensuring Eigen3 include directory is part of orocos-kdl CMake target
[2.036s] -- Found ament_lint_auto: 0.12.10 (/opt/ros/humble/share/ament_lint_auto/cmake)
[2.075s] -- Added test 'cppcheck' to perform static code analysis on C / C++ code
[2.075s] -- Configured cppcheck include dirs: /home/imca06/ros_ws/src/rm_auto_aim/armor_tracker/include
[2.075s] -- Configured cppcheck exclude dirs and/or files: 
[2.076s] -- Added test 'lint_cmake' to check CMake code style
[2.077s] -- Added test 'xmllint' to check XML markup files
[2.080s] -- Configuring done
[2.098s] -- Generating done
[2.100s] -- Build files have been written to: /home/imca06/ros_ws/build/armor_tracker
[2.112s] Invoked command in '/home/imca06/ros_ws/build/armor_tracker' returned '0': AMENT_PREFIX_PATH=/home/imca06/ros_ws/install/auto_aim_interfaces:${AMENT_PREFIX_PATH} CMAKE_PREFIX_PATH=/home/imca06/ros_ws/install/auto_aim_interfaces:/opt/ros/humble LD_LIBRARY_PATH=/home/imca06/ros_ws/install/auto_aim_interfaces/lib:/opt/MVS/lib/64:/opt/MVS/lib/32:/opt/intel/openvino_2023.0.0/runtime/lib/intel64:/usr/lib/x86_64-linux-gnu/gazebo-11/plugins:/opt/ros/humble/opt/rviz_ogre_vendor/lib:/opt/ros/humble/lib/x86_64-linux-gnu:/opt/ros/humble/lib:/opt/MVS/lib/64:/opt/MVS/lib/32:/opt/MVS/lib/64:/opt/MVS/lib/32 PYTHONPATH=/home/imca06/ros_ws/install/auto_aim_interfaces/local/lib/python3.10/dist-packages:${PYTHONPATH} /usr/bin/cmake /home/imca06/ros_ws/src/rm_auto_aim/armor_tracker -DCMAKE_BUILD_TYPE=Release -DAMENT_CMAKE_SYMLINK_INSTALL=1 -DCMAKE_INSTALL_PREFIX=/home/imca06/ros_ws/install/armor_tracker
[2.114s] Invoking command in '/home/imca06/ros_ws/build/armor_tracker': AMENT_PREFIX_PATH=/home/imca06/ros_ws/install/auto_aim_interfaces:${AMENT_PREFIX_PATH} CMAKE_PREFIX_PATH=/home/imca06/ros_ws/install/auto_aim_interfaces:/opt/ros/humble LD_LIBRARY_PATH=/home/imca06/ros_ws/install/auto_aim_interfaces/lib:/opt/MVS/lib/64:/opt/MVS/lib/32:/opt/intel/openvino_2023.0.0/runtime/lib/intel64:/usr/lib/x86_64-linux-gnu/gazebo-11/plugins:/opt/ros/humble/opt/rviz_ogre_vendor/lib:/opt/ros/humble/lib/x86_64-linux-gnu:/opt/ros/humble/lib:/opt/MVS/lib/64:/opt/MVS/lib/32:/opt/MVS/lib/64:/opt/MVS/lib/32 PYTHONPATH=/home/imca06/ros_ws/install/auto_aim_interfaces/local/lib/python3.10/dist-packages:${PYTHONPATH} /usr/bin/cmake --build /home/imca06/ros_ws/build/armor_tracker -- -j12 -l12
[2.174s] [ 33%] [32mBuilding CXX object CMakeFiles/armor_tracker.dir/src/extended_kalman_filter.cpp.o[0m
[2.174s] [ 33%] [32mBuilding CXX object CMakeFiles/armor_tracker_node.dir/rclcpp_components/node_main_armor_tracker_node.cpp.o[0m
[2.174s] [ 66%] [32mBuilding CXX object CMakeFiles/armor_tracker.dir/src/tracker_node.cpp.o[0m
[2.174s] [ 66%] [32mBuilding CXX object CMakeFiles/armor_tracker.dir/src/tracker.cpp.o[0m
[8.137s] [ 83%] [32m[1mLinking CXX executable armor_tracker_node[0m
[8.308s] [ 83%] Built target armor_tracker_node
[19.745s] [100%] [32m[1mLinking CXX shared library libarmor_tracker.so[0m
[19.976s] [100%] Built target armor_tracker
[19.992s] Invoked command in '/home/imca06/ros_ws/build/armor_tracker' returned '0': AMENT_PREFIX_PATH=/home/imca06/ros_ws/install/auto_aim_interfaces:${AMENT_PREFIX_PATH} CMAKE_PREFIX_PATH=/home/imca06/ros_ws/install/auto_aim_interfaces:/opt/ros/humble LD_LIBRARY_PATH=/home/imca06/ros_ws/install/auto_aim_interfaces/lib:/opt/MVS/lib/64:/opt/MVS/lib/32:/opt/intel/openvino_2023.0.0/runtime/lib/intel64:/usr/lib/x86_64-linux-gnu/gazebo-11/plugins:/opt/ros/humble/opt/rviz_ogre_vendor/lib:/opt/ros/humble/lib/x86_64-linux-gnu:/opt/ros/humble/lib:/opt/MVS/lib/64:/opt/MVS/lib/32:/opt/MVS/lib/64:/opt/MVS/lib/32 PYTHONPATH=/home/imca06/ros_ws/install/auto_aim_interfaces/local/lib/python3.10/dist-packages:${PYTHONPATH} /usr/bin/cmake --build /home/imca06/ros_ws/build/armor_tracker -- -j12 -l12
[20.037s] Invoking command in '/home/imca06/ros_ws/build/armor_tracker': AMENT_PREFIX_PATH=/home/imca06/ros_ws/install/auto_aim_interfaces:${AMENT_PREFIX_PATH} CMAKE_PREFIX_PATH=/home/imca06/ros_ws/install/auto_aim_interfaces:/opt/ros/humble LD_LIBRARY_PATH=/home/imca06/ros_ws/install/auto_aim_interfaces/lib:/opt/MVS/lib/64:/opt/MVS/lib/32:/opt/intel/openvino_2023.0.0/runtime/lib/intel64:/usr/lib/x86_64-linux-gnu/gazebo-11/plugins:/opt/ros/humble/opt/rviz_ogre_vendor/lib:/opt/ros/humble/lib/x86_64-linux-gnu:/opt/ros/humble/lib:/opt/MVS/lib/64:/opt/MVS/lib/32:/opt/MVS/lib/64:/opt/MVS/lib/32 PYTHONPATH=/home/imca06/ros_ws/install/auto_aim_interfaces/local/lib/python3.10/dist-packages:${PYTHONPATH} /usr/bin/cmake --install /home/imca06/ros_ws/build/armor_tracker
[20.045s] -- Install configuration: "Release"
[20.045s] -- Execute custom install script
[20.046s] -- Symlinking: /home/imca06/ros_ws/install/armor_tracker/lib/armor_tracker/armor_tracker_node
[20.057s] -- Symlinking: /home/imca06/ros_ws/install/armor_tracker/include/armor_tracker/extended_kalman_filter.hpp
[20.068s] -- Symlinking: /home/imca06/ros_ws/install/armor_tracker/include/armor_tracker/tracker.hpp
[20.078s] -- Symlinking: /home/imca06/ros_ws/install/armor_tracker/include/armor_tracker/tracker_node.hpp
[20.091s] -- Symlinking: /home/imca06/ros_ws/install/armor_tracker/share/armor_tracker/environment/library_path.sh
[20.102s] -- Symlinking: /home/imca06/ros_ws/install/armor_tracker/share/armor_tracker/environment/library_path.dsv
[20.113s] -- Symlinking: /home/imca06/ros_ws/install/armor_tracker/lib/libarmor_tracker.so
[20.125s] -- Symlinking: /home/imca06/ros_ws/install/armor_tracker/share/ament_index/resource_index/package_run_dependencies/armor_tracker
[20.136s] -- Symlinking: /home/imca06/ros_ws/install/armor_tracker/share/ament_index/resource_index/parent_prefix_path/armor_tracker
[20.147s] -- Symlinking: /home/imca06/ros_ws/install/armor_tracker/share/armor_tracker/environment/ament_prefix_path.sh
[20.158s] -- Symlinking: /home/imca06/ros_ws/install/armor_tracker/share/armor_tracker/environment/ament_prefix_path.dsv
[20.169s] -- Symlinking: /home/imca06/ros_ws/install/armor_tracker/share/armor_tracker/environment/path.sh
[20.181s] -- Symlinking: /home/imca06/ros_ws/install/armor_tracker/share/armor_tracker/environment/path.dsv
[20.192s] -- Symlinking: /home/imca06/ros_ws/install/armor_tracker/share/armor_tracker/local_setup.bash
[20.203s] -- Symlinking: /home/imca06/ros_ws/install/armor_tracker/share/armor_tracker/local_setup.sh
[20.213s] -- Symlinking: /home/imca06/ros_ws/install/armor_tracker/share/armor_tracker/local_setup.zsh
[20.224s] -- Symlinking: /home/imca06/ros_ws/install/armor_tracker/share/armor_tracker/local_setup.dsv
[20.235s] -- Symlinking: /home/imca06/ros_ws/install/armor_tracker/share/armor_tracker/package.dsv
[20.247s] -- Symlinking: /home/imca06/ros_ws/install/armor_tracker/share/ament_index/resource_index/packages/armor_tracker
[20.258s] -- Symlinking: /home/imca06/ros_ws/install/armor_tracker/share/ament_index/resource_index/rclcpp_components/armor_tracker
[20.270s] -- Symlinking: /home/imca06/ros_ws/install/armor_tracker/share/armor_tracker/cmake/ament_cmake_export_dependencies-extras.cmake
[20.281s] -- Symlinking: /home/imca06/ros_ws/install/armor_tracker/share/armor_tracker/cmake/ament_cmake_export_include_directories-extras.cmake
[20.292s] -- Symlinking: /home/imca06/ros_ws/install/armor_tracker/share/armor_tracker/cmake/ament_cmake_export_libraries-extras.cmake
[20.304s] -- Symlinking: /home/imca06/ros_ws/install/armor_tracker/share/armor_tracker/cmake/armor_trackerConfig.cmake
[20.315s] -- Symlinking: /home/imca06/ros_ws/install/armor_tracker/share/armor_tracker/cmake/armor_trackerConfig-version.cmake
[20.326s] -- Symlinking: /home/imca06/ros_ws/install/armor_tracker/share/armor_tracker/package.xml
[20.340s] Invoked command in '/home/imca06/ros_ws/build/armor_tracker' returned '0': AMENT_PREFIX_PATH=/home/imca06/ros_ws/install/auto_aim_interfaces:${AMENT_PREFIX_PATH} CMAKE_PREFIX_PATH=/home/imca06/ros_ws/install/auto_aim_interfaces:/opt/ros/humble LD_LIBRARY_PATH=/home/imca06/ros_ws/install/auto_aim_interfaces/lib:/opt/MVS/lib/64:/opt/MVS/lib/32:/opt/intel/openvino_2023.0.0/runtime/lib/intel64:/usr/lib/x86_64-linux-gnu/gazebo-11/plugins:/opt/ros/humble/opt/rviz_ogre_vendor/lib:/opt/ros/humble/lib/x86_64-linux-gnu:/opt/ros/humble/lib:/opt/MVS/lib/64:/opt/MVS/lib/32:/opt/MVS/lib/64:/opt/MVS/lib/32 PYTHONPATH=/home/imca06/ros_ws/install/auto_aim_interfaces/local/lib/python3.10/dist-packages:${PYTHONPATH} /usr/bin/cmake --install /home/imca06/ros_ws/build/armor_tracker
