[0.015s] Invoking command in '/home/imca06/ros_ws/build/rm_serial_driver': CMAKE_PREFIX_PATH=/home/imca06/ros_ws/install/auto_aim_interfaces:/home/imca06/ros_ws/install/rm_vision_bringup:/home/imca06/ros_ws/install/rm_serial_driver:/home/imca06/ros_ws/install/rm_gimbal_description:/home/imca06/ros_ws/install/rm_auto_aim:/home/imca06/ros_ws/install/mindvision_camera:/home/imca06/ros_ws/install/hik_camera:/home/imca06/ros_ws/install/armor_tracker:/home/imca06/ros_ws/install/armor_detector:/opt/ros/humble LD_LIBRARY_PATH=/home/imca06/ros_ws/install/auto_aim_interfaces/lib:/home/imca06/ros_ws/install/rm_serial_driver/lib:/home/imca06/ros_ws/install/mindvision_camera/lib:/home/imca06/ros_ws/install/hik_camera/lib:/home/imca06/ros_ws/install/armor_tracker/lib:/home/imca06/ros_ws/install/armor_detector/lib:/opt/MVS/lib/64:/opt/MVS/lib/32:/opt/intel/openvino_2023.0.0/runtime/lib/intel64:/usr/lib/x86_64-linux-gnu/gazebo-11/plugins:/opt/ros/humble/opt/rviz_ogre_vendor/lib:/opt/ros/humble/lib/x86_64-linux-gnu:/opt/ros/humble/lib:/opt/MVS/lib/64:/opt/MVS/lib/32:/opt/MVS/lib/64:/opt/MVS/lib/32 /usr/bin/cmake --build /home/imca06/ros_ws/build/rm_serial_driver -- -j12 -l12
[0.068s] [35m[1mConsolidate compiler generated dependencies of target rm_serial_driver_node[0m
[0.068s] [35m[1mConsolidate compiler generated dependencies of target rm_serial_driver[0m
[0.095s] [ 40%] Built target rm_serial_driver_node
[0.103s] [100%] Built target rm_serial_driver
[0.117s] Invoked command in '/home/imca06/ros_ws/build/rm_serial_driver' returned '0': CMAKE_PREFIX_PATH=/home/imca06/ros_ws/install/auto_aim_interfaces:/home/imca06/ros_ws/install/rm_vision_bringup:/home/imca06/ros_ws/install/rm_serial_driver:/home/imca06/ros_ws/install/rm_gimbal_description:/home/imca06/ros_ws/install/rm_auto_aim:/home/imca06/ros_ws/install/mindvision_camera:/home/imca06/ros_ws/install/hik_camera:/home/imca06/ros_ws/install/armor_tracker:/home/imca06/ros_ws/install/armor_detector:/opt/ros/humble LD_LIBRARY_PATH=/home/imca06/ros_ws/install/auto_aim_interfaces/lib:/home/imca06/ros_ws/install/rm_serial_driver/lib:/home/imca06/ros_ws/install/mindvision_camera/lib:/home/imca06/ros_ws/install/hik_camera/lib:/home/imca06/ros_ws/install/armor_tracker/lib:/home/imca06/ros_ws/install/armor_detector/lib:/opt/MVS/lib/64:/opt/MVS/lib/32:/opt/intel/openvino_2023.0.0/runtime/lib/intel64:/usr/lib/x86_64-linux-gnu/gazebo-11/plugins:/opt/ros/humble/opt/rviz_ogre_vendor/lib:/opt/ros/humble/lib/x86_64-linux-gnu:/opt/ros/humble/lib:/opt/MVS/lib/64:/opt/MVS/lib/32:/opt/MVS/lib/64:/opt/MVS/lib/32 /usr/bin/cmake --build /home/imca06/ros_ws/build/rm_serial_driver -- -j12 -l12
[0.166s] Invoking command in '/home/imca06/ros_ws/build/rm_serial_driver': CMAKE_PREFIX_PATH=/home/imca06/ros_ws/install/auto_aim_interfaces:/home/imca06/ros_ws/install/rm_vision_bringup:/home/imca06/ros_ws/install/rm_serial_driver:/home/imca06/ros_ws/install/rm_gimbal_description:/home/imca06/ros_ws/install/rm_auto_aim:/home/imca06/ros_ws/install/mindvision_camera:/home/imca06/ros_ws/install/hik_camera:/home/imca06/ros_ws/install/armor_tracker:/home/imca06/ros_ws/install/armor_detector:/opt/ros/humble LD_LIBRARY_PATH=/home/imca06/ros_ws/install/auto_aim_interfaces/lib:/home/imca06/ros_ws/install/rm_serial_driver/lib:/home/imca06/ros_ws/install/mindvision_camera/lib:/home/imca06/ros_ws/install/hik_camera/lib:/home/imca06/ros_ws/install/armor_tracker/lib:/home/imca06/ros_ws/install/armor_detector/lib:/opt/MVS/lib/64:/opt/MVS/lib/32:/opt/intel/openvino_2023.0.0/runtime/lib/intel64:/usr/lib/x86_64-linux-gnu/gazebo-11/plugins:/opt/ros/humble/opt/rviz_ogre_vendor/lib:/opt/ros/humble/lib/x86_64-linux-gnu:/opt/ros/humble/lib:/opt/MVS/lib/64:/opt/MVS/lib/32:/opt/MVS/lib/64:/opt/MVS/lib/32 /usr/bin/cmake --install /home/imca06/ros_ws/build/rm_serial_driver
[0.175s] -- Install configuration: "Release"
[0.175s] -- Execute custom install script
[0.175s] -- Up-to-date symlink: /home/imca06/ros_ws/install/rm_serial_driver/lib/rm_serial_driver/rm_serial_driver_node
[0.176s] -- Up-to-date symlink: /home/imca06/ros_ws/install/rm_serial_driver/include/rm_serial_driver/crc.hpp
[0.176s] -- Up-to-date symlink: /home/imca06/ros_ws/install/rm_serial_driver/include/rm_serial_driver/packet.hpp
[0.176s] -- Up-to-date symlink: /home/imca06/ros_ws/install/rm_serial_driver/include/rm_serial_driver/rm_serial_driver.hpp
[0.176s] -- Up-to-date symlink: /home/imca06/ros_ws/install/rm_serial_driver/share/rm_serial_driver/environment/library_path.sh
[0.176s] -- Up-to-date symlink: /home/imca06/ros_ws/install/rm_serial_driver/share/rm_serial_driver/environment/library_path.dsv
[0.176s] -- Up-to-date symlink: /home/imca06/ros_ws/install/rm_serial_driver/lib/librm_serial_driver.so
[0.176s] -- Up-to-date symlink: /home/imca06/ros_ws/install/rm_serial_driver/share/rm_serial_driver/config/serial_driver.yaml
[0.177s] -- Up-to-date symlink: /home/imca06/ros_ws/install/rm_serial_driver/share/rm_serial_driver/launch/serial_driver.launch.py
[0.177s] -- Up-to-date symlink: /home/imca06/ros_ws/install/rm_serial_driver/share/ament_index/resource_index/package_run_dependencies/rm_serial_driver
[0.177s] -- Up-to-date symlink: /home/imca06/ros_ws/install/rm_serial_driver/share/ament_index/resource_index/parent_prefix_path/rm_serial_driver
[0.177s] -- Up-to-date symlink: /home/imca06/ros_ws/install/rm_serial_driver/share/rm_serial_driver/environment/ament_prefix_path.sh
[0.177s] -- Up-to-date symlink: /home/imca06/ros_ws/install/rm_serial_driver/share/rm_serial_driver/environment/ament_prefix_path.dsv
[0.177s] -- Up-to-date symlink: /home/imca06/ros_ws/install/rm_serial_driver/share/rm_serial_driver/environment/path.sh
[0.178s] -- Up-to-date symlink: /home/imca06/ros_ws/install/rm_serial_driver/share/rm_serial_driver/environment/path.dsv
[0.178s] -- Up-to-date symlink: /home/imca06/ros_ws/install/rm_serial_driver/share/rm_serial_driver/local_setup.bash
[0.178s] -- Up-to-date symlink: /home/imca06/ros_ws/install/rm_serial_driver/share/rm_serial_driver/local_setup.sh
[0.178s] -- Up-to-date symlink: /home/imca06/ros_ws/install/rm_serial_driver/share/rm_serial_driver/local_setup.zsh
[0.178s] -- Up-to-date symlink: /home/imca06/ros_ws/install/rm_serial_driver/share/rm_serial_driver/local_setup.dsv
[0.178s] -- Symlinking: /home/imca06/ros_ws/install/rm_serial_driver/share/rm_serial_driver/package.dsv
[0.190s] -- Up-to-date symlink: /home/imca06/ros_ws/install/rm_serial_driver/share/ament_index/resource_index/packages/rm_serial_driver
[0.190s] -- Up-to-date symlink: /home/imca06/ros_ws/install/rm_serial_driver/share/ament_index/resource_index/rclcpp_components/rm_serial_driver
[0.190s] -- Up-to-date symlink: /home/imca06/ros_ws/install/rm_serial_driver/share/rm_serial_driver/cmake/ament_cmake_export_dependencies-extras.cmake
[0.190s] -- Up-to-date symlink: /home/imca06/ros_ws/install/rm_serial_driver/share/rm_serial_driver/cmake/ament_cmake_export_include_directories-extras.cmake
[0.190s] -- Up-to-date symlink: /home/imca06/ros_ws/install/rm_serial_driver/share/rm_serial_driver/cmake/ament_cmake_export_libraries-extras.cmake
[0.190s] -- Up-to-date symlink: /home/imca06/ros_ws/install/rm_serial_driver/share/rm_serial_driver/cmake/rm_serial_driverConfig.cmake
[0.191s] -- Up-to-date symlink: /home/imca06/ros_ws/install/rm_serial_driver/share/rm_serial_driver/cmake/rm_serial_driverConfig-version.cmake
[0.191s] -- Up-to-date symlink: /home/imca06/ros_ws/install/rm_serial_driver/share/rm_serial_driver/package.xml
[0.193s] Invoked command in '/home/imca06/ros_ws/build/rm_serial_driver' returned '0': CMAKE_PREFIX_PATH=/home/imca06/ros_ws/install/auto_aim_interfaces:/home/imca06/ros_ws/install/rm_vision_bringup:/home/imca06/ros_ws/install/rm_serial_driver:/home/imca06/ros_ws/install/rm_gimbal_description:/home/imca06/ros_ws/install/rm_auto_aim:/home/imca06/ros_ws/install/mindvision_camera:/home/imca06/ros_ws/install/hik_camera:/home/imca06/ros_ws/install/armor_tracker:/home/imca06/ros_ws/install/armor_detector:/opt/ros/humble LD_LIBRARY_PATH=/home/imca06/ros_ws/install/auto_aim_interfaces/lib:/home/imca06/ros_ws/install/rm_serial_driver/lib:/home/imca06/ros_ws/install/mindvision_camera/lib:/home/imca06/ros_ws/install/hik_camera/lib:/home/imca06/ros_ws/install/armor_tracker/lib:/home/imca06/ros_ws/install/armor_detector/lib:/opt/MVS/lib/64:/opt/MVS/lib/32:/opt/intel/openvino_2023.0.0/runtime/lib/intel64:/usr/lib/x86_64-linux-gnu/gazebo-11/plugins:/opt/ros/humble/opt/rviz_ogre_vendor/lib:/opt/ros/humble/lib/x86_64-linux-gnu:/opt/ros/humble/lib:/opt/MVS/lib/64:/opt/MVS/lib/32:/opt/MVS/lib/64:/opt/MVS/lib/32 /usr/bin/cmake --install /home/imca06/ros_ws/build/rm_serial_driver
