[0.017s] Invoking command in '/home/imca06/ros_ws/build/hik_camera': CMAKE_PREFIX_PATH=/opt/ros/humble /usr/bin/cmake /home/imca06/ros_ws/src/ros2-hik-camera -DCMAKE_BUILD_TYPE=Release -DAMENT_CMAKE_SYMLINK_INSTALL=1 -DCMAKE_INSTALL_PREFIX=/home/imca06/ros_ws/install/hik_camera
[0.078s] -- The C compiler identification is GNU 11.4.0
[0.138s] -- The CXX compiler identification is GNU 11.4.0
[0.146s] -- Detecting C compiler ABI info
[0.230s] -- Detecting C compiler ABI info - done
[0.238s] -- Check for working C compiler: /usr/bin/cc - skipped
[0.239s] -- Detecting C compile features
[0.239s] -- Detecting C compile features - done
[0.243s] -- Detecting CXX compiler ABI info
[0.336s] -- Detecting CXX compiler ABI info - done
[0.343s] -- Check for working CXX compiler: /usr/bin/c++ - skipped
[0.343s] -- Detecting CXX compile features
[0.344s] -- Detecting CXX compile features - done
[0.346s] -- Found ament_cmake_auto: 1.3.8 (/opt/ros/humble/share/ament_cmake_auto/cmake)
[0.500s] -- Found Python3: /usr/bin/python3 (found version "3.10.12") found components: Interpreter 
[0.563s] -- Override CMake install command with custom implementation using symlinks instead of copying resources
[0.711s] -- Found rosidl_generator_c: 3.1.5 (/opt/ros/humble/share/rosidl_generator_c/cmake)
[0.717s] -- Found rosidl_adapter: 3.1.5 (/opt/ros/humble/share/rosidl_adapter/cmake)
[0.726s] -- Found rosidl_generator_cpp: 3.1.5 (/opt/ros/humble/share/rosidl_generator_cpp/cmake)
[0.739s] -- Using all available rosidl_typesupport_c: rosidl_typesupport_fastrtps_c;rosidl_typesupport_introspection_c
[0.759s] -- Using all available rosidl_typesupport_cpp: rosidl_typesupport_fastrtps_cpp;rosidl_typesupport_introspection_cpp
[0.834s] -- Found rmw_implementation_cmake: 6.1.1 (/opt/ros/humble/share/rmw_implementation_cmake/cmake)
[0.837s] -- Found rmw_fastrtps_cpp: 6.2.6 (/opt/ros/humble/share/rmw_fastrtps_cpp/cmake)
[0.968s] -- Found OpenSSL: /usr/lib/x86_64-linux-gnu/libcrypto.so (found version "3.0.2")  
[1.003s] -- Found FastRTPS: /opt/ros/humble/include  
[1.061s] -- Using RMW implementation 'rmw_fastrtps_cpp' as default
[1.071s] -- Looking for pthread.h
[1.155s] -- Looking for pthread.h - found
[1.155s] -- Performing Test CMAKE_HAVE_LIBC_PTHREAD
[1.237s] -- Performing Test CMAKE_HAVE_LIBC_PTHREAD - Success
[1.238s] -- Found Threads: TRUE  
[1.678s] -- Found ament_lint_auto: 0.12.10 (/opt/ros/humble/share/ament_lint_auto/cmake)
[1.704s] -- Added test 'cppcheck' to perform static code analysis on C / C++ code
[1.704s] -- Configured cppcheck include dirs: /home/imca06/ros_ws/src/ros2-hik-camera/hikSDK/include
[1.704s] -- Configured cppcheck exclude dirs and/or files: 
[1.705s] -- Added test 'flake8' to check Python code syntax and style conventions
[1.706s] -- Added test 'lint_cmake' to check CMake code style
[1.706s] -- Added test 'pep257' to check Python code against some of the docstring style conventions in PEP 257
[1.707s] -- Added test 'xmllint' to check XML markup files
[1.709s] -- Configuring done
[1.725s] -- Generating done
[1.727s] -- Build files have been written to: /home/imca06/ros_ws/build/hik_camera
[1.741s] Invoked command in '/home/imca06/ros_ws/build/hik_camera' returned '0': CMAKE_PREFIX_PATH=/opt/ros/humble /usr/bin/cmake /home/imca06/ros_ws/src/ros2-hik-camera -DCMAKE_BUILD_TYPE=Release -DAMENT_CMAKE_SYMLINK_INSTALL=1 -DCMAKE_INSTALL_PREFIX=/home/imca06/ros_ws/install/hik_camera
[1.742s] Invoking command in '/home/imca06/ros_ws/build/hik_camera': CMAKE_PREFIX_PATH=/opt/ros/humble /usr/bin/cmake --build /home/imca06/ros_ws/build/hik_camera -- -j12 -l12
[1.801s] [ 50%] [32mBuilding CXX object CMakeFiles/hik_camera_node.dir/rclcpp_components/node_main_hik_camera_node.cpp.o[0m
[1.801s] [ 50%] [32mBuilding CXX object CMakeFiles/hik_camera.dir/src/hik_camera_node.cpp.o[0m
[6.990s] [ 75%] [32m[1mLinking CXX executable hik_camera_node[0m
[7.144s] [ 75%] Built target hik_camera_node
[7.521s] [100%] [32m[1mLinking CXX shared library libhik_camera.so[0m
[7.687s] [100%] Built target hik_camera
[7.702s] Invoked command in '/home/imca06/ros_ws/build/hik_camera' returned '0': CMAKE_PREFIX_PATH=/opt/ros/humble /usr/bin/cmake --build /home/imca06/ros_ws/build/hik_camera -- -j12 -l12
[7.741s] Invoking command in '/home/imca06/ros_ws/build/hik_camera': CMAKE_PREFIX_PATH=/opt/ros/humble /usr/bin/cmake --install /home/imca06/ros_ws/build/hik_camera
[7.750s] -- Install configuration: "Release"
[7.750s] -- Execute custom install script
[7.750s] -- Symlinking: /home/imca06/ros_ws/install/hik_camera/lib/libFormatConversion.so
[7.762s] -- Symlinking: /home/imca06/ros_ws/install/hik_camera/lib/libMVRender.so
[7.773s] -- Symlinking: /home/imca06/ros_ws/install/hik_camera/lib/libMediaProcess.so
[7.785s] -- Symlinking: /home/imca06/ros_ws/install/hik_camera/lib/libMvCameraControl.so
[7.797s] -- Symlinking: /home/imca06/ros_ws/install/hik_camera/lib/libMvUsb3vTL.so
[7.809s] -- Symlinking: /home/imca06/ros_ws/install/hik_camera/lib/hik_camera/hik_camera_node
[7.819s] -- Symlinking: /home/imca06/ros_ws/install/hik_camera/share/hik_camera/environment/library_path.sh
[7.832s] -- Symlinking: /home/imca06/ros_ws/install/hik_camera/share/hik_camera/environment/library_path.dsv
[7.844s] -- Symlinking: /home/imca06/ros_ws/install/hik_camera/lib/libhik_camera.so
[7.858s] -- Symlinking: /home/imca06/ros_ws/install/hik_camera/share/hik_camera/config/camera_info.yaml
[7.870s] -- Symlinking: /home/imca06/ros_ws/install/hik_camera/share/hik_camera/config/camera_params.yaml
[7.883s] -- Symlinking: /home/imca06/ros_ws/install/hik_camera/share/hik_camera/launch/hik_camera.launch.py
[7.896s] -- Symlinking: /home/imca06/ros_ws/install/hik_camera/share/ament_index/resource_index/package_run_dependencies/hik_camera
[7.909s] -- Symlinking: /home/imca06/ros_ws/install/hik_camera/share/ament_index/resource_index/parent_prefix_path/hik_camera
[7.920s] -- Symlinking: /home/imca06/ros_ws/install/hik_camera/share/hik_camera/environment/ament_prefix_path.sh
[7.932s] -- Symlinking: /home/imca06/ros_ws/install/hik_camera/share/hik_camera/environment/ament_prefix_path.dsv
[7.944s] -- Symlinking: /home/imca06/ros_ws/install/hik_camera/share/hik_camera/environment/path.sh
[7.955s] -- Symlinking: /home/imca06/ros_ws/install/hik_camera/share/hik_camera/environment/path.dsv
[7.966s] -- Symlinking: /home/imca06/ros_ws/install/hik_camera/share/hik_camera/local_setup.bash
[7.977s] -- Symlinking: /home/imca06/ros_ws/install/hik_camera/share/hik_camera/local_setup.sh
[7.989s] -- Symlinking: /home/imca06/ros_ws/install/hik_camera/share/hik_camera/local_setup.zsh
[8.000s] -- Symlinking: /home/imca06/ros_ws/install/hik_camera/share/hik_camera/local_setup.dsv
[8.011s] -- Symlinking: /home/imca06/ros_ws/install/hik_camera/share/hik_camera/package.dsv
[8.022s] -- Symlinking: /home/imca06/ros_ws/install/hik_camera/share/ament_index/resource_index/packages/hik_camera
[8.034s] -- Symlinking: /home/imca06/ros_ws/install/hik_camera/share/ament_index/resource_index/rclcpp_components/hik_camera
[8.045s] -- Symlinking: /home/imca06/ros_ws/install/hik_camera/share/hik_camera/cmake/ament_cmake_export_dependencies-extras.cmake
[8.057s] -- Symlinking: /home/imca06/ros_ws/install/hik_camera/share/hik_camera/cmake/ament_cmake_export_libraries-extras.cmake
[8.069s] -- Symlinking: /home/imca06/ros_ws/install/hik_camera/share/hik_camera/cmake/hik_cameraConfig.cmake
[8.080s] -- Symlinking: /home/imca06/ros_ws/install/hik_camera/share/hik_camera/cmake/hik_cameraConfig-version.cmake
[8.091s] -- Symlinking: /home/imca06/ros_ws/install/hik_camera/share/hik_camera/package.xml
[8.106s] Invoked command in '/home/imca06/ros_ws/build/hik_camera' returned '0': CMAKE_PREFIX_PATH=/opt/ros/humble /usr/bin/cmake --install /home/imca06/ros_ws/build/hik_camera
