[0.017s] Invoking command in '/home/imca06/ros_ws/build/rm_auto_aim': AMENT_PREFIX_PATH=/home/imca06/ros_ws/install/armor_tracker:/home/imca06/ros_ws/install/armor_detector:/home/imca06/ros_ws/install/auto_aim_interfaces:${AMENT_PREFIX_PATH} CMAKE_PREFIX_PATH=/home/imca06/ros_ws/install/armor_tracker:/home/imca06/ros_ws/install/armor_detector:/home/imca06/ros_ws/install/auto_aim_interfaces:/opt/ros/humble LD_LIBRARY_PATH=/home/imca06/ros_ws/install/armor_tracker/lib:/home/imca06/ros_ws/install/armor_detector/lib:/home/imca06/ros_ws/install/auto_aim_interfaces/lib:/opt/MVS/lib/64:/opt/MVS/lib/32:/opt/intel/openvino_2023.0.0/runtime/lib/intel64:/usr/lib/x86_64-linux-gnu/gazebo-11/plugins:/opt/ros/humble/opt/rviz_ogre_vendor/lib:/opt/ros/humble/lib/x86_64-linux-gnu:/opt/ros/humble/lib:/opt/MVS/lib/64:/opt/MVS/lib/32:/opt/MVS/lib/64:/opt/MVS/lib/32 PYTHONPATH=/home/imca06/ros_ws/install/auto_aim_interfaces/local/lib/python3.10/dist-packages:${PYTHONPATH} /usr/bin/cmake /home/imca06/ros_ws/src/rm_auto_aim/rm_auto_aim -DCMAKE_BUILD_TYPE=Release -DAMENT_CMAKE_SYMLINK_INSTALL=1 -DCMAKE_INSTALL_PREFIX=/home/imca06/ros_ws/install/rm_auto_aim
[0.078s] -- The C compiler identification is GNU 11.4.0
[0.139s] -- The CXX compiler identification is GNU 11.4.0
[0.146s] -- Detecting C compiler ABI info
[0.229s] -- Detecting C compiler ABI info - done
[0.236s] -- Check for working C compiler: /usr/bin/cc - skipped
[0.236s] -- Detecting C compile features
[0.236s] -- Detecting C compile features - done
[0.239s] -- Detecting CXX compiler ABI info
[0.333s] -- Detecting CXX compiler ABI info - done
[0.340s] -- Check for working CXX compiler: /usr/bin/c++ - skipped
[0.340s] -- Detecting CXX compile features
[0.340s] -- Detecting CXX compile features - done
[0.343s] -- Found ament_cmake_auto: 1.3.8 (/opt/ros/humble/share/ament_cmake_auto/cmake)
[0.491s] -- Found Python3: /usr/bin/python3 (found version "3.10.12") found components: Interpreter 
[0.547s] -- Override CMake install command with custom implementation using symlinks instead of copying resources
[0.586s] -- Found ament_lint_auto: 0.12.10 (/opt/ros/humble/share/ament_lint_auto/cmake)
[0.667s] -- Added test 'lint_cmake' to check CMake code style
[0.667s] -- Added test 'xmllint' to check XML markup files
[0.669s] -- Configuring done
[0.672s] -- Generating done
[0.673s] -- Build files have been written to: /home/imca06/ros_ws/build/rm_auto_aim
[0.678s] Invoked command in '/home/imca06/ros_ws/build/rm_auto_aim' returned '0': AMENT_PREFIX_PATH=/home/imca06/ros_ws/install/armor_tracker:/home/imca06/ros_ws/install/armor_detector:/home/imca06/ros_ws/install/auto_aim_interfaces:${AMENT_PREFIX_PATH} CMAKE_PREFIX_PATH=/home/imca06/ros_ws/install/armor_tracker:/home/imca06/ros_ws/install/armor_detector:/home/imca06/ros_ws/install/auto_aim_interfaces:/opt/ros/humble LD_LIBRARY_PATH=/home/imca06/ros_ws/install/armor_tracker/lib:/home/imca06/ros_ws/install/armor_detector/lib:/home/imca06/ros_ws/install/auto_aim_interfaces/lib:/opt/MVS/lib/64:/opt/MVS/lib/32:/opt/intel/openvino_2023.0.0/runtime/lib/intel64:/usr/lib/x86_64-linux-gnu/gazebo-11/plugins:/opt/ros/humble/opt/rviz_ogre_vendor/lib:/opt/ros/humble/lib/x86_64-linux-gnu:/opt/ros/humble/lib:/opt/MVS/lib/64:/opt/MVS/lib/32:/opt/MVS/lib/64:/opt/MVS/lib/32 PYTHONPATH=/home/imca06/ros_ws/install/auto_aim_interfaces/local/lib/python3.10/dist-packages:${PYTHONPATH} /usr/bin/cmake /home/imca06/ros_ws/src/rm_auto_aim/rm_auto_aim -DCMAKE_BUILD_TYPE=Release -DAMENT_CMAKE_SYMLINK_INSTALL=1 -DCMAKE_INSTALL_PREFIX=/home/imca06/ros_ws/install/rm_auto_aim
[0.680s] Invoking command in '/home/imca06/ros_ws/build/rm_auto_aim': AMENT_PREFIX_PATH=/home/imca06/ros_ws/install/armor_tracker:/home/imca06/ros_ws/install/armor_detector:/home/imca06/ros_ws/install/auto_aim_interfaces:${AMENT_PREFIX_PATH} CMAKE_PREFIX_PATH=/home/imca06/ros_ws/install/armor_tracker:/home/imca06/ros_ws/install/armor_detector:/home/imca06/ros_ws/install/auto_aim_interfaces:/opt/ros/humble LD_LIBRARY_PATH=/home/imca06/ros_ws/install/armor_tracker/lib:/home/imca06/ros_ws/install/armor_detector/lib:/home/imca06/ros_ws/install/auto_aim_interfaces/lib:/opt/MVS/lib/64:/opt/MVS/lib/32:/opt/intel/openvino_2023.0.0/runtime/lib/intel64:/usr/lib/x86_64-linux-gnu/gazebo-11/plugins:/opt/ros/humble/opt/rviz_ogre_vendor/lib:/opt/ros/humble/lib/x86_64-linux-gnu:/opt/ros/humble/lib:/opt/MVS/lib/64:/opt/MVS/lib/32:/opt/MVS/lib/64:/opt/MVS/lib/32 PYTHONPATH=/home/imca06/ros_ws/install/auto_aim_interfaces/local/lib/python3.10/dist-packages:${PYTHONPATH} /usr/bin/cmake --build /home/imca06/ros_ws/build/rm_auto_aim -- -j12 -l12
[0.728s] Invoked command in '/home/imca06/ros_ws/build/rm_auto_aim' returned '0': AMENT_PREFIX_PATH=/home/imca06/ros_ws/install/armor_tracker:/home/imca06/ros_ws/install/armor_detector:/home/imca06/ros_ws/install/auto_aim_interfaces:${AMENT_PREFIX_PATH} CMAKE_PREFIX_PATH=/home/imca06/ros_ws/install/armor_tracker:/home/imca06/ros_ws/install/armor_detector:/home/imca06/ros_ws/install/auto_aim_interfaces:/opt/ros/humble LD_LIBRARY_PATH=/home/imca06/ros_ws/install/armor_tracker/lib:/home/imca06/ros_ws/install/armor_detector/lib:/home/imca06/ros_ws/install/auto_aim_interfaces/lib:/opt/MVS/lib/64:/opt/MVS/lib/32:/opt/intel/openvino_2023.0.0/runtime/lib/intel64:/usr/lib/x86_64-linux-gnu/gazebo-11/plugins:/opt/ros/humble/opt/rviz_ogre_vendor/lib:/opt/ros/humble/lib/x86_64-linux-gnu:/opt/ros/humble/lib:/opt/MVS/lib/64:/opt/MVS/lib/32:/opt/MVS/lib/64:/opt/MVS/lib/32 PYTHONPATH=/home/imca06/ros_ws/install/auto_aim_interfaces/local/lib/python3.10/dist-packages:${PYTHONPATH} /usr/bin/cmake --build /home/imca06/ros_ws/build/rm_auto_aim -- -j12 -l12
[0.761s] Invoking command in '/home/imca06/ros_ws/build/rm_auto_aim': AMENT_PREFIX_PATH=/home/imca06/ros_ws/install/armor_tracker:/home/imca06/ros_ws/install/armor_detector:/home/imca06/ros_ws/install/auto_aim_interfaces:${AMENT_PREFIX_PATH} CMAKE_PREFIX_PATH=/home/imca06/ros_ws/install/armor_tracker:/home/imca06/ros_ws/install/armor_detector:/home/imca06/ros_ws/install/auto_aim_interfaces:/opt/ros/humble LD_LIBRARY_PATH=/home/imca06/ros_ws/install/armor_tracker/lib:/home/imca06/ros_ws/install/armor_detector/lib:/home/imca06/ros_ws/install/auto_aim_interfaces/lib:/opt/MVS/lib/64:/opt/MVS/lib/32:/opt/intel/openvino_2023.0.0/runtime/lib/intel64:/usr/lib/x86_64-linux-gnu/gazebo-11/plugins:/opt/ros/humble/opt/rviz_ogre_vendor/lib:/opt/ros/humble/lib/x86_64-linux-gnu:/opt/ros/humble/lib:/opt/MVS/lib/64:/opt/MVS/lib/32:/opt/MVS/lib/64:/opt/MVS/lib/32 PYTHONPATH=/home/imca06/ros_ws/install/auto_aim_interfaces/local/lib/python3.10/dist-packages:${PYTHONPATH} /usr/bin/cmake --install /home/imca06/ros_ws/build/rm_auto_aim
[0.769s] -- Install configuration: "Release"
[0.769s] -- Execute custom install script
[0.769s] -- Symlinking: /home/imca06/ros_ws/install/rm_auto_aim/share/ament_index/resource_index/package_run_dependencies/rm_auto_aim
[0.781s] -- Symlinking: /home/imca06/ros_ws/install/rm_auto_aim/share/ament_index/resource_index/parent_prefix_path/rm_auto_aim
[0.792s] -- Symlinking: /home/imca06/ros_ws/install/rm_auto_aim/share/rm_auto_aim/environment/ament_prefix_path.sh
[0.802s] -- Symlinking: /home/imca06/ros_ws/install/rm_auto_aim/share/rm_auto_aim/environment/ament_prefix_path.dsv
[0.813s] -- Symlinking: /home/imca06/ros_ws/install/rm_auto_aim/share/rm_auto_aim/environment/path.sh
[0.824s] -- Symlinking: /home/imca06/ros_ws/install/rm_auto_aim/share/rm_auto_aim/environment/path.dsv
[0.836s] -- Symlinking: /home/imca06/ros_ws/install/rm_auto_aim/share/rm_auto_aim/local_setup.bash
[0.847s] -- Symlinking: /home/imca06/ros_ws/install/rm_auto_aim/share/rm_auto_aim/local_setup.sh
[0.858s] -- Symlinking: /home/imca06/ros_ws/install/rm_auto_aim/share/rm_auto_aim/local_setup.zsh
[0.870s] -- Symlinking: /home/imca06/ros_ws/install/rm_auto_aim/share/rm_auto_aim/local_setup.dsv
[0.881s] -- Symlinking: /home/imca06/ros_ws/install/rm_auto_aim/share/rm_auto_aim/package.dsv
[0.893s] -- Symlinking: /home/imca06/ros_ws/install/rm_auto_aim/share/ament_index/resource_index/packages/rm_auto_aim
[0.906s] -- Symlinking: /home/imca06/ros_ws/install/rm_auto_aim/share/rm_auto_aim/cmake/rm_auto_aimConfig.cmake
[0.917s] -- Symlinking: /home/imca06/ros_ws/install/rm_auto_aim/share/rm_auto_aim/cmake/rm_auto_aimConfig-version.cmake
[0.929s] -- Symlinking: /home/imca06/ros_ws/install/rm_auto_aim/share/rm_auto_aim/package.xml
[0.943s] Invoked command in '/home/imca06/ros_ws/build/rm_auto_aim' returned '0': AMENT_PREFIX_PATH=/home/imca06/ros_ws/install/armor_tracker:/home/imca06/ros_ws/install/armor_detector:/home/imca06/ros_ws/install/auto_aim_interfaces:${AMENT_PREFIX_PATH} CMAKE_PREFIX_PATH=/home/imca06/ros_ws/install/armor_tracker:/home/imca06/ros_ws/install/armor_detector:/home/imca06/ros_ws/install/auto_aim_interfaces:/opt/ros/humble LD_LIBRARY_PATH=/home/imca06/ros_ws/install/armor_tracker/lib:/home/imca06/ros_ws/install/armor_detector/lib:/home/imca06/ros_ws/install/auto_aim_interfaces/lib:/opt/MVS/lib/64:/opt/MVS/lib/32:/opt/intel/openvino_2023.0.0/runtime/lib/intel64:/usr/lib/x86_64-linux-gnu/gazebo-11/plugins:/opt/ros/humble/opt/rviz_ogre_vendor/lib:/opt/ros/humble/lib/x86_64-linux-gnu:/opt/ros/humble/lib:/opt/MVS/lib/64:/opt/MVS/lib/32:/opt/MVS/lib/64:/opt/MVS/lib/32 PYTHONPATH=/home/imca06/ros_ws/install/auto_aim_interfaces/local/lib/python3.10/dist-packages:${PYTHONPATH} /usr/bin/cmake --install /home/imca06/ros_ws/build/rm_auto_aim
