[0.017s] Invoking command in '/home/imca06/ros_ws/build/rm_gimbal_description': CMAKE_PREFIX_PATH=/opt/ros/humble /usr/bin/cmake /home/imca06/ros_ws/src/rm_gimbal_description -DCMAKE_BUILD_TYPE=Release -DAMENT_CMAKE_SYMLINK_INSTALL=1 -DCMAKE_INSTALL_PREFIX=/home/imca06/ros_ws/install/rm_gimbal_description
[0.078s] -- The C compiler identification is GNU 11.4.0
[0.139s] -- The CXX compiler identification is GNU 11.4.0
[0.146s] -- Detecting C compiler ABI info
[0.230s] -- Detecting C compiler ABI info - done
[0.240s] -- Check for working C compiler: /usr/bin/cc - skipped
[0.240s] -- Detecting C compile features
[0.241s] -- Detecting C compile features - done
[0.245s] -- Detecting CXX compiler ABI info
[0.337s] -- Detecting CXX compiler ABI info - done
[0.344s] -- Check for working CXX compiler: /usr/bin/c++ - skipped
[0.344s] -- Detecting CXX compile features
[0.345s] -- Detecting CXX compile features - done
[0.348s] -- Found ament_cmake: 1.3.8 (/opt/ros/humble/share/ament_cmake/cmake)
[0.501s] -- Found Python3: /usr/bin/python3 (found version "3.10.12") found components: Interpreter 
[0.565s] -- Override CMake install command with custom implementation using symlinks instead of copying resources
[0.596s] -- Found ament_lint_auto: 0.12.10 (/opt/ros/humble/share/ament_lint_auto/cmake)
[0.676s] -- Added test 'lint_cmake' to check CMake code style
[0.677s] -- Added test 'xmllint' to check XML markup files
[0.678s] -- Configuring done
[0.681s] -- Generating done
[0.682s] -- Build files have been written to: /home/imca06/ros_ws/build/rm_gimbal_description
[0.687s] Invoked command in '/home/imca06/ros_ws/build/rm_gimbal_description' returned '0': CMAKE_PREFIX_PATH=/opt/ros/humble /usr/bin/cmake /home/imca06/ros_ws/src/rm_gimbal_description -DCMAKE_BUILD_TYPE=Release -DAMENT_CMAKE_SYMLINK_INSTALL=1 -DCMAKE_INSTALL_PREFIX=/home/imca06/ros_ws/install/rm_gimbal_description
[0.689s] Invoking command in '/home/imca06/ros_ws/build/rm_gimbal_description': CMAKE_PREFIX_PATH=/opt/ros/humble /usr/bin/cmake --build /home/imca06/ros_ws/build/rm_gimbal_description -- -j12 -l12
[0.736s] Invoked command in '/home/imca06/ros_ws/build/rm_gimbal_description' returned '0': CMAKE_PREFIX_PATH=/opt/ros/humble /usr/bin/cmake --build /home/imca06/ros_ws/build/rm_gimbal_description -- -j12 -l12
[0.773s] Invoking command in '/home/imca06/ros_ws/build/rm_gimbal_description': CMAKE_PREFIX_PATH=/opt/ros/humble /usr/bin/cmake --install /home/imca06/ros_ws/build/rm_gimbal_description
[0.785s] -- Install configuration: "Release"
[0.786s] -- Execute custom install script
[0.786s] -- Symlinking: /home/imca06/ros_ws/install/rm_gimbal_description/share/rm_gimbal_description/urdf/rm_gimbal.urdf.xacro
[0.799s] -- Symlinking: /home/imca06/ros_ws/install/rm_gimbal_description/share/ament_index/resource_index/package_run_dependencies/rm_gimbal_description
[0.810s] -- Symlinking: /home/imca06/ros_ws/install/rm_gimbal_description/share/ament_index/resource_index/parent_prefix_path/rm_gimbal_description
[0.822s] -- Symlinking: /home/imca06/ros_ws/install/rm_gimbal_description/share/rm_gimbal_description/environment/ament_prefix_path.sh
[0.835s] -- Symlinking: /home/imca06/ros_ws/install/rm_gimbal_description/share/rm_gimbal_description/environment/ament_prefix_path.dsv
[0.846s] -- Symlinking: /home/imca06/ros_ws/install/rm_gimbal_description/share/rm_gimbal_description/environment/path.sh
[0.859s] -- Symlinking: /home/imca06/ros_ws/install/rm_gimbal_description/share/rm_gimbal_description/environment/path.dsv
[0.871s] -- Symlinking: /home/imca06/ros_ws/install/rm_gimbal_description/share/rm_gimbal_description/local_setup.bash
[0.883s] -- Symlinking: /home/imca06/ros_ws/install/rm_gimbal_description/share/rm_gimbal_description/local_setup.sh
[0.895s] -- Symlinking: /home/imca06/ros_ws/install/rm_gimbal_description/share/rm_gimbal_description/local_setup.zsh
[0.908s] -- Symlinking: /home/imca06/ros_ws/install/rm_gimbal_description/share/rm_gimbal_description/local_setup.dsv
[0.920s] -- Symlinking: /home/imca06/ros_ws/install/rm_gimbal_description/share/rm_gimbal_description/package.dsv
[0.931s] -- Symlinking: /home/imca06/ros_ws/install/rm_gimbal_description/share/ament_index/resource_index/packages/rm_gimbal_description
[0.942s] -- Symlinking: /home/imca06/ros_ws/install/rm_gimbal_description/share/rm_gimbal_description/cmake/rm_gimbal_descriptionConfig.cmake
[0.954s] -- Symlinking: /home/imca06/ros_ws/install/rm_gimbal_description/share/rm_gimbal_description/cmake/rm_gimbal_descriptionConfig-version.cmake
[0.965s] -- Symlinking: /home/imca06/ros_ws/install/rm_gimbal_description/share/rm_gimbal_description/package.xml
[0.980s] Invoked command in '/home/imca06/ros_ws/build/rm_gimbal_description' returned '0': CMAKE_PREFIX_PATH=/opt/ros/humble /usr/bin/cmake --install /home/imca06/ros_ws/build/rm_gimbal_description
