[0.011s] Invoking command in '/home/imca06/ros_ws/build/rm_serial_driver': AMENT_PREFIX_PATH=/home/imca06/ros_ws/install/auto_aim_interfaces:${AMENT_PREFIX_PATH} CMAKE_PREFIX_PATH=/home/imca06/ros_ws/install/auto_aim_interfaces:/opt/ros/humble LD_LIBRARY_PATH=/home/imca06/ros_ws/install/auto_aim_interfaces/lib:/opt/MVS/lib/64:/opt/MVS/lib/32:/opt/intel/openvino_2023.0.0/runtime/lib/intel64:/usr/lib/x86_64-linux-gnu/gazebo-11/plugins:/opt/ros/humble/opt/rviz_ogre_vendor/lib:/opt/ros/humble/lib/x86_64-linux-gnu:/opt/ros/humble/lib:/opt/MVS/lib/64:/opt/MVS/lib/32:/opt/MVS/lib/64:/opt/MVS/lib/32 PYTHONPATH=/home/imca06/ros_ws/install/auto_aim_interfaces/local/lib/python3.10/dist-packages:${PYTHONPATH} /usr/bin/cmake /home/imca06/ros_ws/src/rm_serial_driver -DCMAKE_BUILD_TYPE=Release -DAMENT_CMAKE_SYMLINK_INSTALL=1 -DCMAKE_INSTALL_PREFIX=/home/imca06/ros_ws/install/rm_serial_driver
[0.068s] -- The C compiler identification is GNU 11.4.0
[0.125s] -- The CXX compiler identification is GNU 11.4.0
[0.132s] -- Detecting C compiler ABI info
[0.210s] -- Detecting C compiler ABI info - done
[0.217s] -- Check for working C compiler: /usr/bin/cc - skipped
[0.217s] -- Detecting C compile features
[0.218s] -- Detecting C compile features - done
[0.220s] -- Detecting CXX compiler ABI info
[0.310s] -- Detecting CXX compiler ABI info - done
[0.317s] -- Check for working CXX compiler: /usr/bin/c++ - skipped
[0.317s] -- Detecting CXX compile features
[0.318s] -- Detecting CXX compile features - done
[0.320s] -- Found ament_cmake_auto: 1.3.8 (/opt/ros/humble/share/ament_cmake_auto/cmake)
[0.469s] -- Found Python3: /usr/bin/python3 (found version "3.10.12") found components: Interpreter 
[0.530s] -- Override CMake install command with custom implementation using symlinks instead of copying resources
[0.668s] -- Found rosidl_generator_c: 3.1.5 (/opt/ros/humble/share/rosidl_generator_c/cmake)
[0.674s] -- Found rosidl_adapter: 3.1.5 (/opt/ros/humble/share/rosidl_adapter/cmake)
[0.683s] -- Found rosidl_generator_cpp: 3.1.5 (/opt/ros/humble/share/rosidl_generator_cpp/cmake)
[0.697s] -- Using all available rosidl_typesupport_c: rosidl_typesupport_fastrtps_c;rosidl_typesupport_introspection_c
[0.716s] -- Using all available rosidl_typesupport_cpp: rosidl_typesupport_fastrtps_cpp;rosidl_typesupport_introspection_cpp
[0.786s] -- Found rmw_implementation_cmake: 6.1.1 (/opt/ros/humble/share/rmw_implementation_cmake/cmake)
[0.789s] -- Found rmw_fastrtps_cpp: 6.2.6 (/opt/ros/humble/share/rmw_fastrtps_cpp/cmake)
[0.915s] -- Found OpenSSL: /usr/lib/x86_64-linux-gnu/libcrypto.so (found version "3.0.2")  
[0.948s] -- Found FastRTPS: /opt/ros/humble/include  
[1.007s] -- Using RMW implementation 'rmw_fastrtps_cpp' as default
[1.018s] -- Looking for pthread.h
[1.101s] -- Looking for pthread.h - found
[1.101s] -- Performing Test CMAKE_HAVE_LIBC_PTHREAD
[1.187s] -- Performing Test CMAKE_HAVE_LIBC_PTHREAD - Success
[1.188s] -- Found Threads: TRUE  
[1.847s] -- Found eigen3_cmake_module: 0.1.1 (/opt/ros/humble/share/eigen3_cmake_module/cmake)
[1.849s] -- Found Eigen3: TRUE (found version "3.4.0") 
[1.849s] -- Ensuring Eigen3 include directory is part of orocos-kdl CMake target
[2.186s] -- Found ament_lint_auto: 0.12.10 (/opt/ros/humble/share/ament_lint_auto/cmake)
[2.236s] -- Added test 'cppcheck' to perform static code analysis on C / C++ code
[2.237s] -- Configured cppcheck include dirs: /home/imca06/ros_ws/src/rm_serial_driver/include
[2.237s] -- Configured cppcheck exclude dirs and/or files: 
[2.239s] -- Added test 'cpplint' to check C / C++ code against the Google style
[2.240s] -- Configured cpplint exclude dirs and/or files: 
[2.241s] -- Added test 'flake8' to check Python code syntax and style conventions
[2.243s] -- Added test 'lint_cmake' to check CMake code style
[2.244s] -- Added test 'pep257' to check Python code against some of the docstring style conventions in PEP 257
[2.246s] -- Added test 'xmllint' to check XML markup files
[2.251s] -- Configuring done
[2.297s] -- Generating done
[2.301s] -- Build files have been written to: /home/imca06/ros_ws/build/rm_serial_driver
[2.321s] Invoked command in '/home/imca06/ros_ws/build/rm_serial_driver' returned '0': AMENT_PREFIX_PATH=/home/imca06/ros_ws/install/auto_aim_interfaces:${AMENT_PREFIX_PATH} CMAKE_PREFIX_PATH=/home/imca06/ros_ws/install/auto_aim_interfaces:/opt/ros/humble LD_LIBRARY_PATH=/home/imca06/ros_ws/install/auto_aim_interfaces/lib:/opt/MVS/lib/64:/opt/MVS/lib/32:/opt/intel/openvino_2023.0.0/runtime/lib/intel64:/usr/lib/x86_64-linux-gnu/gazebo-11/plugins:/opt/ros/humble/opt/rviz_ogre_vendor/lib:/opt/ros/humble/lib/x86_64-linux-gnu:/opt/ros/humble/lib:/opt/MVS/lib/64:/opt/MVS/lib/32:/opt/MVS/lib/64:/opt/MVS/lib/32 PYTHONPATH=/home/imca06/ros_ws/install/auto_aim_interfaces/local/lib/python3.10/dist-packages:${PYTHONPATH} /usr/bin/cmake /home/imca06/ros_ws/src/rm_serial_driver -DCMAKE_BUILD_TYPE=Release -DAMENT_CMAKE_SYMLINK_INSTALL=1 -DCMAKE_INSTALL_PREFIX=/home/imca06/ros_ws/install/rm_serial_driver
[2.321s] Invoking command in '/home/imca06/ros_ws/build/rm_serial_driver': AMENT_PREFIX_PATH=/home/imca06/ros_ws/install/auto_aim_interfaces:${AMENT_PREFIX_PATH} CMAKE_PREFIX_PATH=/home/imca06/ros_ws/install/auto_aim_interfaces:/opt/ros/humble LD_LIBRARY_PATH=/home/imca06/ros_ws/install/auto_aim_interfaces/lib:/opt/MVS/lib/64:/opt/MVS/lib/32:/opt/intel/openvino_2023.0.0/runtime/lib/intel64:/usr/lib/x86_64-linux-gnu/gazebo-11/plugins:/opt/ros/humble/opt/rviz_ogre_vendor/lib:/opt/ros/humble/lib/x86_64-linux-gnu:/opt/ros/humble/lib:/opt/MVS/lib/64:/opt/MVS/lib/32:/opt/MVS/lib/64:/opt/MVS/lib/32 PYTHONPATH=/home/imca06/ros_ws/install/auto_aim_interfaces/local/lib/python3.10/dist-packages:${PYTHONPATH} /usr/bin/cmake --build /home/imca06/ros_ws/build/rm_serial_driver -- -j12 -l12
[2.428s] [ 20%] [32mBuilding CXX object CMakeFiles/rm_serial_driver.dir/src/rm_serial_driver.cpp.o[0m
[2.441s] [ 40%] [32mBuilding CXX object CMakeFiles/rm_serial_driver_node.dir/rclcpp_components/node_main_rm_serial_driver_node.cpp.o[0m
[2.467s] [ 60%] [32mBuilding CXX object CMakeFiles/rm_serial_driver.dir/src/crc.cpp.o[0m
[8.103s] [ 80%] [32m[1mLinking CXX executable rm_serial_driver_node[0m
[8.341s] [ 80%] Built target rm_serial_driver_node
[18.540s] [100%] [32m[1mLinking CXX shared library librm_serial_driver.so[0m
[18.795s] [100%] Built target rm_serial_driver
[18.810s] Invoked command in '/home/imca06/ros_ws/build/rm_serial_driver' returned '0': AMENT_PREFIX_PATH=/home/imca06/ros_ws/install/auto_aim_interfaces:${AMENT_PREFIX_PATH} CMAKE_PREFIX_PATH=/home/imca06/ros_ws/install/auto_aim_interfaces:/opt/ros/humble LD_LIBRARY_PATH=/home/imca06/ros_ws/install/auto_aim_interfaces/lib:/opt/MVS/lib/64:/opt/MVS/lib/32:/opt/intel/openvino_2023.0.0/runtime/lib/intel64:/usr/lib/x86_64-linux-gnu/gazebo-11/plugins:/opt/ros/humble/opt/rviz_ogre_vendor/lib:/opt/ros/humble/lib/x86_64-linux-gnu:/opt/ros/humble/lib:/opt/MVS/lib/64:/opt/MVS/lib/32:/opt/MVS/lib/64:/opt/MVS/lib/32 PYTHONPATH=/home/imca06/ros_ws/install/auto_aim_interfaces/local/lib/python3.10/dist-packages:${PYTHONPATH} /usr/bin/cmake --build /home/imca06/ros_ws/build/rm_serial_driver -- -j12 -l12
[18.858s] Invoking command in '/home/imca06/ros_ws/build/rm_serial_driver': AMENT_PREFIX_PATH=/home/imca06/ros_ws/install/auto_aim_interfaces:${AMENT_PREFIX_PATH} CMAKE_PREFIX_PATH=/home/imca06/ros_ws/install/auto_aim_interfaces:/opt/ros/humble LD_LIBRARY_PATH=/home/imca06/ros_ws/install/auto_aim_interfaces/lib:/opt/MVS/lib/64:/opt/MVS/lib/32:/opt/intel/openvino_2023.0.0/runtime/lib/intel64:/usr/lib/x86_64-linux-gnu/gazebo-11/plugins:/opt/ros/humble/opt/rviz_ogre_vendor/lib:/opt/ros/humble/lib/x86_64-linux-gnu:/opt/ros/humble/lib:/opt/MVS/lib/64:/opt/MVS/lib/32:/opt/MVS/lib/64:/opt/MVS/lib/32 PYTHONPATH=/home/imca06/ros_ws/install/auto_aim_interfaces/local/lib/python3.10/dist-packages:${PYTHONPATH} /usr/bin/cmake --install /home/imca06/ros_ws/build/rm_serial_driver
[18.866s] -- Install configuration: "Release"
[18.867s] -- Execute custom install script
[18.867s] -- Symlinking: /home/imca06/ros_ws/install/rm_serial_driver/lib/rm_serial_driver/rm_serial_driver_node
[18.879s] -- Symlinking: /home/imca06/ros_ws/install/rm_serial_driver/include/rm_serial_driver/crc.hpp
[18.891s] -- Symlinking: /home/imca06/ros_ws/install/rm_serial_driver/include/rm_serial_driver/packet.hpp
[18.903s] -- Symlinking: /home/imca06/ros_ws/install/rm_serial_driver/include/rm_serial_driver/rm_serial_driver.hpp
[18.914s] -- Symlinking: /home/imca06/ros_ws/install/rm_serial_driver/share/rm_serial_driver/environment/library_path.sh
[18.925s] -- Symlinking: /home/imca06/ros_ws/install/rm_serial_driver/share/rm_serial_driver/environment/library_path.dsv
[18.937s] -- Symlinking: /home/imca06/ros_ws/install/rm_serial_driver/lib/librm_serial_driver.so
[18.948s] -- Symlinking: /home/imca06/ros_ws/install/rm_serial_driver/share/rm_serial_driver/config/serial_driver.yaml
[18.961s] -- Symlinking: /home/imca06/ros_ws/install/rm_serial_driver/share/rm_serial_driver/launch/serial_driver.launch.py
[18.973s] -- Symlinking: /home/imca06/ros_ws/install/rm_serial_driver/share/ament_index/resource_index/package_run_dependencies/rm_serial_driver
[18.985s] -- Symlinking: /home/imca06/ros_ws/install/rm_serial_driver/share/ament_index/resource_index/parent_prefix_path/rm_serial_driver
[18.997s] -- Symlinking: /home/imca06/ros_ws/install/rm_serial_driver/share/rm_serial_driver/environment/ament_prefix_path.sh
[19.009s] -- Symlinking: /home/imca06/ros_ws/install/rm_serial_driver/share/rm_serial_driver/environment/ament_prefix_path.dsv
[19.020s] -- Symlinking: /home/imca06/ros_ws/install/rm_serial_driver/share/rm_serial_driver/environment/path.sh
[19.035s] -- Symlinking: /home/imca06/ros_ws/install/rm_serial_driver/share/rm_serial_driver/environment/path.dsv
[19.046s] -- Symlinking: /home/imca06/ros_ws/install/rm_serial_driver/share/rm_serial_driver/local_setup.bash
[19.058s] -- Symlinking: /home/imca06/ros_ws/install/rm_serial_driver/share/rm_serial_driver/local_setup.sh
[19.070s] -- Symlinking: /home/imca06/ros_ws/install/rm_serial_driver/share/rm_serial_driver/local_setup.zsh
[19.081s] -- Symlinking: /home/imca06/ros_ws/install/rm_serial_driver/share/rm_serial_driver/local_setup.dsv
[19.093s] -- Symlinking: /home/imca06/ros_ws/install/rm_serial_driver/share/rm_serial_driver/package.dsv
[19.104s] -- Symlinking: /home/imca06/ros_ws/install/rm_serial_driver/share/ament_index/resource_index/packages/rm_serial_driver
[19.116s] -- Symlinking: /home/imca06/ros_ws/install/rm_serial_driver/share/ament_index/resource_index/rclcpp_components/rm_serial_driver
[19.128s] -- Symlinking: /home/imca06/ros_ws/install/rm_serial_driver/share/rm_serial_driver/cmake/ament_cmake_export_dependencies-extras.cmake
[19.139s] -- Symlinking: /home/imca06/ros_ws/install/rm_serial_driver/share/rm_serial_driver/cmake/ament_cmake_export_include_directories-extras.cmake
[19.151s] -- Symlinking: /home/imca06/ros_ws/install/rm_serial_driver/share/rm_serial_driver/cmake/ament_cmake_export_libraries-extras.cmake
[19.163s] -- Symlinking: /home/imca06/ros_ws/install/rm_serial_driver/share/rm_serial_driver/cmake/rm_serial_driverConfig.cmake
[19.174s] -- Symlinking: /home/imca06/ros_ws/install/rm_serial_driver/share/rm_serial_driver/cmake/rm_serial_driverConfig-version.cmake
[19.186s] -- Symlinking: /home/imca06/ros_ws/install/rm_serial_driver/share/rm_serial_driver/package.xml
[19.201s] Invoked command in '/home/imca06/ros_ws/build/rm_serial_driver' returned '0': AMENT_PREFIX_PATH=/home/imca06/ros_ws/install/auto_aim_interfaces:${AMENT_PREFIX_PATH} CMAKE_PREFIX_PATH=/home/imca06/ros_ws/install/auto_aim_interfaces:/opt/ros/humble LD_LIBRARY_PATH=/home/imca06/ros_ws/install/auto_aim_interfaces/lib:/opt/MVS/lib/64:/opt/MVS/lib/32:/opt/intel/openvino_2023.0.0/runtime/lib/intel64:/usr/lib/x86_64-linux-gnu/gazebo-11/plugins:/opt/ros/humble/opt/rviz_ogre_vendor/lib:/opt/ros/humble/lib/x86_64-linux-gnu:/opt/ros/humble/lib:/opt/MVS/lib/64:/opt/MVS/lib/32:/opt/MVS/lib/64:/opt/MVS/lib/32 PYTHONPATH=/home/imca06/ros_ws/install/auto_aim_interfaces/local/lib/python3.10/dist-packages:${PYTHONPATH} /usr/bin/cmake --install /home/imca06/ros_ws/build/rm_serial_driver
