[0.014s] Invoking command in '/home/imca06/ros_ws/build/armor_detector': AMENT_PREFIX_PATH=/home/imca06/ros_ws/install/auto_aim_interfaces:${AMENT_PREFIX_PATH} CMAKE_PREFIX_PATH=/home/imca06/ros_ws/install/auto_aim_interfaces:/opt/ros/humble LD_LIBRARY_PATH=/home/imca06/ros_ws/install/auto_aim_interfaces/lib:/opt/MVS/lib/64:/opt/MVS/lib/32:/opt/intel/openvino_2023.0.0/runtime/lib/intel64:/usr/lib/x86_64-linux-gnu/gazebo-11/plugins:/opt/ros/humble/opt/rviz_ogre_vendor/lib:/opt/ros/humble/lib/x86_64-linux-gnu:/opt/ros/humble/lib:/opt/MVS/lib/64:/opt/MVS/lib/32:/opt/MVS/lib/64:/opt/MVS/lib/32 PYTHONPATH=/home/imca06/ros_ws/install/auto_aim_interfaces/local/lib/python3.10/dist-packages:${PYTHONPATH} /usr/bin/cmake /home/imca06/ros_ws/src/rm_auto_aim/armor_detector -DCMAKE_BUILD_TYPE=Release -DAMENT_CMAKE_SYMLINK_INSTALL=1 -DCMAKE_INSTALL_PREFIX=/home/imca06/ros_ws/install/armor_detector
[0.074s] -- The C compiler identification is GNU 11.4.0
[0.134s] -- The CXX compiler identification is GNU 11.4.0
[0.142s] -- Detecting C compiler ABI info
[0.220s] -- Detecting C compiler ABI info - done
[0.227s] -- Check for working C compiler: /usr/bin/cc - skipped
[0.228s] -- Detecting C compile features
[0.228s] -- Detecting C compile features - done
[0.230s] -- Detecting CXX compiler ABI info
[0.317s] -- Detecting CXX compiler ABI info - done
[0.325s] -- Check for working CXX compiler: /usr/bin/c++ - skipped
[0.325s] -- Detecting CXX compile features
[0.325s] -- Detecting CXX compile features - done
[0.328s] -- Found ament_cmake_auto: 1.3.8 (/opt/ros/humble/share/ament_cmake_auto/cmake)
[0.483s] -- Found Python3: /usr/bin/python3 (found version "3.10.12") found components: Interpreter 
[0.539s] -- Override CMake install command with custom implementation using symlinks instead of copying resources
[0.580s] -- Found OpenCV: /usr (found version "4.5.4") 
[0.687s] -- Found rosidl_generator_c: 3.1.5 (/opt/ros/humble/share/rosidl_generator_c/cmake)
[0.693s] -- Found rosidl_adapter: 3.1.5 (/opt/ros/humble/share/rosidl_adapter/cmake)
[0.702s] -- Found rosidl_generator_cpp: 3.1.5 (/opt/ros/humble/share/rosidl_generator_cpp/cmake)
[0.715s] -- Using all available rosidl_typesupport_c: rosidl_typesupport_fastrtps_c;rosidl_typesupport_introspection_c
[0.735s] -- Using all available rosidl_typesupport_cpp: rosidl_typesupport_fastrtps_cpp;rosidl_typesupport_introspection_cpp
[0.804s] -- Found rmw_implementation_cmake: 6.1.1 (/opt/ros/humble/share/rmw_implementation_cmake/cmake)
[0.806s] -- Found rmw_fastrtps_cpp: 6.2.6 (/opt/ros/humble/share/rmw_fastrtps_cpp/cmake)
[0.936s] -- Found OpenSSL: /usr/lib/x86_64-linux-gnu/libcrypto.so (found version "3.0.2")  
[0.969s] -- Found FastRTPS: /opt/ros/humble/include  
[1.025s] -- Using RMW implementation 'rmw_fastrtps_cpp' as default
[1.036s] -- Looking for pthread.h
[1.118s] -- Looking for pthread.h - found
[1.118s] -- Performing Test CMAKE_HAVE_LIBC_PTHREAD
[1.205s] -- Performing Test CMAKE_HAVE_LIBC_PTHREAD - Success
[1.206s] -- Found Threads: TRUE  
[1.780s] -- Found eigen3_cmake_module: 0.1.1 (/opt/ros/humble/share/eigen3_cmake_module/cmake)
[1.781s] -- Found Eigen3: TRUE (found version "3.4.0") 
[1.781s] -- Ensuring Eigen3 include directory is part of orocos-kdl CMake target
[2.053s] -- Found ament_lint_auto: 0.12.10 (/opt/ros/humble/share/ament_lint_auto/cmake)
[2.087s] -- Found ament_cmake_gtest: 1.3.8 (/opt/ros/humble/share/ament_cmake_gtest/cmake)
[2.090s] -- Found gtest sources under '/opt/ros/humble/src/gtest_vendor': C++ tests using 'Google Test' will be built
[2.103s] -- Added test 'cppcheck' to perform static code analysis on C / C++ code
[2.103s] -- Configured cppcheck include dirs: /home/imca06/ros_ws/src/rm_auto_aim/armor_detector/include
[2.103s] -- Configured cppcheck exclude dirs and/or files: 
[2.104s] -- Added test 'lint_cmake' to check CMake code style
[2.105s] -- Added test 'xmllint' to check XML markup files
[2.109s] -- Configuring done
[2.153s] -- Generating done
[2.156s] -- Build files have been written to: /home/imca06/ros_ws/build/armor_detector
[2.172s] Invoked command in '/home/imca06/ros_ws/build/armor_detector' returned '0': AMENT_PREFIX_PATH=/home/imca06/ros_ws/install/auto_aim_interfaces:${AMENT_PREFIX_PATH} CMAKE_PREFIX_PATH=/home/imca06/ros_ws/install/auto_aim_interfaces:/opt/ros/humble LD_LIBRARY_PATH=/home/imca06/ros_ws/install/auto_aim_interfaces/lib:/opt/MVS/lib/64:/opt/MVS/lib/32:/opt/intel/openvino_2023.0.0/runtime/lib/intel64:/usr/lib/x86_64-linux-gnu/gazebo-11/plugins:/opt/ros/humble/opt/rviz_ogre_vendor/lib:/opt/ros/humble/lib/x86_64-linux-gnu:/opt/ros/humble/lib:/opt/MVS/lib/64:/opt/MVS/lib/32:/opt/MVS/lib/64:/opt/MVS/lib/32 PYTHONPATH=/home/imca06/ros_ws/install/auto_aim_interfaces/local/lib/python3.10/dist-packages:${PYTHONPATH} /usr/bin/cmake /home/imca06/ros_ws/src/rm_auto_aim/armor_detector -DCMAKE_BUILD_TYPE=Release -DAMENT_CMAKE_SYMLINK_INSTALL=1 -DCMAKE_INSTALL_PREFIX=/home/imca06/ros_ws/install/armor_detector
[2.174s] Invoking command in '/home/imca06/ros_ws/build/armor_detector': AMENT_PREFIX_PATH=/home/imca06/ros_ws/install/auto_aim_interfaces:${AMENT_PREFIX_PATH} CMAKE_PREFIX_PATH=/home/imca06/ros_ws/install/auto_aim_interfaces:/opt/ros/humble LD_LIBRARY_PATH=/home/imca06/ros_ws/install/auto_aim_interfaces/lib:/opt/MVS/lib/64:/opt/MVS/lib/32:/opt/intel/openvino_2023.0.0/runtime/lib/intel64:/usr/lib/x86_64-linux-gnu/gazebo-11/plugins:/opt/ros/humble/opt/rviz_ogre_vendor/lib:/opt/ros/humble/lib/x86_64-linux-gnu:/opt/ros/humble/lib:/opt/MVS/lib/64:/opt/MVS/lib/32:/opt/MVS/lib/64:/opt/MVS/lib/32 PYTHONPATH=/home/imca06/ros_ws/install/auto_aim_interfaces/local/lib/python3.10/dist-packages:${PYTHONPATH} /usr/bin/cmake --build /home/imca06/ros_ws/build/armor_detector -- -j12 -l12
[2.239s] [  6%] [32mBuilding CXX object CMakeFiles/armor_detector_node.dir/rclcpp_components/node_main_armor_detector_node.cpp.o[0m
[2.240s] [ 13%] [32mBuilding CXX object CMakeFiles/armor_detector.dir/src/detector_node.cpp.o[0m
[2.240s] [ 33%] [32mBuilding CXX object gtest/CMakeFiles/gtest_main.dir/src/gtest_main.cc.o[0m
[2.240s] [ 33%] [32mBuilding CXX object gtest/CMakeFiles/gtest.dir/src/gtest-all.cc.o[0m
[2.241s] [ 33%] [32mBuilding CXX object CMakeFiles/armor_detector.dir/src/pnp_solver.cpp.o[0m
[2.241s] [ 40%] [32mBuilding CXX object CMakeFiles/armor_detector.dir/src/detector.cpp.o[0m
[2.242s] [ 46%] [32mBuilding CXX object CMakeFiles/armor_detector.dir/src/number_classifier.cpp.o[0m
[3.323s] [ 53%] [32m[1mLinking CXX static library libgtest_main.a[0m
[3.531s] [ 53%] Built target gtest_main
[7.815s] [ 60%] [32m[1mLinking CXX executable armor_detector_node[0m
[7.989s] [ 60%] Built target armor_detector_node
[11.336s] [ 66%] [32m[1mLinking CXX static library libgtest.a[0m
[11.389s] [ 66%] Built target gtest
[26.220s] [ 73%] [32m[1mLinking CXX shared library libarmor_detector.so[0m
[26.508s] [ 73%] Built target armor_detector
[26.534s] [ 80%] [32mBuilding CXX object CMakeFiles/test_number_cls.dir/test/test_number_cls.cpp.o[0m
[26.536s] [ 86%] [32mBuilding CXX object CMakeFiles/test_node_startup.dir/test/test_node_startup.cpp.o[0m
[28.595s] [ 93%] [32m[1mLinking CXX executable test_number_cls[0m
[29.026s] [ 93%] Built target test_number_cls
[31.527s] [100%] [32m[1mLinking CXX executable test_node_startup[0m
[31.968s] [100%] Built target test_node_startup
[31.984s] Invoked command in '/home/imca06/ros_ws/build/armor_detector' returned '0': AMENT_PREFIX_PATH=/home/imca06/ros_ws/install/auto_aim_interfaces:${AMENT_PREFIX_PATH} CMAKE_PREFIX_PATH=/home/imca06/ros_ws/install/auto_aim_interfaces:/opt/ros/humble LD_LIBRARY_PATH=/home/imca06/ros_ws/install/auto_aim_interfaces/lib:/opt/MVS/lib/64:/opt/MVS/lib/32:/opt/intel/openvino_2023.0.0/runtime/lib/intel64:/usr/lib/x86_64-linux-gnu/gazebo-11/plugins:/opt/ros/humble/opt/rviz_ogre_vendor/lib:/opt/ros/humble/lib/x86_64-linux-gnu:/opt/ros/humble/lib:/opt/MVS/lib/64:/opt/MVS/lib/32:/opt/MVS/lib/64:/opt/MVS/lib/32 PYTHONPATH=/home/imca06/ros_ws/install/auto_aim_interfaces/local/lib/python3.10/dist-packages:${PYTHONPATH} /usr/bin/cmake --build /home/imca06/ros_ws/build/armor_detector -- -j12 -l12
[32.046s] Invoking command in '/home/imca06/ros_ws/build/armor_detector': AMENT_PREFIX_PATH=/home/imca06/ros_ws/install/auto_aim_interfaces:${AMENT_PREFIX_PATH} CMAKE_PREFIX_PATH=/home/imca06/ros_ws/install/auto_aim_interfaces:/opt/ros/humble LD_LIBRARY_PATH=/home/imca06/ros_ws/install/auto_aim_interfaces/lib:/opt/MVS/lib/64:/opt/MVS/lib/32:/opt/intel/openvino_2023.0.0/runtime/lib/intel64:/usr/lib/x86_64-linux-gnu/gazebo-11/plugins:/opt/ros/humble/opt/rviz_ogre_vendor/lib:/opt/ros/humble/lib/x86_64-linux-gnu:/opt/ros/humble/lib:/opt/MVS/lib/64:/opt/MVS/lib/32:/opt/MVS/lib/64:/opt/MVS/lib/32 PYTHONPATH=/home/imca06/ros_ws/install/auto_aim_interfaces/local/lib/python3.10/dist-packages:${PYTHONPATH} /usr/bin/cmake --install /home/imca06/ros_ws/build/armor_detector
[32.055s] -- Install configuration: "Release"
[32.055s] -- Execute custom install script
[32.056s] -- Symlinking: /home/imca06/ros_ws/install/armor_detector/lib/armor_detector/armor_detector_node
[32.067s] -- Symlinking: /home/imca06/ros_ws/install/armor_detector/include/armor_detector/armor.hpp
[32.078s] -- Symlinking: /home/imca06/ros_ws/install/armor_detector/include/armor_detector/detector.hpp
[32.088s] -- Symlinking: /home/imca06/ros_ws/install/armor_detector/include/armor_detector/detector_node.hpp
[32.099s] -- Symlinking: /home/imca06/ros_ws/install/armor_detector/include/armor_detector/number_classifier.hpp
[32.111s] -- Symlinking: /home/imca06/ros_ws/install/armor_detector/include/armor_detector/pnp_solver.hpp
[32.123s] -- Symlinking: /home/imca06/ros_ws/install/armor_detector/share/armor_detector/environment/library_path.sh
[32.134s] -- Symlinking: /home/imca06/ros_ws/install/armor_detector/share/armor_detector/environment/library_path.dsv
[32.146s] -- Symlinking: /home/imca06/ros_ws/install/armor_detector/lib/libarmor_detector.so
[32.158s] -- Symlinking: /home/imca06/ros_ws/install/armor_detector/share/armor_detector/model/label.txt
[32.169s] -- Symlinking: /home/imca06/ros_ws/install/armor_detector/share/armor_detector/model/mlp.onnx
[32.181s] -- Symlinking: /home/imca06/ros_ws/install/armor_detector/share/ament_index/resource_index/package_run_dependencies/armor_detector
[32.192s] -- Symlinking: /home/imca06/ros_ws/install/armor_detector/share/ament_index/resource_index/parent_prefix_path/armor_detector
[32.203s] -- Symlinking: /home/imca06/ros_ws/install/armor_detector/share/armor_detector/environment/ament_prefix_path.sh
[32.215s] -- Symlinking: /home/imca06/ros_ws/install/armor_detector/share/armor_detector/environment/ament_prefix_path.dsv
[32.226s] -- Symlinking: /home/imca06/ros_ws/install/armor_detector/share/armor_detector/environment/path.sh
[32.238s] -- Symlinking: /home/imca06/ros_ws/install/armor_detector/share/armor_detector/environment/path.dsv
[32.249s] -- Symlinking: /home/imca06/ros_ws/install/armor_detector/share/armor_detector/local_setup.bash
[32.261s] -- Symlinking: /home/imca06/ros_ws/install/armor_detector/share/armor_detector/local_setup.sh
[32.271s] -- Symlinking: /home/imca06/ros_ws/install/armor_detector/share/armor_detector/local_setup.zsh
[32.282s] -- Symlinking: /home/imca06/ros_ws/install/armor_detector/share/armor_detector/local_setup.dsv
[32.294s] -- Symlinking: /home/imca06/ros_ws/install/armor_detector/share/armor_detector/package.dsv
[32.305s] -- Symlinking: /home/imca06/ros_ws/install/armor_detector/share/ament_index/resource_index/packages/armor_detector
[32.316s] -- Symlinking: /home/imca06/ros_ws/install/armor_detector/share/ament_index/resource_index/rclcpp_components/armor_detector
[32.327s] -- Symlinking: /home/imca06/ros_ws/install/armor_detector/share/armor_detector/cmake/ament_cmake_export_dependencies-extras.cmake
[32.338s] -- Symlinking: /home/imca06/ros_ws/install/armor_detector/share/armor_detector/cmake/ament_cmake_export_include_directories-extras.cmake
[32.349s] -- Symlinking: /home/imca06/ros_ws/install/armor_detector/share/armor_detector/cmake/ament_cmake_export_libraries-extras.cmake
[32.360s] -- Symlinking: /home/imca06/ros_ws/install/armor_detector/share/armor_detector/cmake/armor_detectorConfig.cmake
[32.371s] -- Symlinking: /home/imca06/ros_ws/install/armor_detector/share/armor_detector/cmake/armor_detectorConfig-version.cmake
[32.383s] -- Symlinking: /home/imca06/ros_ws/install/armor_detector/share/armor_detector/package.xml
[32.396s] Invoked command in '/home/imca06/ros_ws/build/armor_detector' returned '0': AMENT_PREFIX_PATH=/home/imca06/ros_ws/install/auto_aim_interfaces:${AMENT_PREFIX_PATH} CMAKE_PREFIX_PATH=/home/imca06/ros_ws/install/auto_aim_interfaces:/opt/ros/humble LD_LIBRARY_PATH=/home/imca06/ros_ws/install/auto_aim_interfaces/lib:/opt/MVS/lib/64:/opt/MVS/lib/32:/opt/intel/openvino_2023.0.0/runtime/lib/intel64:/usr/lib/x86_64-linux-gnu/gazebo-11/plugins:/opt/ros/humble/opt/rviz_ogre_vendor/lib:/opt/ros/humble/lib/x86_64-linux-gnu:/opt/ros/humble/lib:/opt/MVS/lib/64:/opt/MVS/lib/32:/opt/MVS/lib/64:/opt/MVS/lib/32 PYTHONPATH=/home/imca06/ros_ws/install/auto_aim_interfaces/local/lib/python3.10/dist-packages:${PYTHONPATH} /usr/bin/cmake --install /home/imca06/ros_ws/build/armor_detector
