[0.018s] Invoking command in '/home/imca06/ros_ws/build/armor_detector': CMAKE_PREFIX_PATH=/home/imca06/ros_ws/install/auto_aim_interfaces:/home/imca06/ros_ws/install/rm_vision_bringup:/home/imca06/ros_ws/install/rm_serial_driver:/home/imca06/ros_ws/install/rm_gimbal_description:/home/imca06/ros_ws/install/rm_auto_aim:/home/imca06/ros_ws/install/mindvision_camera:/home/imca06/ros_ws/install/hik_camera:/home/imca06/ros_ws/install/armor_tracker:/home/imca06/ros_ws/install/armor_detector:/opt/ros/humble LD_LIBRARY_PATH=/home/imca06/ros_ws/install/auto_aim_interfaces/lib:/home/imca06/ros_ws/install/rm_serial_driver/lib:/home/imca06/ros_ws/install/mindvision_camera/lib:/home/imca06/ros_ws/install/hik_camera/lib:/home/imca06/ros_ws/install/armor_tracker/lib:/home/imca06/ros_ws/install/armor_detector/lib:/opt/MVS/lib/64:/opt/MVS/lib/32:/opt/intel/openvino_2023.0.0/runtime/lib/intel64:/usr/lib/x86_64-linux-gnu/gazebo-11/plugins:/opt/ros/humble/opt/rviz_ogre_vendor/lib:/opt/ros/humble/lib/x86_64-linux-gnu:/opt/ros/humble/lib:/opt/MVS/lib/64:/opt/MVS/lib/32:/opt/MVS/lib/64:/opt/MVS/lib/32 /usr/bin/cmake --build /home/imca06/ros_ws/build/armor_detector -- -j12 -l12
[0.088s] [ 26%] Built target gtest_main
[0.088s] [ 26%] Built target gtest
[0.090s] [ 40%] Built target armor_detector_node
[0.097s] [ 73%] Built target armor_detector
[0.129s] [ 86%] Built target test_number_cls
[0.131s] [100%] Built target test_node_startup
[0.145s] Invoked command in '/home/imca06/ros_ws/build/armor_detector' returned '0': CMAKE_PREFIX_PATH=/home/imca06/ros_ws/install/auto_aim_interfaces:/home/imca06/ros_ws/install/rm_vision_bringup:/home/imca06/ros_ws/install/rm_serial_driver:/home/imca06/ros_ws/install/rm_gimbal_description:/home/imca06/ros_ws/install/rm_auto_aim:/home/imca06/ros_ws/install/mindvision_camera:/home/imca06/ros_ws/install/hik_camera:/home/imca06/ros_ws/install/armor_tracker:/home/imca06/ros_ws/install/armor_detector:/opt/ros/humble LD_LIBRARY_PATH=/home/imca06/ros_ws/install/auto_aim_interfaces/lib:/home/imca06/ros_ws/install/rm_serial_driver/lib:/home/imca06/ros_ws/install/mindvision_camera/lib:/home/imca06/ros_ws/install/hik_camera/lib:/home/imca06/ros_ws/install/armor_tracker/lib:/home/imca06/ros_ws/install/armor_detector/lib:/opt/MVS/lib/64:/opt/MVS/lib/32:/opt/intel/openvino_2023.0.0/runtime/lib/intel64:/usr/lib/x86_64-linux-gnu/gazebo-11/plugins:/opt/ros/humble/opt/rviz_ogre_vendor/lib:/opt/ros/humble/lib/x86_64-linux-gnu:/opt/ros/humble/lib:/opt/MVS/lib/64:/opt/MVS/lib/32:/opt/MVS/lib/64:/opt/MVS/lib/32 /usr/bin/cmake --build /home/imca06/ros_ws/build/armor_detector -- -j12 -l12
[0.217s] Invoking command in '/home/imca06/ros_ws/build/armor_detector': CMAKE_PREFIX_PATH=/home/imca06/ros_ws/install/auto_aim_interfaces:/home/imca06/ros_ws/install/rm_vision_bringup:/home/imca06/ros_ws/install/rm_serial_driver:/home/imca06/ros_ws/install/rm_gimbal_description:/home/imca06/ros_ws/install/rm_auto_aim:/home/imca06/ros_ws/install/mindvision_camera:/home/imca06/ros_ws/install/hik_camera:/home/imca06/ros_ws/install/armor_tracker:/home/imca06/ros_ws/install/armor_detector:/opt/ros/humble LD_LIBRARY_PATH=/home/imca06/ros_ws/install/auto_aim_interfaces/lib:/home/imca06/ros_ws/install/rm_serial_driver/lib:/home/imca06/ros_ws/install/mindvision_camera/lib:/home/imca06/ros_ws/install/hik_camera/lib:/home/imca06/ros_ws/install/armor_tracker/lib:/home/imca06/ros_ws/install/armor_detector/lib:/opt/MVS/lib/64:/opt/MVS/lib/32:/opt/intel/openvino_2023.0.0/runtime/lib/intel64:/usr/lib/x86_64-linux-gnu/gazebo-11/plugins:/opt/ros/humble/opt/rviz_ogre_vendor/lib:/opt/ros/humble/lib/x86_64-linux-gnu:/opt/ros/humble/lib:/opt/MVS/lib/64:/opt/MVS/lib/32:/opt/MVS/lib/64:/opt/MVS/lib/32 /usr/bin/cmake --install /home/imca06/ros_ws/build/armor_detector
[0.226s] -- Install configuration: "Release"
[0.226s] -- Execute custom install script
[0.227s] -- Up-to-date symlink: /home/imca06/ros_ws/install/armor_detector/lib/armor_detector/armor_detector_node
[0.227s] -- Up-to-date symlink: /home/imca06/ros_ws/install/armor_detector/include/armor_detector/armor.hpp
[0.227s] -- Up-to-date symlink: /home/imca06/ros_ws/install/armor_detector/include/armor_detector/detector.hpp
[0.227s] -- Up-to-date symlink: /home/imca06/ros_ws/install/armor_detector/include/armor_detector/detector_node.hpp
[0.227s] -- Up-to-date symlink: /home/imca06/ros_ws/install/armor_detector/include/armor_detector/number_classifier.hpp
[0.227s] -- Up-to-date symlink: /home/imca06/ros_ws/install/armor_detector/include/armor_detector/pnp_solver.hpp
[0.228s] -- Up-to-date symlink: /home/imca06/ros_ws/install/armor_detector/share/armor_detector/environment/library_path.sh
[0.228s] -- Up-to-date symlink: /home/imca06/ros_ws/install/armor_detector/share/armor_detector/environment/library_path.dsv
[0.228s] -- Up-to-date symlink: /home/imca06/ros_ws/install/armor_detector/lib/libarmor_detector.so
[0.228s] -- Up-to-date symlink: /home/imca06/ros_ws/install/armor_detector/share/armor_detector/model/label.txt
[0.228s] -- Up-to-date symlink: /home/imca06/ros_ws/install/armor_detector/share/armor_detector/model/mlp.onnx
[0.228s] -- Up-to-date symlink: /home/imca06/ros_ws/install/armor_detector/share/ament_index/resource_index/package_run_dependencies/armor_detector
[0.229s] -- Up-to-date symlink: /home/imca06/ros_ws/install/armor_detector/share/ament_index/resource_index/parent_prefix_path/armor_detector
[0.229s] -- Up-to-date symlink: /home/imca06/ros_ws/install/armor_detector/share/armor_detector/environment/ament_prefix_path.sh
[0.229s] -- Up-to-date symlink: /home/imca06/ros_ws/install/armor_detector/share/armor_detector/environment/ament_prefix_path.dsv
[0.229s] -- Up-to-date symlink: /home/imca06/ros_ws/install/armor_detector/share/armor_detector/environment/path.sh
[0.229s] -- Up-to-date symlink: /home/imca06/ros_ws/install/armor_detector/share/armor_detector/environment/path.dsv
[0.229s] -- Up-to-date symlink: /home/imca06/ros_ws/install/armor_detector/share/armor_detector/local_setup.bash
[0.229s] -- Up-to-date symlink: /home/imca06/ros_ws/install/armor_detector/share/armor_detector/local_setup.sh
[0.230s] -- Up-to-date symlink: /home/imca06/ros_ws/install/armor_detector/share/armor_detector/local_setup.zsh
[0.230s] -- Up-to-date symlink: /home/imca06/ros_ws/install/armor_detector/share/armor_detector/local_setup.dsv
[0.230s] -- Symlinking: /home/imca06/ros_ws/install/armor_detector/share/armor_detector/package.dsv
[0.241s] -- Up-to-date symlink: /home/imca06/ros_ws/install/armor_detector/share/ament_index/resource_index/packages/armor_detector
[0.242s] -- Up-to-date symlink: /home/imca06/ros_ws/install/armor_detector/share/ament_index/resource_index/rclcpp_components/armor_detector
[0.242s] -- Up-to-date symlink: /home/imca06/ros_ws/install/armor_detector/share/armor_detector/cmake/ament_cmake_export_dependencies-extras.cmake
[0.242s] -- Up-to-date symlink: /home/imca06/ros_ws/install/armor_detector/share/armor_detector/cmake/ament_cmake_export_include_directories-extras.cmake
[0.243s] -- Up-to-date symlink: /home/imca06/ros_ws/install/armor_detector/share/armor_detector/cmake/ament_cmake_export_libraries-extras.cmake
[0.243s] -- Up-to-date symlink: /home/imca06/ros_ws/install/armor_detector/share/armor_detector/cmake/armor_detectorConfig.cmake
[0.243s] -- Up-to-date symlink: /home/imca06/ros_ws/install/armor_detector/share/armor_detector/cmake/armor_detectorConfig-version.cmake
[0.243s] -- Up-to-date symlink: /home/imca06/ros_ws/install/armor_detector/share/armor_detector/package.xml
[0.246s] Invoked command in '/home/imca06/ros_ws/build/armor_detector' returned '0': CMAKE_PREFIX_PATH=/home/imca06/ros_ws/install/auto_aim_interfaces:/home/imca06/ros_ws/install/rm_vision_bringup:/home/imca06/ros_ws/install/rm_serial_driver:/home/imca06/ros_ws/install/rm_gimbal_description:/home/imca06/ros_ws/install/rm_auto_aim:/home/imca06/ros_ws/install/mindvision_camera:/home/imca06/ros_ws/install/hik_camera:/home/imca06/ros_ws/install/armor_tracker:/home/imca06/ros_ws/install/armor_detector:/opt/ros/humble LD_LIBRARY_PATH=/home/imca06/ros_ws/install/auto_aim_interfaces/lib:/home/imca06/ros_ws/install/rm_serial_driver/lib:/home/imca06/ros_ws/install/mindvision_camera/lib:/home/imca06/ros_ws/install/hik_camera/lib:/home/imca06/ros_ws/install/armor_tracker/lib:/home/imca06/ros_ws/install/armor_detector/lib:/opt/MVS/lib/64:/opt/MVS/lib/32:/opt/intel/openvino_2023.0.0/runtime/lib/intel64:/usr/lib/x86_64-linux-gnu/gazebo-11/plugins:/opt/ros/humble/opt/rviz_ogre_vendor/lib:/opt/ros/humble/lib/x86_64-linux-gnu:/opt/ros/humble/lib:/opt/MVS/lib/64:/opt/MVS/lib/32:/opt/MVS/lib/64:/opt/MVS/lib/32 /usr/bin/cmake --install /home/imca06/ros_ws/build/armor_detector
