[0.023s] Invoking command in '/home/imca06/ros_ws/build/rm_vision_bringup': AMENT_PREFIX_PATH=/home/imca06/ros_ws/install/rm_auto_aim:/home/imca06/ros_ws/install/rm_serial_driver:/home/imca06/ros_ws/install/armor_tracker:/home/imca06/ros_ws/install/armor_detector:/home/imca06/ros_ws/install/auto_aim_interfaces:${AMENT_PREFIX_PATH} CMAKE_PREFIX_PATH=/home/imca06/ros_ws/install/rm_auto_aim:/home/imca06/ros_ws/install/rm_serial_driver:/home/imca06/ros_ws/install/armor_tracker:/home/imca06/ros_ws/install/armor_detector:/home/imca06/ros_ws/install/auto_aim_interfaces:/opt/ros/humble LD_LIBRARY_PATH=/home/imca06/ros_ws/install/rm_serial_driver/lib:/home/imca06/ros_ws/install/armor_tracker/lib:/home/imca06/ros_ws/install/armor_detector/lib:/home/imca06/ros_ws/install/auto_aim_interfaces/lib:/opt/MVS/lib/64:/opt/MVS/lib/32:/opt/intel/openvino_2023.0.0/runtime/lib/intel64:/usr/lib/x86_64-linux-gnu/gazebo-11/plugins:/opt/ros/humble/opt/rviz_ogre_vendor/lib:/opt/ros/humble/lib/x86_64-linux-gnu:/opt/ros/humble/lib:/opt/MVS/lib/64:/opt/MVS/lib/32:/opt/MVS/lib/64:/opt/MVS/lib/32 PYTHONPATH=/home/imca06/ros_ws/install/auto_aim_interfaces/local/lib/python3.10/dist-packages:${PYTHONPATH} /usr/bin/cmake /home/imca06/ros_ws/src/rm_vision/rm_vision_bringup -DCMAKE_BUILD_TYPE=Release -DAMENT_CMAKE_SYMLINK_INSTALL=1 -DCMAKE_INSTALL_PREFIX=/home/imca06/ros_ws/install/rm_vision_bringup
[0.090s] -- The C compiler identification is GNU 11.4.0
[0.149s] -- The CXX compiler identification is GNU 11.4.0
[0.157s] -- Detecting C compiler ABI info
[0.242s] -- Detecting C compiler ABI info - done
[0.249s] -- Check for working C compiler: /usr/bin/cc - skipped
[0.249s] -- Detecting C compile features
[0.249s] -- Detecting C compile features - done
[0.251s] -- Detecting CXX compiler ABI info
[0.346s] -- Detecting CXX compiler ABI info - done
[0.353s] -- Check for working CXX compiler: /usr/bin/c++ - skipped
[0.353s] -- Detecting CXX compile features
[0.353s] -- Detecting CXX compile features - done
[0.357s] -- Found ament_cmake_auto: 1.3.8 (/opt/ros/humble/share/ament_cmake_auto/cmake)
[0.505s] -- Found Python3: /usr/bin/python3 (found version "3.10.12") found components: Interpreter 
[0.562s] -- Override CMake install command with custom implementation using symlinks instead of copying resources
[0.605s] -- Found ament_lint_auto: 0.12.10 (/opt/ros/humble/share/ament_lint_auto/cmake)
[0.666s] -- Configuring done
[0.669s] -- Generating done
[0.670s] -- Build files have been written to: /home/imca06/ros_ws/build/rm_vision_bringup
[0.674s] Invoked command in '/home/imca06/ros_ws/build/rm_vision_bringup' returned '0': AMENT_PREFIX_PATH=/home/imca06/ros_ws/install/rm_auto_aim:/home/imca06/ros_ws/install/rm_serial_driver:/home/imca06/ros_ws/install/armor_tracker:/home/imca06/ros_ws/install/armor_detector:/home/imca06/ros_ws/install/auto_aim_interfaces:${AMENT_PREFIX_PATH} CMAKE_PREFIX_PATH=/home/imca06/ros_ws/install/rm_auto_aim:/home/imca06/ros_ws/install/rm_serial_driver:/home/imca06/ros_ws/install/armor_tracker:/home/imca06/ros_ws/install/armor_detector:/home/imca06/ros_ws/install/auto_aim_interfaces:/opt/ros/humble LD_LIBRARY_PATH=/home/imca06/ros_ws/install/rm_serial_driver/lib:/home/imca06/ros_ws/install/armor_tracker/lib:/home/imca06/ros_ws/install/armor_detector/lib:/home/imca06/ros_ws/install/auto_aim_interfaces/lib:/opt/MVS/lib/64:/opt/MVS/lib/32:/opt/intel/openvino_2023.0.0/runtime/lib/intel64:/usr/lib/x86_64-linux-gnu/gazebo-11/plugins:/opt/ros/humble/opt/rviz_ogre_vendor/lib:/opt/ros/humble/lib/x86_64-linux-gnu:/opt/ros/humble/lib:/opt/MVS/lib/64:/opt/MVS/lib/32:/opt/MVS/lib/64:/opt/MVS/lib/32 PYTHONPATH=/home/imca06/ros_ws/install/auto_aim_interfaces/local/lib/python3.10/dist-packages:${PYTHONPATH} /usr/bin/cmake /home/imca06/ros_ws/src/rm_vision/rm_vision_bringup -DCMAKE_BUILD_TYPE=Release -DAMENT_CMAKE_SYMLINK_INSTALL=1 -DCMAKE_INSTALL_PREFIX=/home/imca06/ros_ws/install/rm_vision_bringup
[0.677s] Invoking command in '/home/imca06/ros_ws/build/rm_vision_bringup': AMENT_PREFIX_PATH=/home/imca06/ros_ws/install/rm_auto_aim:/home/imca06/ros_ws/install/rm_serial_driver:/home/imca06/ros_ws/install/armor_tracker:/home/imca06/ros_ws/install/armor_detector:/home/imca06/ros_ws/install/auto_aim_interfaces:${AMENT_PREFIX_PATH} CMAKE_PREFIX_PATH=/home/imca06/ros_ws/install/rm_auto_aim:/home/imca06/ros_ws/install/rm_serial_driver:/home/imca06/ros_ws/install/armor_tracker:/home/imca06/ros_ws/install/armor_detector:/home/imca06/ros_ws/install/auto_aim_interfaces:/opt/ros/humble LD_LIBRARY_PATH=/home/imca06/ros_ws/install/rm_serial_driver/lib:/home/imca06/ros_ws/install/armor_tracker/lib:/home/imca06/ros_ws/install/armor_detector/lib:/home/imca06/ros_ws/install/auto_aim_interfaces/lib:/opt/MVS/lib/64:/opt/MVS/lib/32:/opt/intel/openvino_2023.0.0/runtime/lib/intel64:/usr/lib/x86_64-linux-gnu/gazebo-11/plugins:/opt/ros/humble/opt/rviz_ogre_vendor/lib:/opt/ros/humble/lib/x86_64-linux-gnu:/opt/ros/humble/lib:/opt/MVS/lib/64:/opt/MVS/lib/32:/opt/MVS/lib/64:/opt/MVS/lib/32 PYTHONPATH=/home/imca06/ros_ws/install/auto_aim_interfaces/local/lib/python3.10/dist-packages:${PYTHONPATH} /usr/bin/cmake --build /home/imca06/ros_ws/build/rm_vision_bringup -- -j12 -l12
[0.724s] Invoked command in '/home/imca06/ros_ws/build/rm_vision_bringup' returned '0': AMENT_PREFIX_PATH=/home/imca06/ros_ws/install/rm_auto_aim:/home/imca06/ros_ws/install/rm_serial_driver:/home/imca06/ros_ws/install/armor_tracker:/home/imca06/ros_ws/install/armor_detector:/home/imca06/ros_ws/install/auto_aim_interfaces:${AMENT_PREFIX_PATH} CMAKE_PREFIX_PATH=/home/imca06/ros_ws/install/rm_auto_aim:/home/imca06/ros_ws/install/rm_serial_driver:/home/imca06/ros_ws/install/armor_tracker:/home/imca06/ros_ws/install/armor_detector:/home/imca06/ros_ws/install/auto_aim_interfaces:/opt/ros/humble LD_LIBRARY_PATH=/home/imca06/ros_ws/install/rm_serial_driver/lib:/home/imca06/ros_ws/install/armor_tracker/lib:/home/imca06/ros_ws/install/armor_detector/lib:/home/imca06/ros_ws/install/auto_aim_interfaces/lib:/opt/MVS/lib/64:/opt/MVS/lib/32:/opt/intel/openvino_2023.0.0/runtime/lib/intel64:/usr/lib/x86_64-linux-gnu/gazebo-11/plugins:/opt/ros/humble/opt/rviz_ogre_vendor/lib:/opt/ros/humble/lib/x86_64-linux-gnu:/opt/ros/humble/lib:/opt/MVS/lib/64:/opt/MVS/lib/32:/opt/MVS/lib/64:/opt/MVS/lib/32 PYTHONPATH=/home/imca06/ros_ws/install/auto_aim_interfaces/local/lib/python3.10/dist-packages:${PYTHONPATH} /usr/bin/cmake --build /home/imca06/ros_ws/build/rm_vision_bringup -- -j12 -l12
[0.756s] Invoking command in '/home/imca06/ros_ws/build/rm_vision_bringup': AMENT_PREFIX_PATH=/home/imca06/ros_ws/install/rm_auto_aim:/home/imca06/ros_ws/install/rm_serial_driver:/home/imca06/ros_ws/install/armor_tracker:/home/imca06/ros_ws/install/armor_detector:/home/imca06/ros_ws/install/auto_aim_interfaces:${AMENT_PREFIX_PATH} CMAKE_PREFIX_PATH=/home/imca06/ros_ws/install/rm_auto_aim:/home/imca06/ros_ws/install/rm_serial_driver:/home/imca06/ros_ws/install/armor_tracker:/home/imca06/ros_ws/install/armor_detector:/home/imca06/ros_ws/install/auto_aim_interfaces:/opt/ros/humble LD_LIBRARY_PATH=/home/imca06/ros_ws/install/rm_serial_driver/lib:/home/imca06/ros_ws/install/armor_tracker/lib:/home/imca06/ros_ws/install/armor_detector/lib:/home/imca06/ros_ws/install/auto_aim_interfaces/lib:/opt/MVS/lib/64:/opt/MVS/lib/32:/opt/intel/openvino_2023.0.0/runtime/lib/intel64:/usr/lib/x86_64-linux-gnu/gazebo-11/plugins:/opt/ros/humble/opt/rviz_ogre_vendor/lib:/opt/ros/humble/lib/x86_64-linux-gnu:/opt/ros/humble/lib:/opt/MVS/lib/64:/opt/MVS/lib/32:/opt/MVS/lib/64:/opt/MVS/lib/32 PYTHONPATH=/home/imca06/ros_ws/install/auto_aim_interfaces/local/lib/python3.10/dist-packages:${PYTHONPATH} /usr/bin/cmake --install /home/imca06/ros_ws/build/rm_vision_bringup
[0.764s] -- Install configuration: "Release"
[0.765s] -- Execute custom install script
[0.765s] -- Symlinking: /home/imca06/ros_ws/install/rm_vision_bringup/share/rm_vision_bringup/launch/common.py
[0.777s] -- Symlinking: /home/imca06/ros_ws/install/rm_vision_bringup/share/rm_vision_bringup/launch/no_hardware.launch.py
[0.788s] -- Symlinking: /home/imca06/ros_ws/install/rm_vision_bringup/share/rm_vision_bringup/launch/vision_bringup.launch.py
[0.800s] -- Symlinking: /home/imca06/ros_ws/install/rm_vision_bringup/share/rm_vision_bringup/config/camera_info.yaml
[0.811s] -- Symlinking: /home/imca06/ros_ws/install/rm_vision_bringup/share/rm_vision_bringup/config/launch_params.yaml
[0.822s] -- Symlinking: /home/imca06/ros_ws/install/rm_vision_bringup/share/rm_vision_bringup/config/node_params.yaml
[0.833s] -- Symlinking: /home/imca06/ros_ws/install/rm_vision_bringup/share/ament_index/resource_index/package_run_dependencies/rm_vision_bringup
[0.844s] -- Symlinking: /home/imca06/ros_ws/install/rm_vision_bringup/share/ament_index/resource_index/parent_prefix_path/rm_vision_bringup
[0.855s] -- Symlinking: /home/imca06/ros_ws/install/rm_vision_bringup/share/rm_vision_bringup/environment/ament_prefix_path.sh
[0.866s] -- Symlinking: /home/imca06/ros_ws/install/rm_vision_bringup/share/rm_vision_bringup/environment/ament_prefix_path.dsv
[0.877s] -- Symlinking: /home/imca06/ros_ws/install/rm_vision_bringup/share/rm_vision_bringup/environment/path.sh
[0.888s] -- Symlinking: /home/imca06/ros_ws/install/rm_vision_bringup/share/rm_vision_bringup/environment/path.dsv
[0.900s] -- Symlinking: /home/imca06/ros_ws/install/rm_vision_bringup/share/rm_vision_bringup/local_setup.bash
[0.911s] -- Symlinking: /home/imca06/ros_ws/install/rm_vision_bringup/share/rm_vision_bringup/local_setup.sh
[0.923s] -- Symlinking: /home/imca06/ros_ws/install/rm_vision_bringup/share/rm_vision_bringup/local_setup.zsh
[0.935s] -- Symlinking: /home/imca06/ros_ws/install/rm_vision_bringup/share/rm_vision_bringup/local_setup.dsv
[0.947s] -- Symlinking: /home/imca06/ros_ws/install/rm_vision_bringup/share/rm_vision_bringup/package.dsv
[0.959s] -- Symlinking: /home/imca06/ros_ws/install/rm_vision_bringup/share/ament_index/resource_index/packages/rm_vision_bringup
[0.970s] -- Symlinking: /home/imca06/ros_ws/install/rm_vision_bringup/share/rm_vision_bringup/cmake/rm_vision_bringupConfig.cmake
[0.981s] -- Symlinking: /home/imca06/ros_ws/install/rm_vision_bringup/share/rm_vision_bringup/cmake/rm_vision_bringupConfig-version.cmake
[0.993s] -- Symlinking: /home/imca06/ros_ws/install/rm_vision_bringup/share/rm_vision_bringup/package.xml
[1.008s] Invoked command in '/home/imca06/ros_ws/build/rm_vision_bringup' returned '0': AMENT_PREFIX_PATH=/home/imca06/ros_ws/install/rm_auto_aim:/home/imca06/ros_ws/install/rm_serial_driver:/home/imca06/ros_ws/install/armor_tracker:/home/imca06/ros_ws/install/armor_detector:/home/imca06/ros_ws/install/auto_aim_interfaces:${AMENT_PREFIX_PATH} CMAKE_PREFIX_PATH=/home/imca06/ros_ws/install/rm_auto_aim:/home/imca06/ros_ws/install/rm_serial_driver:/home/imca06/ros_ws/install/armor_tracker:/home/imca06/ros_ws/install/armor_detector:/home/imca06/ros_ws/install/auto_aim_interfaces:/opt/ros/humble LD_LIBRARY_PATH=/home/imca06/ros_ws/install/rm_serial_driver/lib:/home/imca06/ros_ws/install/armor_tracker/lib:/home/imca06/ros_ws/install/armor_detector/lib:/home/imca06/ros_ws/install/auto_aim_interfaces/lib:/opt/MVS/lib/64:/opt/MVS/lib/32:/opt/intel/openvino_2023.0.0/runtime/lib/intel64:/usr/lib/x86_64-linux-gnu/gazebo-11/plugins:/opt/ros/humble/opt/rviz_ogre_vendor/lib:/opt/ros/humble/lib/x86_64-linux-gnu:/opt/ros/humble/lib:/opt/MVS/lib/64:/opt/MVS/lib/32:/opt/MVS/lib/64:/opt/MVS/lib/32 PYTHONPATH=/home/imca06/ros_ws/install/auto_aim_interfaces/local/lib/python3.10/dist-packages:${PYTHONPATH} /usr/bin/cmake --install /home/imca06/ros_ws/build/rm_vision_bringup
