[0.020s] Invoking command in '/home/imca06/ros_ws/build/mindvision_camera': CMAKE_PREFIX_PATH=${CMAKE_PREFIX_PATH}:/opt/ros/humble /usr/bin/cmake --build /home/imca06/ros_ws/build/mindvision_camera -- -j12 -l12
[0.071s] [35m[1mConsolidate compiler generated dependencies of target mindvision_camera[0m
[0.074s] [35m[1mConsolidate compiler generated dependencies of target mindvision_camera_node[0m
[0.099s] [ 50%] Built target mindvision_camera
[0.103s] [100%] Built target mindvision_camera_node
[0.139s] Invoked command in '/home/imca06/ros_ws/build/mindvision_camera' returned '0': CMAKE_PREFIX_PATH=${CMAKE_PREFIX_PATH}:/opt/ros/humble /usr/bin/cmake --build /home/imca06/ros_ws/build/mindvision_camera -- -j12 -l12
[0.182s] Invoking command in '/home/imca06/ros_ws/build/mindvision_camera': CMAKE_PREFIX_PATH=${CMAKE_PREFIX_PATH}:/opt/ros/humble /usr/bin/cmake --install /home/imca06/ros_ws/build/mindvision_camera
[0.192s] -- Install configuration: "Release"
[0.192s] -- Execute custom install script
[0.192s] -- Up-to-date symlink: /home/imca06/ros_ws/install/mindvision_camera/lib/mindvision_camera/mindvision_camera_node
[0.192s] -- Up-to-date symlink: /home/imca06/ros_ws/install/mindvision_camera/share/mindvision_camera/environment/library_path.sh
[0.193s] -- Up-to-date symlink: /home/imca06/ros_ws/install/mindvision_camera/share/mindvision_camera/environment/library_path.dsv
[0.193s] -- Up-to-date symlink: /home/imca06/ros_ws/install/mindvision_camera/lib/libmindvision_camera.so
[0.193s] -- Up-to-date symlink: /home/imca06/ros_ws/install/mindvision_camera/share/mindvision_camera/config/camera_info.yaml
[0.193s] -- Up-to-date symlink: /home/imca06/ros_ws/install/mindvision_camera/share/mindvision_camera/config/camera_params.yaml
[0.193s] -- Up-to-date symlink: /home/imca06/ros_ws/install/mindvision_camera/share/mindvision_camera/launch/mv_launch.py
[0.194s] -- Up-to-date symlink: /home/imca06/ros_ws/install/mindvision_camera/share/ament_index/resource_index/package_run_dependencies/mindvision_camera
[0.194s] -- Up-to-date symlink: /home/imca06/ros_ws/install/mindvision_camera/share/ament_index/resource_index/parent_prefix_path/mindvision_camera
[0.194s] -- Up-to-date symlink: /home/imca06/ros_ws/install/mindvision_camera/share/mindvision_camera/environment/ament_prefix_path.sh
[0.194s] -- Up-to-date symlink: /home/imca06/ros_ws/install/mindvision_camera/share/mindvision_camera/environment/ament_prefix_path.dsv
[0.194s] -- Up-to-date symlink: /home/imca06/ros_ws/install/mindvision_camera/share/mindvision_camera/environment/path.sh
[0.194s] -- Up-to-date symlink: /home/imca06/ros_ws/install/mindvision_camera/share/mindvision_camera/environment/path.dsv
[0.194s] -- Up-to-date symlink: /home/imca06/ros_ws/install/mindvision_camera/share/mindvision_camera/local_setup.bash
[0.194s] -- Up-to-date symlink: /home/imca06/ros_ws/install/mindvision_camera/share/mindvision_camera/local_setup.sh
[0.195s] -- Up-to-date symlink: /home/imca06/ros_ws/install/mindvision_camera/share/mindvision_camera/local_setup.zsh
[0.195s] -- Up-to-date symlink: /home/imca06/ros_ws/install/mindvision_camera/share/mindvision_camera/local_setup.dsv
[0.195s] -- Symlinking: /home/imca06/ros_ws/install/mindvision_camera/share/mindvision_camera/package.dsv
[0.208s] -- Up-to-date symlink: /home/imca06/ros_ws/install/mindvision_camera/share/ament_index/resource_index/packages/mindvision_camera
[0.208s] -- Up-to-date symlink: /home/imca06/ros_ws/install/mindvision_camera/share/ament_index/resource_index/rclcpp_components/mindvision_camera
[0.208s] -- Up-to-date symlink: /home/imca06/ros_ws/install/mindvision_camera/share/mindvision_camera/cmake/ament_cmake_export_dependencies-extras.cmake
[0.209s] -- Up-to-date symlink: /home/imca06/ros_ws/install/mindvision_camera/share/mindvision_camera/cmake/ament_cmake_export_libraries-extras.cmake
[0.209s] -- Up-to-date symlink: /home/imca06/ros_ws/install/mindvision_camera/share/mindvision_camera/cmake/mindvision_cameraConfig.cmake
[0.209s] -- Up-to-date symlink: /home/imca06/ros_ws/install/mindvision_camera/share/mindvision_camera/cmake/mindvision_cameraConfig-version.cmake
[0.209s] -- Up-to-date symlink: /home/imca06/ros_ws/install/mindvision_camera/share/mindvision_camera/package.xml
[0.223s] Invoked command in '/home/imca06/ros_ws/build/mindvision_camera' returned '0': CMAKE_PREFIX_PATH=${CMAKE_PREFIX_PATH}:/opt/ros/humble /usr/bin/cmake --install /home/imca06/ros_ws/build/mindvision_camera
