[0.020s] Invoking command in '/home/imca06/ros_ws/build/auto_aim_interfaces': CMAKE_PREFIX_PATH=/opt/ros/humble /usr/bin/cmake /home/imca06/ros_ws/src/rm_auto_aim/auto_aim_interfaces -DCMAKE_BUILD_TYPE=Release -DAMENT_CMAKE_SYMLINK_INSTALL=1 -DCMAKE_INSTALL_PREFIX=/home/imca06/ros_ws/install/auto_aim_interfaces
[0.081s] -- The C compiler identification is GNU 11.4.0
[0.147s] -- The CXX compiler identification is GNU 11.4.0
[0.157s] -- Detecting C compiler ABI info
[0.239s] -- Detecting C compiler ABI info - done
[0.246s] -- Check for working C compiler: /usr/bin/cc - skipped
[0.247s] -- Detecting C compile features
[0.247s] -- Detecting C compile features - done
[0.250s] -- Detecting CXX compiler ABI info
[0.341s] -- Detecting CXX compiler ABI info - done
[0.348s] -- Check for working CXX compiler: /usr/bin/c++ - skipped
[0.348s] -- Detecting CXX compile features
[0.349s] -- Detecting CXX compile features - done
[0.351s] -- Found ament_cmake: 1.3.8 (/opt/ros/humble/share/ament_cmake/cmake)
[0.505s] -- Found Python3: /usr/bin/python3 (found version "3.10.12") found components: Interpreter 
[0.567s] -- Override CMake install command with custom implementation using symlinks instead of copying resources
[0.601s] -- Found rosidl_default_generators: 1.2.0 (/opt/ros/humble/share/rosidl_default_generators/cmake)
[0.604s] -- Using all available rosidl_typesupport_c: rosidl_typesupport_fastrtps_c;rosidl_typesupport_introspection_c
[0.611s] -- Found rosidl_adapter: 3.1.5 (/opt/ros/humble/share/rosidl_adapter/cmake)
[0.656s] -- Using all available rosidl_typesupport_cpp: rosidl_typesupport_fastrtps_cpp;rosidl_typesupport_introspection_cpp
[0.693s] -- Found geometry_msgs: 4.2.3 (/opt/ros/humble/share/geometry_msgs/cmake)
[1.123s] -- Found ament_cmake_ros: 0.10.0 (/opt/ros/humble/share/ament_cmake_ros/cmake)
[1.366s] -- Using all available rosidl_typesupport_c: rosidl_typesupport_fastrtps_c;rosidl_typesupport_introspection_c
[1.678s] -- Using all available rosidl_typesupport_cpp: rosidl_typesupport_fastrtps_cpp;rosidl_typesupport_introspection_cpp
[1.699s] -- Found PythonInterp: /usr/bin/python3 (found suitable version "3.10.12", minimum required is "3.6") 
[1.701s] -- Found python_cmake_module: 0.10.0 (/opt/ros/humble/share/python_cmake_module/cmake)
[1.726s] -- Found PythonLibs: /usr/lib/x86_64-linux-gnu/libpython3.10.so (found suitable version "3.10.12", minimum required is "3.5") 
[1.726s] -- Using PYTHON_EXECUTABLE: /usr/bin/python3
[1.726s] -- Using PYTHON_INCLUDE_DIRS: /usr/include/python3.10
[1.726s] -- Using PYTHON_LIBRARIES: /usr/lib/x86_64-linux-gnu/libpython3.10.so
[1.747s] -- Found PythonExtra: .so  
[1.816s] -- Configuring done
[1.864s] -- Generating done
[1.866s] -- Build files have been written to: /home/imca06/ros_ws/build/auto_aim_interfaces
[1.878s] Invoked command in '/home/imca06/ros_ws/build/auto_aim_interfaces' returned '0': CMAKE_PREFIX_PATH=/opt/ros/humble /usr/bin/cmake /home/imca06/ros_ws/src/rm_auto_aim/auto_aim_interfaces -DCMAKE_BUILD_TYPE=Release -DAMENT_CMAKE_SYMLINK_INSTALL=1 -DCMAKE_INSTALL_PREFIX=/home/imca06/ros_ws/install/auto_aim_interfaces
[1.880s] Invoking command in '/home/imca06/ros_ws/build/auto_aim_interfaces': CMAKE_PREFIX_PATH=/opt/ros/humble /usr/bin/cmake --build /home/imca06/ros_ws/build/auto_aim_interfaces -- -j12 -l12
[1.934s] [  1%] [34m[1mGenerating C code for ROS interfaces[0m
[1.948s] [  2%] [34m[1mGenerating C++ code for ROS interfaces[0m
[1.963s] [  2%] Built target ament_cmake_python_symlink_auto_aim_interfaces
[2.331s] running egg_info
[2.332s] creating auto_aim_interfaces.egg-info
[2.332s] writing auto_aim_interfaces.egg-info/PKG-INFO
[2.333s] writing dependency_links to auto_aim_interfaces.egg-info/dependency_links.txt
[2.333s] writing top-level names to auto_aim_interfaces.egg-info/top_level.txt
[2.333s] writing manifest file 'auto_aim_interfaces.egg-info/SOURCES.txt'
[2.337s] reading manifest file 'auto_aim_interfaces.egg-info/SOURCES.txt'
[2.338s] writing manifest file 'auto_aim_interfaces.egg-info/SOURCES.txt'
[2.398s] [  2%] Built target ament_cmake_python_build_auto_aim_interfaces_egg
[2.572s] [  2%] Built target auto_aim_interfaces__cpp
[2.594s] [  3%] [34m[1mGenerating C++ type support dispatch for ROS interfaces[0m
[2.598s] [  4%] [34m[1mGenerating C++ type support for eProsima Fast-RTPS[0m
[2.606s] [  5%] [34m[1mGenerating C++ introspection for ROS interfaces[0m
[2.690s] [  6%] [32mBuilding C object CMakeFiles/auto_aim_interfaces__rosidl_generator_c.dir/rosidl_generator_c/auto_aim_interfaces/msg/detail/armor__functions.c.o[0m
[2.691s] [  9%] [32mBuilding C object CMakeFiles/auto_aim_interfaces__rosidl_generator_c.dir/rosidl_generator_c/auto_aim_interfaces/msg/detail/armors__functions.c.o[0m
[2.691s] [  9%] [32mBuilding C object CMakeFiles/auto_aim_interfaces__rosidl_generator_c.dir/rosidl_generator_c/auto_aim_interfaces/msg/detail/debug_light__functions.c.o[0m
[2.692s] [ 10%] [32mBuilding C object CMakeFiles/auto_aim_interfaces__rosidl_generator_c.dir/rosidl_generator_c/auto_aim_interfaces/msg/detail/target__functions.c.o[0m
[2.696s] [ 11%] [32mBuilding C object CMakeFiles/auto_aim_interfaces__rosidl_generator_c.dir/rosidl_generator_c/auto_aim_interfaces/msg/detail/debug_armor__functions.c.o[0m
[2.714s] [ 12%] [32mBuilding C object CMakeFiles/auto_aim_interfaces__rosidl_generator_c.dir/rosidl_generator_c/auto_aim_interfaces/msg/detail/tracker_info__functions.c.o[0m
[2.717s] [ 13%] [32mBuilding C object CMakeFiles/auto_aim_interfaces__rosidl_generator_c.dir/rosidl_generator_c/auto_aim_interfaces/msg/detail/debug_lights__functions.c.o[0m
[2.724s] [ 14%] [32mBuilding C object CMakeFiles/auto_aim_interfaces__rosidl_generator_c.dir/rosidl_generator_c/auto_aim_interfaces/msg/detail/debug_armors__functions.c.o[0m
[2.911s] [ 16%] [32m[1mLinking C shared library libauto_aim_interfaces__rosidl_generator_c.so[0m
[2.965s] [ 16%] Built target auto_aim_interfaces__rosidl_generator_c
[2.981s] [ 17%] [34m[1mGenerating C type support dispatch for ROS interfaces[0m
[2.984s] [ 19%] [34m[1mGenerating C introspection for ROS interfaces[0m
[2.984s] [ 19%] [34m[1mGenerating C type support for eProsima Fast-RTPS[0m
[3.334s] [ 20%] [32mBuilding CXX object CMakeFiles/auto_aim_interfaces__rosidl_typesupport_introspection_cpp.dir/rosidl_typesupport_introspection_cpp/auto_aim_interfaces/msg/detail/armor__type_support.cpp.o[0m
[3.335s] [ 21%] [32mBuilding CXX object CMakeFiles/auto_aim_interfaces__rosidl_typesupport_introspection_cpp.dir/rosidl_typesupport_introspection_cpp/auto_aim_interfaces/msg/detail/target__type_support.cpp.o[0m
[3.337s] [ 22%] [32mBuilding CXX object CMakeFiles/auto_aim_interfaces__rosidl_typesupport_introspection_cpp.dir/rosidl_typesupport_introspection_cpp/auto_aim_interfaces/msg/detail/debug_light__type_support.cpp.o[0m
[3.339s] [ 24%] [32mBuilding CXX object CMakeFiles/auto_aim_interfaces__rosidl_typesupport_introspection_cpp.dir/rosidl_typesupport_introspection_cpp/auto_aim_interfaces/msg/detail/debug_lights__type_support.cpp.o[0m
[3.358s] [ 25%] [32mBuilding CXX object CMakeFiles/auto_aim_interfaces__rosidl_typesupport_cpp.dir/rosidl_typesupport_cpp/auto_aim_interfaces/msg/armors__type_support.cpp.o[0m
[3.360s] [ 26%] [32mBuilding CXX object CMakeFiles/auto_aim_interfaces__rosidl_typesupport_cpp.dir/rosidl_typesupport_cpp/auto_aim_interfaces/msg/armor__type_support.cpp.o[0m
[3.361s] [ 27%] [32mBuilding CXX object CMakeFiles/auto_aim_interfaces__rosidl_typesupport_introspection_cpp.dir/rosidl_typesupport_introspection_cpp/auto_aim_interfaces/msg/detail/armors__type_support.cpp.o[0m
[3.381s] [ 28%] [32mBuilding CXX object CMakeFiles/auto_aim_interfaces__rosidl_typesupport_introspection_cpp.dir/rosidl_typesupport_introspection_cpp/auto_aim_interfaces/msg/detail/debug_armor__type_support.cpp.o[0m
[4.008s] [ 29%] [32mBuilding CXX object CMakeFiles/auto_aim_interfaces__rosidl_typesupport_cpp.dir/rosidl_typesupport_cpp/auto_aim_interfaces/msg/target__type_support.cpp.o[0m
[4.025s] [ 31%] [32mBuilding CXX object CMakeFiles/auto_aim_interfaces__rosidl_typesupport_introspection_cpp.dir/rosidl_typesupport_introspection_cpp/auto_aim_interfaces/msg/detail/debug_armors__type_support.cpp.o[0m
[4.029s] [ 32%] [32mBuilding CXX object CMakeFiles/auto_aim_interfaces__rosidl_typesupport_introspection_cpp.dir/rosidl_typesupport_introspection_cpp/auto_aim_interfaces/msg/detail/tracker_info__type_support.cpp.o[0m
[4.166s] [ 33%] [32mBuilding CXX object CMakeFiles/auto_aim_interfaces__rosidl_typesupport_c.dir/rosidl_typesupport_c/auto_aim_interfaces/msg/armor__type_support.cpp.o[0m
[4.175s] [ 34%] [32mBuilding CXX object CMakeFiles/auto_aim_interfaces__rosidl_typesupport_cpp.dir/rosidl_typesupport_cpp/auto_aim_interfaces/msg/debug_light__type_support.cpp.o[0m
[4.203s] [ 35%] [32mBuilding CXX object CMakeFiles/auto_aim_interfaces__rosidl_typesupport_cpp.dir/rosidl_typesupport_cpp/auto_aim_interfaces/msg/debug_lights__type_support.cpp.o[0m
[4.210s] [ 36%] [32mBuilding CXX object CMakeFiles/auto_aim_interfaces__rosidl_typesupport_c.dir/rosidl_typesupport_c/auto_aim_interfaces/msg/armors__type_support.cpp.o[0m
[4.221s] [ 37%] [32mBuilding CXX object CMakeFiles/auto_aim_interfaces__rosidl_typesupport_fastrtps_cpp.dir/rosidl_typesupport_fastrtps_cpp/auto_aim_interfaces/msg/detail/dds_fastrtps/armor__type_support.cpp.o[0m
[4.275s] [ 39%] [32mBuilding CXX object CMakeFiles/auto_aim_interfaces__rosidl_typesupport_cpp.dir/rosidl_typesupport_cpp/auto_aim_interfaces/msg/debug_armor__type_support.cpp.o[0m
[4.284s] [ 40%] [32mBuilding CXX object CMakeFiles/auto_aim_interfaces__rosidl_typesupport_c.dir/rosidl_typesupport_c/auto_aim_interfaces/msg/target__type_support.cpp.o[0m
[4.301s] [ 41%] [32mBuilding CXX object CMakeFiles/auto_aim_interfaces__rosidl_typesupport_fastrtps_cpp.dir/rosidl_typesupport_fastrtps_cpp/auto_aim_interfaces/msg/detail/dds_fastrtps/armors__type_support.cpp.o[0m
[4.363s] [ 42%] [32mBuilding CXX object CMakeFiles/auto_aim_interfaces__rosidl_typesupport_cpp.dir/rosidl_typesupport_cpp/auto_aim_interfaces/msg/debug_armors__type_support.cpp.o[0m
[4.427s] [ 43%] [32mBuilding CXX object CMakeFiles/auto_aim_interfaces__rosidl_typesupport_c.dir/rosidl_typesupport_c/auto_aim_interfaces/msg/debug_light__type_support.cpp.o[0m
[4.456s] [ 44%] [32mBuilding C object CMakeFiles/auto_aim_interfaces__rosidl_typesupport_introspection_c.dir/rosidl_typesupport_introspection_c/auto_aim_interfaces/msg/detail/armor__type_support.c.o[0m
[4.480s] [ 45%] [32mBuilding CXX object CMakeFiles/auto_aim_interfaces__rosidl_typesupport_fastrtps_c.dir/rosidl_typesupport_fastrtps_c/auto_aim_interfaces/msg/detail/armor__type_support_c.cpp.o[0m
[4.541s] [ 47%] [32mBuilding CXX object CMakeFiles/auto_aim_interfaces__rosidl_typesupport_fastrtps_c.dir/rosidl_typesupport_fastrtps_c/auto_aim_interfaces/msg/detail/armors__type_support_c.cpp.o[0m
[4.563s] [ 48%] [32mBuilding CXX object CMakeFiles/auto_aim_interfaces__rosidl_typesupport_c.dir/rosidl_typesupport_c/auto_aim_interfaces/msg/debug_lights__type_support.cpp.o[0m
[4.650s] [ 49%] [32mBuilding C object CMakeFiles/auto_aim_interfaces__rosidl_typesupport_introspection_c.dir/rosidl_typesupport_introspection_c/auto_aim_interfaces/msg/detail/armors__type_support.c.o[0m
[4.675s] [ 50%] [32mBuilding CXX object CMakeFiles/auto_aim_interfaces__rosidl_typesupport_cpp.dir/rosidl_typesupport_cpp/auto_aim_interfaces/msg/tracker_info__type_support.cpp.o[0m
[4.697s] [ 51%] [32mBuilding CXX object CMakeFiles/auto_aim_interfaces__rosidl_typesupport_c.dir/rosidl_typesupport_c/auto_aim_interfaces/msg/debug_armor__type_support.cpp.o[0m
[4.717s] [ 52%] [32mBuilding CXX object CMakeFiles/auto_aim_interfaces__rosidl_typesupport_c.dir/rosidl_typesupport_c/auto_aim_interfaces/msg/debug_armors__type_support.cpp.o[0m
[4.775s] [ 54%] [32mBuilding CXX object CMakeFiles/auto_aim_interfaces__rosidl_typesupport_c.dir/rosidl_typesupport_c/auto_aim_interfaces/msg/tracker_info__type_support.cpp.o[0m
[4.816s] [ 55%] [32mBuilding C object CMakeFiles/auto_aim_interfaces__rosidl_typesupport_introspection_c.dir/rosidl_typesupport_introspection_c/auto_aim_interfaces/msg/detail/target__type_support.c.o[0m
[4.839s] [ 56%] [32mBuilding CXX object CMakeFiles/auto_aim_interfaces__rosidl_typesupport_fastrtps_c.dir/rosidl_typesupport_fastrtps_c/auto_aim_interfaces/msg/detail/target__type_support_c.cpp.o[0m
[4.864s] [ 57%] [32mBuilding CXX object CMakeFiles/auto_aim_interfaces__rosidl_typesupport_fastrtps_c.dir/rosidl_typesupport_fastrtps_c/auto_aim_interfaces/msg/detail/debug_light__type_support_c.cpp.o[0m
[4.879s] [ 58%] [32m[1mLinking CXX shared library libauto_aim_interfaces__rosidl_typesupport_c.so[0m
[4.896s] [ 59%] [32mBuilding CXX object CMakeFiles/auto_aim_interfaces__rosidl_typesupport_fastrtps_c.dir/rosidl_typesupport_fastrtps_c/auto_aim_interfaces/msg/detail/debug_lights__type_support_c.cpp.o[0m
[4.920s] [ 60%] [32mBuilding C object CMakeFiles/auto_aim_interfaces__rosidl_typesupport_introspection_c.dir/rosidl_typesupport_introspection_c/auto_aim_interfaces/msg/detail/debug_light__type_support.c.o[0m
[4.946s] [ 62%] [32mBuilding C object CMakeFiles/auto_aim_interfaces__rosidl_typesupport_introspection_c.dir/rosidl_typesupport_introspection_c/auto_aim_interfaces/msg/detail/debug_lights__type_support.c.o[0m
[4.999s] [ 63%] [32m[1mLinking CXX shared library libauto_aim_interfaces__rosidl_typesupport_introspection_cpp.so[0m
[5.045s] [ 64%] [32mBuilding C object CMakeFiles/auto_aim_interfaces__rosidl_typesupport_introspection_c.dir/rosidl_typesupport_introspection_c/auto_aim_interfaces/msg/detail/debug_armor__type_support.c.o[0m
[5.060s] [ 64%] Built target auto_aim_interfaces__rosidl_typesupport_c
[5.079s] [ 65%] [32mBuilding CXX object CMakeFiles/auto_aim_interfaces__rosidl_typesupport_fastrtps_cpp.dir/rosidl_typesupport_fastrtps_cpp/auto_aim_interfaces/msg/detail/dds_fastrtps/target__type_support.cpp.o[0m
[5.105s] [ 66%] [32mBuilding C object CMakeFiles/auto_aim_interfaces__rosidl_typesupport_introspection_c.dir/rosidl_typesupport_introspection_c/auto_aim_interfaces/msg/detail/debug_armors__type_support.c.o[0m
[5.144s] [ 67%] [32mBuilding C object CMakeFiles/auto_aim_interfaces__rosidl_typesupport_introspection_c.dir/rosidl_typesupport_introspection_c/auto_aim_interfaces/msg/detail/tracker_info__type_support.c.o[0m
[5.205s] [ 68%] [32mBuilding CXX object CMakeFiles/auto_aim_interfaces__rosidl_typesupport_fastrtps_cpp.dir/rosidl_typesupport_fastrtps_cpp/auto_aim_interfaces/msg/detail/dds_fastrtps/debug_light__type_support.cpp.o[0m
[5.263s] [ 68%] Built target auto_aim_interfaces__rosidl_typesupport_introspection_cpp
[5.280s] [ 70%] [32mBuilding CXX object CMakeFiles/auto_aim_interfaces__rosidl_typesupport_fastrtps_c.dir/rosidl_typesupport_fastrtps_c/auto_aim_interfaces/msg/detail/debug_armor__type_support_c.cpp.o[0m
[5.292s] [ 71%] [32m[1mLinking C shared library libauto_aim_interfaces__rosidl_typesupport_introspection_c.so[0m
[5.312s] [ 72%] [32mBuilding CXX object CMakeFiles/auto_aim_interfaces__rosidl_typesupport_fastrtps_cpp.dir/rosidl_typesupport_fastrtps_cpp/auto_aim_interfaces/msg/detail/dds_fastrtps/debug_armor__type_support.cpp.o[0m
[5.316s] [ 73%] [32mBuilding CXX object CMakeFiles/auto_aim_interfaces__rosidl_typesupport_fastrtps_cpp.dir/rosidl_typesupport_fastrtps_cpp/auto_aim_interfaces/msg/detail/dds_fastrtps/debug_lights__type_support.cpp.o[0m
[5.343s] [ 74%] [32mBuilding CXX object CMakeFiles/auto_aim_interfaces__rosidl_typesupport_fastrtps_c.dir/rosidl_typesupport_fastrtps_c/auto_aim_interfaces/msg/detail/debug_armors__type_support_c.cpp.o[0m
[5.346s] [ 75%] [32m[1mLinking CXX shared library libauto_aim_interfaces__rosidl_typesupport_cpp.so[0m
[5.362s] [ 77%] [32mBuilding CXX object CMakeFiles/auto_aim_interfaces__rosidl_typesupport_fastrtps_cpp.dir/rosidl_typesupport_fastrtps_cpp/auto_aim_interfaces/msg/detail/dds_fastrtps/debug_armors__type_support.cpp.o[0m
[5.373s] [ 77%] Built target auto_aim_interfaces__rosidl_typesupport_introspection_c
[5.415s] [ 78%] [32mBuilding CXX object CMakeFiles/auto_aim_interfaces__rosidl_typesupport_fastrtps_c.dir/rosidl_typesupport_fastrtps_c/auto_aim_interfaces/msg/detail/tracker_info__type_support_c.cpp.o[0m
[5.548s] [ 78%] Built target auto_aim_interfaces__rosidl_typesupport_cpp
[5.602s] [ 79%] [32mBuilding CXX object CMakeFiles/auto_aim_interfaces__rosidl_typesupport_fastrtps_cpp.dir/rosidl_typesupport_fastrtps_cpp/auto_aim_interfaces/msg/detail/dds_fastrtps/tracker_info__type_support.cpp.o[0m
[6.002s] [ 80%] [32m[1mLinking CXX shared library libauto_aim_interfaces__rosidl_typesupport_fastrtps_c.so[0m
[6.130s] [ 80%] Built target auto_aim_interfaces__rosidl_typesupport_fastrtps_c
[6.352s] [ 81%] [32m[1mLinking CXX shared library libauto_aim_interfaces__rosidl_typesupport_fastrtps_cpp.so[0m
[6.466s] [ 81%] Built target auto_aim_interfaces__rosidl_typesupport_fastrtps_cpp
[6.495s] [ 81%] Built target auto_aim_interfaces
[6.524s] [ 82%] [34m[1mGenerating Python code for ROS interfaces[0m
[7.377s] [ 82%] Built target auto_aim_interfaces__py
[7.407s] [ 83%] [32mBuilding C object CMakeFiles/auto_aim_interfaces__rosidl_generator_py.dir/rosidl_generator_py/auto_aim_interfaces/msg/_debug_armors_s.c.o[0m
[7.407s] [ 86%] [32mBuilding C object CMakeFiles/auto_aim_interfaces__rosidl_generator_py.dir/rosidl_generator_py/auto_aim_interfaces/msg/_armor_s.c.o[0m
[7.407s] [ 86%] [32mBuilding C object CMakeFiles/auto_aim_interfaces__rosidl_generator_py.dir/rosidl_generator_py/auto_aim_interfaces/msg/_debug_light_s.c.o[0m
[7.408s] [ 89%] [32mBuilding C object CMakeFiles/auto_aim_interfaces__rosidl_generator_py.dir/rosidl_generator_py/auto_aim_interfaces/msg/_target_s.c.o[0m
[7.409s] [ 89%] [32mBuilding C object CMakeFiles/auto_aim_interfaces__rosidl_generator_py.dir/rosidl_generator_py/auto_aim_interfaces/msg/_debug_lights_s.c.o[0m
[7.409s] [ 89%] [32mBuilding C object CMakeFiles/auto_aim_interfaces__rosidl_generator_py.dir/rosidl_generator_py/auto_aim_interfaces/msg/_armors_s.c.o[0m
[7.409s] [ 90%] [32mBuilding C object CMakeFiles/auto_aim_interfaces__rosidl_generator_py.dir/rosidl_generator_py/auto_aim_interfaces/msg/_debug_armor_s.c.o[0m
[7.409s] [ 91%] [32mBuilding C object CMakeFiles/auto_aim_interfaces__rosidl_generator_py.dir/rosidl_generator_py/auto_aim_interfaces/msg/_tracker_info_s.c.o[0m
[7.616s] [ 93%] [32m[1mLinking C shared library rosidl_generator_py/auto_aim_interfaces/libauto_aim_interfaces__rosidl_generator_py.so[0m
[7.668s] [ 93%] Built target auto_aim_interfaces__rosidl_generator_py
[7.693s] [ 95%] [32mBuilding C object CMakeFiles/auto_aim_interfaces__rosidl_typesupport_fastrtps_c__pyext.dir/rosidl_generator_py/auto_aim_interfaces/_auto_aim_interfaces_s.ep.rosidl_typesupport_fastrtps_c.c.o[0m
[7.693s] [ 95%] [32mBuilding C object CMakeFiles/auto_aim_interfaces__rosidl_typesupport_introspection_c__pyext.dir/rosidl_generator_py/auto_aim_interfaces/_auto_aim_interfaces_s.ep.rosidl_typesupport_introspection_c.c.o[0m
[7.695s] [ 96%] [32mBuilding C object CMakeFiles/auto_aim_interfaces__rosidl_typesupport_c__pyext.dir/rosidl_generator_py/auto_aim_interfaces/_auto_aim_interfaces_s.ep.rosidl_typesupport_c.c.o[0m
[7.883s] [ 98%] [32m[1mLinking C shared library rosidl_generator_py/auto_aim_interfaces/auto_aim_interfaces_s__rosidl_typesupport_c.cpython-310-x86_64-linux-gnu.so[0m
[7.883s] [ 98%] [32m[1mLinking C shared library rosidl_generator_py/auto_aim_interfaces/auto_aim_interfaces_s__rosidl_typesupport_introspection_c.cpython-310-x86_64-linux-gnu.so[0m
[7.884s] [100%] [32m[1mLinking C shared library rosidl_generator_py/auto_aim_interfaces/auto_aim_interfaces_s__rosidl_typesupport_fastrtps_c.cpython-310-x86_64-linux-gnu.so[0m
[7.932s] [100%] Built target auto_aim_interfaces__rosidl_typesupport_c__pyext
[7.932s] [100%] Built target auto_aim_interfaces__rosidl_typesupport_introspection_c__pyext
[7.932s] [100%] Built target auto_aim_interfaces__rosidl_typesupport_fastrtps_c__pyext
[7.949s] Invoked command in '/home/imca06/ros_ws/build/auto_aim_interfaces' returned '0': CMAKE_PREFIX_PATH=/opt/ros/humble /usr/bin/cmake --build /home/imca06/ros_ws/build/auto_aim_interfaces -- -j12 -l12
[8.219s] Invoking command in '/home/imca06/ros_ws/build/auto_aim_interfaces': CMAKE_PREFIX_PATH=/opt/ros/humble /usr/bin/cmake --install /home/imca06/ros_ws/build/auto_aim_interfaces
[8.228s] -- Install configuration: "Release"
[8.229s] -- Execute custom install script
[8.229s] -- Symlinking: /home/imca06/ros_ws/install/auto_aim_interfaces/share/ament_index/resource_index/rosidl_interfaces/auto_aim_interfaces
[8.241s] -- Symlinking: /home/imca06/ros_ws/install/auto_aim_interfaces/include/auto_aim_interfaces/auto_aim_interfaces/msg/armor.h
[8.252s] -- Symlinking: /home/imca06/ros_ws/install/auto_aim_interfaces/include/auto_aim_interfaces/auto_aim_interfaces/msg/armors.h
[8.263s] -- Symlinking: /home/imca06/ros_ws/install/auto_aim_interfaces/include/auto_aim_interfaces/auto_aim_interfaces/msg/debug_armor.h
[8.275s] -- Symlinking: /home/imca06/ros_ws/install/auto_aim_interfaces/include/auto_aim_interfaces/auto_aim_interfaces/msg/debug_armors.h
[8.286s] -- Symlinking: /home/imca06/ros_ws/install/auto_aim_interfaces/include/auto_aim_interfaces/auto_aim_interfaces/msg/debug_light.h
[8.298s] -- Symlinking: /home/imca06/ros_ws/install/auto_aim_interfaces/include/auto_aim_interfaces/auto_aim_interfaces/msg/debug_lights.h
[8.310s] -- Symlinking: /home/imca06/ros_ws/install/auto_aim_interfaces/include/auto_aim_interfaces/auto_aim_interfaces/msg/detail/armor__functions.h
[8.321s] -- Symlinking: /home/imca06/ros_ws/install/auto_aim_interfaces/include/auto_aim_interfaces/auto_aim_interfaces/msg/detail/armor__struct.h
[8.333s] -- Symlinking: /home/imca06/ros_ws/install/auto_aim_interfaces/include/auto_aim_interfaces/auto_aim_interfaces/msg/detail/armor__type_support.h
[8.344s] -- Symlinking: /home/imca06/ros_ws/install/auto_aim_interfaces/include/auto_aim_interfaces/auto_aim_interfaces/msg/detail/armors__functions.h
[8.356s] -- Symlinking: /home/imca06/ros_ws/install/auto_aim_interfaces/include/auto_aim_interfaces/auto_aim_interfaces/msg/detail/armors__struct.h
[8.368s] -- Symlinking: /home/imca06/ros_ws/install/auto_aim_interfaces/include/auto_aim_interfaces/auto_aim_interfaces/msg/detail/armors__type_support.h
[8.379s] -- Symlinking: /home/imca06/ros_ws/install/auto_aim_interfaces/include/auto_aim_interfaces/auto_aim_interfaces/msg/detail/debug_armor__functions.h
[8.391s] -- Symlinking: /home/imca06/ros_ws/install/auto_aim_interfaces/include/auto_aim_interfaces/auto_aim_interfaces/msg/detail/debug_armor__struct.h
[8.403s] -- Symlinking: /home/imca06/ros_ws/install/auto_aim_interfaces/include/auto_aim_interfaces/auto_aim_interfaces/msg/detail/debug_armor__type_support.h
[8.415s] -- Symlinking: /home/imca06/ros_ws/install/auto_aim_interfaces/include/auto_aim_interfaces/auto_aim_interfaces/msg/detail/debug_armors__functions.h
[8.426s] -- Symlinking: /home/imca06/ros_ws/install/auto_aim_interfaces/include/auto_aim_interfaces/auto_aim_interfaces/msg/detail/debug_armors__struct.h
[8.438s] -- Symlinking: /home/imca06/ros_ws/install/auto_aim_interfaces/include/auto_aim_interfaces/auto_aim_interfaces/msg/detail/debug_armors__type_support.h
[8.449s] -- Symlinking: /home/imca06/ros_ws/install/auto_aim_interfaces/include/auto_aim_interfaces/auto_aim_interfaces/msg/detail/debug_light__functions.h
[8.460s] -- Symlinking: /home/imca06/ros_ws/install/auto_aim_interfaces/include/auto_aim_interfaces/auto_aim_interfaces/msg/detail/debug_light__struct.h
[8.472s] -- Symlinking: /home/imca06/ros_ws/install/auto_aim_interfaces/include/auto_aim_interfaces/auto_aim_interfaces/msg/detail/debug_light__type_support.h
[8.483s] -- Symlinking: /home/imca06/ros_ws/install/auto_aim_interfaces/include/auto_aim_interfaces/auto_aim_interfaces/msg/detail/debug_lights__functions.h
[8.496s] -- Symlinking: /home/imca06/ros_ws/install/auto_aim_interfaces/include/auto_aim_interfaces/auto_aim_interfaces/msg/detail/debug_lights__struct.h
[8.507s] -- Symlinking: /home/imca06/ros_ws/install/auto_aim_interfaces/include/auto_aim_interfaces/auto_aim_interfaces/msg/detail/debug_lights__type_support.h
[8.518s] -- Symlinking: /home/imca06/ros_ws/install/auto_aim_interfaces/include/auto_aim_interfaces/auto_aim_interfaces/msg/detail/target__functions.h
[8.530s] -- Symlinking: /home/imca06/ros_ws/install/auto_aim_interfaces/include/auto_aim_interfaces/auto_aim_interfaces/msg/detail/target__struct.h
[8.542s] -- Symlinking: /home/imca06/ros_ws/install/auto_aim_interfaces/include/auto_aim_interfaces/auto_aim_interfaces/msg/detail/target__type_support.h
[8.553s] -- Symlinking: /home/imca06/ros_ws/install/auto_aim_interfaces/include/auto_aim_interfaces/auto_aim_interfaces/msg/detail/tracker_info__functions.h
[8.565s] -- Symlinking: /home/imca06/ros_ws/install/auto_aim_interfaces/include/auto_aim_interfaces/auto_aim_interfaces/msg/detail/tracker_info__struct.h
[8.577s] -- Symlinking: /home/imca06/ros_ws/install/auto_aim_interfaces/include/auto_aim_interfaces/auto_aim_interfaces/msg/detail/tracker_info__type_support.h
[8.588s] -- Symlinking: /home/imca06/ros_ws/install/auto_aim_interfaces/include/auto_aim_interfaces/auto_aim_interfaces/msg/rosidl_generator_c__visibility_control.h
[8.600s] -- Symlinking: /home/imca06/ros_ws/install/auto_aim_interfaces/include/auto_aim_interfaces/auto_aim_interfaces/msg/target.h
[8.612s] -- Symlinking: /home/imca06/ros_ws/install/auto_aim_interfaces/include/auto_aim_interfaces/auto_aim_interfaces/msg/tracker_info.h
[8.624s] -- Symlinking: /home/imca06/ros_ws/install/auto_aim_interfaces/share/auto_aim_interfaces/environment/library_path.sh
[8.636s] -- Symlinking: /home/imca06/ros_ws/install/auto_aim_interfaces/share/auto_aim_interfaces/environment/library_path.dsv
[8.648s] -- Symlinking: /home/imca06/ros_ws/install/auto_aim_interfaces/include/auto_aim_interfaces/auto_aim_interfaces/msg/detail/armor__rosidl_typesupport_fastrtps_c.h
[8.659s] -- Symlinking: /home/imca06/ros_ws/install/auto_aim_interfaces/include/auto_aim_interfaces/auto_aim_interfaces/msg/detail/armors__rosidl_typesupport_fastrtps_c.h
[8.672s] -- Symlinking: /home/imca06/ros_ws/install/auto_aim_interfaces/include/auto_aim_interfaces/auto_aim_interfaces/msg/detail/debug_armor__rosidl_typesupport_fastrtps_c.h
[8.683s] -- Symlinking: /home/imca06/ros_ws/install/auto_aim_interfaces/include/auto_aim_interfaces/auto_aim_interfaces/msg/detail/debug_armors__rosidl_typesupport_fastrtps_c.h
[8.695s] -- Symlinking: /home/imca06/ros_ws/install/auto_aim_interfaces/include/auto_aim_interfaces/auto_aim_interfaces/msg/detail/debug_light__rosidl_typesupport_fastrtps_c.h
[8.706s] -- Symlinking: /home/imca06/ros_ws/install/auto_aim_interfaces/include/auto_aim_interfaces/auto_aim_interfaces/msg/detail/debug_lights__rosidl_typesupport_fastrtps_c.h
[8.718s] -- Symlinking: /home/imca06/ros_ws/install/auto_aim_interfaces/include/auto_aim_interfaces/auto_aim_interfaces/msg/detail/target__rosidl_typesupport_fastrtps_c.h
[8.730s] -- Symlinking: /home/imca06/ros_ws/install/auto_aim_interfaces/include/auto_aim_interfaces/auto_aim_interfaces/msg/detail/tracker_info__rosidl_typesupport_fastrtps_c.h
[8.741s] -- Symlinking: /home/imca06/ros_ws/install/auto_aim_interfaces/include/auto_aim_interfaces/auto_aim_interfaces/msg/rosidl_typesupport_fastrtps_c__visibility_control.h
[8.754s] -- Symlinking: /home/imca06/ros_ws/install/auto_aim_interfaces/include/auto_aim_interfaces/auto_aim_interfaces/msg/detail/armor__rosidl_typesupport_introspection_c.h
[8.765s] -- Symlinking: /home/imca06/ros_ws/install/auto_aim_interfaces/include/auto_aim_interfaces/auto_aim_interfaces/msg/detail/armors__rosidl_typesupport_introspection_c.h
[8.777s] -- Symlinking: /home/imca06/ros_ws/install/auto_aim_interfaces/include/auto_aim_interfaces/auto_aim_interfaces/msg/detail/debug_armor__rosidl_typesupport_introspection_c.h
[8.788s] -- Symlinking: /home/imca06/ros_ws/install/auto_aim_interfaces/include/auto_aim_interfaces/auto_aim_interfaces/msg/detail/debug_armors__rosidl_typesupport_introspection_c.h
[8.800s] -- Symlinking: /home/imca06/ros_ws/install/auto_aim_interfaces/include/auto_aim_interfaces/auto_aim_interfaces/msg/detail/debug_light__rosidl_typesupport_introspection_c.h
[8.812s] -- Symlinking: /home/imca06/ros_ws/install/auto_aim_interfaces/include/auto_aim_interfaces/auto_aim_interfaces/msg/detail/debug_lights__rosidl_typesupport_introspection_c.h
[8.823s] -- Symlinking: /home/imca06/ros_ws/install/auto_aim_interfaces/include/auto_aim_interfaces/auto_aim_interfaces/msg/detail/target__rosidl_typesupport_introspection_c.h
[8.834s] -- Symlinking: /home/imca06/ros_ws/install/auto_aim_interfaces/include/auto_aim_interfaces/auto_aim_interfaces/msg/detail/tracker_info__rosidl_typesupport_introspection_c.h
[8.846s] -- Symlinking: /home/imca06/ros_ws/install/auto_aim_interfaces/include/auto_aim_interfaces/auto_aim_interfaces/msg/rosidl_typesupport_introspection_c__visibility_control.h
[8.858s] -- Symlinking: /home/imca06/ros_ws/install/auto_aim_interfaces/include/auto_aim_interfaces/auto_aim_interfaces/msg/armor.hpp
[8.869s] -- Symlinking: /home/imca06/ros_ws/install/auto_aim_interfaces/include/auto_aim_interfaces/auto_aim_interfaces/msg/armors.hpp
[8.881s] -- Symlinking: /home/imca06/ros_ws/install/auto_aim_interfaces/include/auto_aim_interfaces/auto_aim_interfaces/msg/debug_armor.hpp
[8.893s] -- Symlinking: /home/imca06/ros_ws/install/auto_aim_interfaces/include/auto_aim_interfaces/auto_aim_interfaces/msg/debug_armors.hpp
[8.904s] -- Symlinking: /home/imca06/ros_ws/install/auto_aim_interfaces/include/auto_aim_interfaces/auto_aim_interfaces/msg/debug_light.hpp
[8.916s] -- Symlinking: /home/imca06/ros_ws/install/auto_aim_interfaces/include/auto_aim_interfaces/auto_aim_interfaces/msg/debug_lights.hpp
[8.927s] -- Symlinking: /home/imca06/ros_ws/install/auto_aim_interfaces/include/auto_aim_interfaces/auto_aim_interfaces/msg/detail/armor__builder.hpp
[8.940s] -- Symlinking: /home/imca06/ros_ws/install/auto_aim_interfaces/include/auto_aim_interfaces/auto_aim_interfaces/msg/detail/armor__struct.hpp
[8.951s] -- Symlinking: /home/imca06/ros_ws/install/auto_aim_interfaces/include/auto_aim_interfaces/auto_aim_interfaces/msg/detail/armor__traits.hpp
[8.963s] -- Symlinking: /home/imca06/ros_ws/install/auto_aim_interfaces/include/auto_aim_interfaces/auto_aim_interfaces/msg/detail/armors__builder.hpp
[8.974s] -- Symlinking: /home/imca06/ros_ws/install/auto_aim_interfaces/include/auto_aim_interfaces/auto_aim_interfaces/msg/detail/armors__struct.hpp
[8.985s] -- Symlinking: /home/imca06/ros_ws/install/auto_aim_interfaces/include/auto_aim_interfaces/auto_aim_interfaces/msg/detail/armors__traits.hpp
[8.996s] -- Symlinking: /home/imca06/ros_ws/install/auto_aim_interfaces/include/auto_aim_interfaces/auto_aim_interfaces/msg/detail/debug_armor__builder.hpp
[9.009s] -- Symlinking: /home/imca06/ros_ws/install/auto_aim_interfaces/include/auto_aim_interfaces/auto_aim_interfaces/msg/detail/debug_armor__struct.hpp
[9.020s] -- Symlinking: /home/imca06/ros_ws/install/auto_aim_interfaces/include/auto_aim_interfaces/auto_aim_interfaces/msg/detail/debug_armor__traits.hpp
[9.031s] -- Symlinking: /home/imca06/ros_ws/install/auto_aim_interfaces/include/auto_aim_interfaces/auto_aim_interfaces/msg/detail/debug_armors__builder.hpp
[9.042s] -- Symlinking: /home/imca06/ros_ws/install/auto_aim_interfaces/include/auto_aim_interfaces/auto_aim_interfaces/msg/detail/debug_armors__struct.hpp
[9.054s] -- Symlinking: /home/imca06/ros_ws/install/auto_aim_interfaces/include/auto_aim_interfaces/auto_aim_interfaces/msg/detail/debug_armors__traits.hpp
[9.066s] -- Symlinking: /home/imca06/ros_ws/install/auto_aim_interfaces/include/auto_aim_interfaces/auto_aim_interfaces/msg/detail/debug_light__builder.hpp
[9.077s] -- Symlinking: /home/imca06/ros_ws/install/auto_aim_interfaces/include/auto_aim_interfaces/auto_aim_interfaces/msg/detail/debug_light__struct.hpp
[9.088s] -- Symlinking: /home/imca06/ros_ws/install/auto_aim_interfaces/include/auto_aim_interfaces/auto_aim_interfaces/msg/detail/debug_light__traits.hpp
[9.100s] -- Symlinking: /home/imca06/ros_ws/install/auto_aim_interfaces/include/auto_aim_interfaces/auto_aim_interfaces/msg/detail/debug_lights__builder.hpp
[9.111s] -- Symlinking: /home/imca06/ros_ws/install/auto_aim_interfaces/include/auto_aim_interfaces/auto_aim_interfaces/msg/detail/debug_lights__struct.hpp
[9.123s] -- Symlinking: /home/imca06/ros_ws/install/auto_aim_interfaces/include/auto_aim_interfaces/auto_aim_interfaces/msg/detail/debug_lights__traits.hpp
[9.135s] -- Symlinking: /home/imca06/ros_ws/install/auto_aim_interfaces/include/auto_aim_interfaces/auto_aim_interfaces/msg/detail/target__builder.hpp
[9.146s] -- Symlinking: /home/imca06/ros_ws/install/auto_aim_interfaces/include/auto_aim_interfaces/auto_aim_interfaces/msg/detail/target__struct.hpp
[9.157s] -- Symlinking: /home/imca06/ros_ws/install/auto_aim_interfaces/include/auto_aim_interfaces/auto_aim_interfaces/msg/detail/target__traits.hpp
[9.169s] -- Symlinking: /home/imca06/ros_ws/install/auto_aim_interfaces/include/auto_aim_interfaces/auto_aim_interfaces/msg/detail/tracker_info__builder.hpp
[9.180s] -- Symlinking: /home/imca06/ros_ws/install/auto_aim_interfaces/include/auto_aim_interfaces/auto_aim_interfaces/msg/detail/tracker_info__struct.hpp
[9.191s] -- Symlinking: /home/imca06/ros_ws/install/auto_aim_interfaces/include/auto_aim_interfaces/auto_aim_interfaces/msg/detail/tracker_info__traits.hpp
[9.203s] -- Symlinking: /home/imca06/ros_ws/install/auto_aim_interfaces/include/auto_aim_interfaces/auto_aim_interfaces/msg/target.hpp
[9.215s] -- Symlinking: /home/imca06/ros_ws/install/auto_aim_interfaces/include/auto_aim_interfaces/auto_aim_interfaces/msg/tracker_info.hpp
[9.227s] -- Symlinking: /home/imca06/ros_ws/install/auto_aim_interfaces/include/auto_aim_interfaces/auto_aim_interfaces/msg/detail/armor__rosidl_typesupport_fastrtps_cpp.hpp
[9.239s] -- Symlinking: /home/imca06/ros_ws/install/auto_aim_interfaces/include/auto_aim_interfaces/auto_aim_interfaces/msg/detail/armors__rosidl_typesupport_fastrtps_cpp.hpp
[9.250s] -- Symlinking: /home/imca06/ros_ws/install/auto_aim_interfaces/include/auto_aim_interfaces/auto_aim_interfaces/msg/detail/debug_armor__rosidl_typesupport_fastrtps_cpp.hpp
[9.262s] -- Symlinking: /home/imca06/ros_ws/install/auto_aim_interfaces/include/auto_aim_interfaces/auto_aim_interfaces/msg/detail/debug_armors__rosidl_typesupport_fastrtps_cpp.hpp
[9.273s] -- Symlinking: /home/imca06/ros_ws/install/auto_aim_interfaces/include/auto_aim_interfaces/auto_aim_interfaces/msg/detail/debug_light__rosidl_typesupport_fastrtps_cpp.hpp
[9.284s] -- Symlinking: /home/imca06/ros_ws/install/auto_aim_interfaces/include/auto_aim_interfaces/auto_aim_interfaces/msg/detail/debug_lights__rosidl_typesupport_fastrtps_cpp.hpp
[9.295s] -- Symlinking: /home/imca06/ros_ws/install/auto_aim_interfaces/include/auto_aim_interfaces/auto_aim_interfaces/msg/detail/target__rosidl_typesupport_fastrtps_cpp.hpp
[9.307s] -- Symlinking: /home/imca06/ros_ws/install/auto_aim_interfaces/include/auto_aim_interfaces/auto_aim_interfaces/msg/detail/tracker_info__rosidl_typesupport_fastrtps_cpp.hpp
[9.318s] -- Symlinking: /home/imca06/ros_ws/install/auto_aim_interfaces/include/auto_aim_interfaces/auto_aim_interfaces/msg/rosidl_typesupport_fastrtps_cpp__visibility_control.h
[9.331s] -- Symlinking: /home/imca06/ros_ws/install/auto_aim_interfaces/include/auto_aim_interfaces/auto_aim_interfaces/msg/detail/armor__rosidl_typesupport_introspection_cpp.hpp
[9.343s] -- Symlinking: /home/imca06/ros_ws/install/auto_aim_interfaces/include/auto_aim_interfaces/auto_aim_interfaces/msg/detail/armors__rosidl_typesupport_introspection_cpp.hpp
[9.355s] -- Symlinking: /home/imca06/ros_ws/install/auto_aim_interfaces/include/auto_aim_interfaces/auto_aim_interfaces/msg/detail/debug_armor__rosidl_typesupport_introspection_cpp.hpp
[9.366s] -- Symlinking: /home/imca06/ros_ws/install/auto_aim_interfaces/include/auto_aim_interfaces/auto_aim_interfaces/msg/detail/debug_armors__rosidl_typesupport_introspection_cpp.hpp
[9.378s] -- Symlinking: /home/imca06/ros_ws/install/auto_aim_interfaces/include/auto_aim_interfaces/auto_aim_interfaces/msg/detail/debug_light__rosidl_typesupport_introspection_cpp.hpp
[9.389s] -- Symlinking: /home/imca06/ros_ws/install/auto_aim_interfaces/include/auto_aim_interfaces/auto_aim_interfaces/msg/detail/debug_lights__rosidl_typesupport_introspection_cpp.hpp
[9.400s] -- Symlinking: /home/imca06/ros_ws/install/auto_aim_interfaces/include/auto_aim_interfaces/auto_aim_interfaces/msg/detail/target__rosidl_typesupport_introspection_cpp.hpp
[9.412s] -- Symlinking: /home/imca06/ros_ws/install/auto_aim_interfaces/include/auto_aim_interfaces/auto_aim_interfaces/msg/detail/tracker_info__rosidl_typesupport_introspection_cpp.hpp
[9.425s] -- Symlinking: /home/imca06/ros_ws/install/auto_aim_interfaces/share/auto_aim_interfaces/environment/pythonpath.sh
[9.436s] -- Symlinking: /home/imca06/ros_ws/install/auto_aim_interfaces/share/auto_aim_interfaces/environment/pythonpath.dsv
[9.448s] -- Symlinking: /home/imca06/ros_ws/install/auto_aim_interfaces/local/lib/python3.10/dist-packages/auto_aim_interfaces-0.0.0-py3.10.egg-info/PKG-INFO
[9.459s] -- Symlinking: /home/imca06/ros_ws/install/auto_aim_interfaces/local/lib/python3.10/dist-packages/auto_aim_interfaces-0.0.0-py3.10.egg-info/SOURCES.txt
[9.470s] -- Symlinking: /home/imca06/ros_ws/install/auto_aim_interfaces/local/lib/python3.10/dist-packages/auto_aim_interfaces-0.0.0-py3.10.egg-info/dependency_links.txt
[9.483s] -- Symlinking: /home/imca06/ros_ws/install/auto_aim_interfaces/local/lib/python3.10/dist-packages/auto_aim_interfaces-0.0.0-py3.10.egg-info/top_level.txt
[9.496s] -- Symlinking: /home/imca06/ros_ws/install/auto_aim_interfaces/local/lib/python3.10/dist-packages/auto_aim_interfaces/__init__.py
[9.507s] -- Symlinking: /home/imca06/ros_ws/install/auto_aim_interfaces/local/lib/python3.10/dist-packages/auto_aim_interfaces/_auto_aim_interfaces_s.ep.rosidl_typesupport_c.c
[9.518s] -- Symlinking: /home/imca06/ros_ws/install/auto_aim_interfaces/local/lib/python3.10/dist-packages/auto_aim_interfaces/_auto_aim_interfaces_s.ep.rosidl_typesupport_fastrtps_c.c
[9.531s] -- Symlinking: /home/imca06/ros_ws/install/auto_aim_interfaces/local/lib/python3.10/dist-packages/auto_aim_interfaces/_auto_aim_interfaces_s.ep.rosidl_typesupport_introspection_c.c
[9.543s] -- Symlinking: /home/imca06/ros_ws/install/auto_aim_interfaces/local/lib/python3.10/dist-packages/auto_aim_interfaces/auto_aim_interfaces_s__rosidl_typesupport_c.cpython-310-x86_64-linux-gnu.so
[9.555s] -- Symlinking: /home/imca06/ros_ws/install/auto_aim_interfaces/local/lib/python3.10/dist-packages/auto_aim_interfaces/auto_aim_interfaces_s__rosidl_typesupport_fastrtps_c.cpython-310-x86_64-linux-gnu.so
[9.566s] -- Symlinking: /home/imca06/ros_ws/install/auto_aim_interfaces/local/lib/python3.10/dist-packages/auto_aim_interfaces/auto_aim_interfaces_s__rosidl_typesupport_introspection_c.cpython-310-x86_64-linux-gnu.so
[9.577s] -- Symlinking: /home/imca06/ros_ws/install/auto_aim_interfaces/local/lib/python3.10/dist-packages/auto_aim_interfaces/libauto_aim_interfaces__rosidl_generator_py.so
[9.589s] -- Symlinking: /home/imca06/ros_ws/install/auto_aim_interfaces/local/lib/python3.10/dist-packages/auto_aim_interfaces/msg/__init__.py
[9.601s] -- Symlinking: /home/imca06/ros_ws/install/auto_aim_interfaces/local/lib/python3.10/dist-packages/auto_aim_interfaces/msg/_armor.py
[9.611s] -- Symlinking: /home/imca06/ros_ws/install/auto_aim_interfaces/local/lib/python3.10/dist-packages/auto_aim_interfaces/msg/_armor_s.c
[9.622s] -- Symlinking: /home/imca06/ros_ws/install/auto_aim_interfaces/local/lib/python3.10/dist-packages/auto_aim_interfaces/msg/_armors.py
[9.634s] -- Symlinking: /home/imca06/ros_ws/install/auto_aim_interfaces/local/lib/python3.10/dist-packages/auto_aim_interfaces/msg/_armors_s.c
[9.646s] -- Symlinking: /home/imca06/ros_ws/install/auto_aim_interfaces/local/lib/python3.10/dist-packages/auto_aim_interfaces/msg/_debug_armor.py
[9.657s] -- Symlinking: /home/imca06/ros_ws/install/auto_aim_interfaces/local/lib/python3.10/dist-packages/auto_aim_interfaces/msg/_debug_armor_s.c
[9.669s] -- Symlinking: /home/imca06/ros_ws/install/auto_aim_interfaces/local/lib/python3.10/dist-packages/auto_aim_interfaces/msg/_debug_armors.py
[9.680s] -- Symlinking: /home/imca06/ros_ws/install/auto_aim_interfaces/local/lib/python3.10/dist-packages/auto_aim_interfaces/msg/_debug_armors_s.c
[9.692s] -- Symlinking: /home/imca06/ros_ws/install/auto_aim_interfaces/local/lib/python3.10/dist-packages/auto_aim_interfaces/msg/_debug_light.py
[9.704s] -- Symlinking: /home/imca06/ros_ws/install/auto_aim_interfaces/local/lib/python3.10/dist-packages/auto_aim_interfaces/msg/_debug_light_s.c
[9.715s] -- Symlinking: /home/imca06/ros_ws/install/auto_aim_interfaces/local/lib/python3.10/dist-packages/auto_aim_interfaces/msg/_debug_lights.py
[9.726s] -- Symlinking: /home/imca06/ros_ws/install/auto_aim_interfaces/local/lib/python3.10/dist-packages/auto_aim_interfaces/msg/_debug_lights_s.c
[9.737s] -- Symlinking: /home/imca06/ros_ws/install/auto_aim_interfaces/local/lib/python3.10/dist-packages/auto_aim_interfaces/msg/_target.py
[9.748s] -- Symlinking: /home/imca06/ros_ws/install/auto_aim_interfaces/local/lib/python3.10/dist-packages/auto_aim_interfaces/msg/_target_s.c
[9.759s] -- Symlinking: /home/imca06/ros_ws/install/auto_aim_interfaces/local/lib/python3.10/dist-packages/auto_aim_interfaces/msg/_tracker_info.py
[9.771s] -- Symlinking: /home/imca06/ros_ws/install/auto_aim_interfaces/local/lib/python3.10/dist-packages/auto_aim_interfaces/msg/_tracker_info_s.c
[9.783s] -- Up-to-date symlink: /home/imca06/ros_ws/install/auto_aim_interfaces/local/lib/python3.10/dist-packages/auto_aim_interfaces/auto_aim_interfaces_s__rosidl_typesupport_fastrtps_c.cpython-310-x86_64-linux-gnu.so
[9.783s] -- Up-to-date symlink: /home/imca06/ros_ws/install/auto_aim_interfaces/local/lib/python3.10/dist-packages/auto_aim_interfaces/auto_aim_interfaces_s__rosidl_typesupport_introspection_c.cpython-310-x86_64-linux-gnu.so
[9.783s] -- Up-to-date symlink: /home/imca06/ros_ws/install/auto_aim_interfaces/local/lib/python3.10/dist-packages/auto_aim_interfaces/auto_aim_interfaces_s__rosidl_typesupport_c.cpython-310-x86_64-linux-gnu.so
[9.783s] -- Symlinking: /home/imca06/ros_ws/install/auto_aim_interfaces/share/auto_aim_interfaces/msg/Armor.idl
[9.795s] -- Symlinking: /home/imca06/ros_ws/install/auto_aim_interfaces/share/auto_aim_interfaces/msg/Armors.idl
[9.806s] -- Symlinking: /home/imca06/ros_ws/install/auto_aim_interfaces/share/auto_aim_interfaces/msg/Target.idl
[9.816s] -- Symlinking: /home/imca06/ros_ws/install/auto_aim_interfaces/share/auto_aim_interfaces/msg/DebugLight.idl
[9.828s] -- Symlinking: /home/imca06/ros_ws/install/auto_aim_interfaces/share/auto_aim_interfaces/msg/DebugLights.idl
[9.841s] -- Symlinking: /home/imca06/ros_ws/install/auto_aim_interfaces/share/auto_aim_interfaces/msg/DebugArmor.idl
[9.853s] -- Symlinking: /home/imca06/ros_ws/install/auto_aim_interfaces/share/auto_aim_interfaces/msg/DebugArmors.idl
[9.864s] -- Symlinking: /home/imca06/ros_ws/install/auto_aim_interfaces/share/auto_aim_interfaces/msg/TrackerInfo.idl
[9.876s] -- Symlinking: /home/imca06/ros_ws/install/auto_aim_interfaces/share/auto_aim_interfaces/msg/Armor.msg
[9.888s] -- Symlinking: /home/imca06/ros_ws/install/auto_aim_interfaces/share/auto_aim_interfaces/msg/Armors.msg
[9.900s] -- Symlinking: /home/imca06/ros_ws/install/auto_aim_interfaces/share/auto_aim_interfaces/msg/Target.msg
[9.911s] -- Symlinking: /home/imca06/ros_ws/install/auto_aim_interfaces/share/auto_aim_interfaces/msg/DebugLight.msg
[9.923s] -- Symlinking: /home/imca06/ros_ws/install/auto_aim_interfaces/share/auto_aim_interfaces/msg/DebugLights.msg
[9.934s] -- Symlinking: /home/imca06/ros_ws/install/auto_aim_interfaces/share/auto_aim_interfaces/msg/DebugArmor.msg
[9.946s] -- Symlinking: /home/imca06/ros_ws/install/auto_aim_interfaces/share/auto_aim_interfaces/msg/DebugArmors.msg
[9.957s] -- Symlinking: /home/imca06/ros_ws/install/auto_aim_interfaces/share/auto_aim_interfaces/msg/TrackerInfo.msg
[9.970s] -- Symlinking: /home/imca06/ros_ws/install/auto_aim_interfaces/share/ament_index/resource_index/package_run_dependencies/auto_aim_interfaces
[9.981s] -- Symlinking: /home/imca06/ros_ws/install/auto_aim_interfaces/share/ament_index/resource_index/parent_prefix_path/auto_aim_interfaces
[9.993s] -- Symlinking: /home/imca06/ros_ws/install/auto_aim_interfaces/share/auto_aim_interfaces/environment/ament_prefix_path.sh
[10.004s] -- Symlinking: /home/imca06/ros_ws/install/auto_aim_interfaces/share/auto_aim_interfaces/environment/ament_prefix_path.dsv
[10.016s] -- Symlinking: /home/imca06/ros_ws/install/auto_aim_interfaces/share/auto_aim_interfaces/environment/path.sh
[10.027s] -- Symlinking: /home/imca06/ros_ws/install/auto_aim_interfaces/share/auto_aim_interfaces/environment/path.dsv
[10.039s] -- Symlinking: /home/imca06/ros_ws/install/auto_aim_interfaces/share/auto_aim_interfaces/local_setup.bash
[10.050s] -- Symlinking: /home/imca06/ros_ws/install/auto_aim_interfaces/share/auto_aim_interfaces/local_setup.sh
[10.062s] -- Symlinking: /home/imca06/ros_ws/install/auto_aim_interfaces/share/auto_aim_interfaces/local_setup.zsh
[10.073s] -- Symlinking: /home/imca06/ros_ws/install/auto_aim_interfaces/share/auto_aim_interfaces/local_setup.dsv
[10.085s] -- Symlinking: /home/imca06/ros_ws/install/auto_aim_interfaces/share/auto_aim_interfaces/package.dsv
[10.098s] -- Symlinking: /home/imca06/ros_ws/install/auto_aim_interfaces/share/ament_index/resource_index/packages/auto_aim_interfaces
[10.110s] -- Symlinking: /home/imca06/ros_ws/install/auto_aim_interfaces/share/auto_aim_interfaces/cmake/rosidl_cmake-extras.cmake
[10.122s] -- Symlinking: /home/imca06/ros_ws/install/auto_aim_interfaces/share/auto_aim_interfaces/cmake/ament_cmake_export_dependencies-extras.cmake
[10.135s] -- Symlinking: /home/imca06/ros_ws/install/auto_aim_interfaces/share/auto_aim_interfaces/cmake/ament_cmake_export_include_directories-extras.cmake
[10.148s] -- Symlinking: /home/imca06/ros_ws/install/auto_aim_interfaces/share/auto_aim_interfaces/cmake/ament_cmake_export_libraries-extras.cmake
[10.160s] -- Symlinking: /home/imca06/ros_ws/install/auto_aim_interfaces/share/auto_aim_interfaces/cmake/ament_cmake_export_targets-extras.cmake
[10.172s] -- Symlinking: /home/imca06/ros_ws/install/auto_aim_interfaces/share/auto_aim_interfaces/cmake/rosidl_cmake_export_typesupport_targets-extras.cmake
[10.184s] -- Symlinking: /home/imca06/ros_ws/install/auto_aim_interfaces/share/auto_aim_interfaces/cmake/rosidl_cmake_export_typesupport_libraries-extras.cmake
[10.196s] -- Symlinking: /home/imca06/ros_ws/install/auto_aim_interfaces/share/auto_aim_interfaces/cmake/auto_aim_interfacesConfig.cmake
[10.208s] -- Symlinking: /home/imca06/ros_ws/install/auto_aim_interfaces/share/auto_aim_interfaces/cmake/auto_aim_interfacesConfig-version.cmake
[10.221s] -- Symlinking: /home/imca06/ros_ws/install/auto_aim_interfaces/share/auto_aim_interfaces/package.xml
[10.233s] -- Installing: /home/imca06/ros_ws/install/auto_aim_interfaces/lib/libauto_aim_interfaces__rosidl_generator_c.so
[10.234s] -- Set runtime path of "/home/imca06/ros_ws/install/auto_aim_interfaces/lib/libauto_aim_interfaces__rosidl_generator_c.so" to ""
[10.234s] -- Installing: /home/imca06/ros_ws/install/auto_aim_interfaces/lib/libauto_aim_interfaces__rosidl_typesupport_fastrtps_c.so
[10.235s] -- Set runtime path of "/home/imca06/ros_ws/install/auto_aim_interfaces/lib/libauto_aim_interfaces__rosidl_typesupport_fastrtps_c.so" to ""
[10.235s] -- Installing: /home/imca06/ros_ws/install/auto_aim_interfaces/lib/libauto_aim_interfaces__rosidl_typesupport_introspection_c.so
[10.235s] -- Set runtime path of "/home/imca06/ros_ws/install/auto_aim_interfaces/lib/libauto_aim_interfaces__rosidl_typesupport_introspection_c.so" to ""
[10.235s] -- Installing: /home/imca06/ros_ws/install/auto_aim_interfaces/lib/libauto_aim_interfaces__rosidl_typesupport_c.so
[10.235s] -- Set runtime path of "/home/imca06/ros_ws/install/auto_aim_interfaces/lib/libauto_aim_interfaces__rosidl_typesupport_c.so" to ""
[10.236s] -- Installing: /home/imca06/ros_ws/install/auto_aim_interfaces/lib/libauto_aim_interfaces__rosidl_typesupport_fastrtps_cpp.so
[10.236s] -- Set runtime path of "/home/imca06/ros_ws/install/auto_aim_interfaces/lib/libauto_aim_interfaces__rosidl_typesupport_fastrtps_cpp.so" to ""
[10.236s] -- Installing: /home/imca06/ros_ws/install/auto_aim_interfaces/lib/libauto_aim_interfaces__rosidl_typesupport_introspection_cpp.so
[10.236s] -- Set runtime path of "/home/imca06/ros_ws/install/auto_aim_interfaces/lib/libauto_aim_interfaces__rosidl_typesupport_introspection_cpp.so" to ""
[10.236s] -- Installing: /home/imca06/ros_ws/install/auto_aim_interfaces/lib/libauto_aim_interfaces__rosidl_typesupport_cpp.so
[10.237s] -- Set runtime path of "/home/imca06/ros_ws/install/auto_aim_interfaces/lib/libauto_aim_interfaces__rosidl_typesupport_cpp.so" to ""
[10.273s] Listing '/home/imca06/ros_ws/install/auto_aim_interfaces/local/lib/python3.10/dist-packages/auto_aim_interfaces'...
[10.273s] Compiling '/home/imca06/ros_ws/install/auto_aim_interfaces/local/lib/python3.10/dist-packages/auto_aim_interfaces/__init__.py'...
[10.273s] Listing '/home/imca06/ros_ws/install/auto_aim_interfaces/local/lib/python3.10/dist-packages/auto_aim_interfaces/msg'...
[10.274s] Compiling '/home/imca06/ros_ws/install/auto_aim_interfaces/local/lib/python3.10/dist-packages/auto_aim_interfaces/msg/__init__.py'...
[10.274s] Compiling '/home/imca06/ros_ws/install/auto_aim_interfaces/local/lib/python3.10/dist-packages/auto_aim_interfaces/msg/_armor.py'...
[10.274s] Compiling '/home/imca06/ros_ws/install/auto_aim_interfaces/local/lib/python3.10/dist-packages/auto_aim_interfaces/msg/_armors.py'...
[10.274s] Compiling '/home/imca06/ros_ws/install/auto_aim_interfaces/local/lib/python3.10/dist-packages/auto_aim_interfaces/msg/_debug_armor.py'...
[10.274s] Compiling '/home/imca06/ros_ws/install/auto_aim_interfaces/local/lib/python3.10/dist-packages/auto_aim_interfaces/msg/_debug_armors.py'...
[10.274s] Compiling '/home/imca06/ros_ws/install/auto_aim_interfaces/local/lib/python3.10/dist-packages/auto_aim_interfaces/msg/_debug_light.py'...
[10.274s] Compiling '/home/imca06/ros_ws/install/auto_aim_interfaces/local/lib/python3.10/dist-packages/auto_aim_interfaces/msg/_debug_lights.py'...
[10.274s] Compiling '/home/imca06/ros_ws/install/auto_aim_interfaces/local/lib/python3.10/dist-packages/auto_aim_interfaces/msg/_target.py'...
[10.274s] Compiling '/home/imca06/ros_ws/install/auto_aim_interfaces/local/lib/python3.10/dist-packages/auto_aim_interfaces/msg/_tracker_info.py'...
[10.278s] -- Installing: /home/imca06/ros_ws/install/auto_aim_interfaces/lib/libauto_aim_interfaces__rosidl_generator_py.so
[10.278s] -- Set runtime path of "/home/imca06/ros_ws/install/auto_aim_interfaces/lib/libauto_aim_interfaces__rosidl_generator_py.so" to ""
[10.278s] -- Installing: /home/imca06/ros_ws/install/auto_aim_interfaces/share/auto_aim_interfaces/cmake/export_auto_aim_interfaces__rosidl_generator_cExport.cmake
[10.278s] -- Installing: /home/imca06/ros_ws/install/auto_aim_interfaces/share/auto_aim_interfaces/cmake/export_auto_aim_interfaces__rosidl_generator_cExport-release.cmake
[10.278s] -- Installing: /home/imca06/ros_ws/install/auto_aim_interfaces/share/auto_aim_interfaces/cmake/export_auto_aim_interfaces__rosidl_typesupport_fastrtps_cExport.cmake
[10.278s] -- Installing: /home/imca06/ros_ws/install/auto_aim_interfaces/share/auto_aim_interfaces/cmake/export_auto_aim_interfaces__rosidl_typesupport_fastrtps_cExport-release.cmake
[10.278s] -- Installing: /home/imca06/ros_ws/install/auto_aim_interfaces/share/auto_aim_interfaces/cmake/auto_aim_interfaces__rosidl_typesupport_introspection_cExport.cmake
[10.278s] -- Installing: /home/imca06/ros_ws/install/auto_aim_interfaces/share/auto_aim_interfaces/cmake/auto_aim_interfaces__rosidl_typesupport_introspection_cExport-release.cmake
[10.279s] -- Installing: /home/imca06/ros_ws/install/auto_aim_interfaces/share/auto_aim_interfaces/cmake/auto_aim_interfaces__rosidl_typesupport_cExport.cmake
[10.279s] -- Installing: /home/imca06/ros_ws/install/auto_aim_interfaces/share/auto_aim_interfaces/cmake/auto_aim_interfaces__rosidl_typesupport_cExport-release.cmake
[10.279s] -- Installing: /home/imca06/ros_ws/install/auto_aim_interfaces/share/auto_aim_interfaces/cmake/export_auto_aim_interfaces__rosidl_generator_cppExport.cmake
[10.279s] -- Installing: /home/imca06/ros_ws/install/auto_aim_interfaces/share/auto_aim_interfaces/cmake/export_auto_aim_interfaces__rosidl_typesupport_fastrtps_cppExport.cmake
[10.279s] -- Installing: /home/imca06/ros_ws/install/auto_aim_interfaces/share/auto_aim_interfaces/cmake/export_auto_aim_interfaces__rosidl_typesupport_fastrtps_cppExport-release.cmake
[10.279s] -- Installing: /home/imca06/ros_ws/install/auto_aim_interfaces/share/auto_aim_interfaces/cmake/auto_aim_interfaces__rosidl_typesupport_introspection_cppExport.cmake
[10.280s] -- Installing: /home/imca06/ros_ws/install/auto_aim_interfaces/share/auto_aim_interfaces/cmake/auto_aim_interfaces__rosidl_typesupport_introspection_cppExport-release.cmake
[10.280s] -- Installing: /home/imca06/ros_ws/install/auto_aim_interfaces/share/auto_aim_interfaces/cmake/auto_aim_interfaces__rosidl_typesupport_cppExport.cmake
[10.280s] -- Installing: /home/imca06/ros_ws/install/auto_aim_interfaces/share/auto_aim_interfaces/cmake/auto_aim_interfaces__rosidl_typesupport_cppExport-release.cmake
[10.280s] -- Installing: /home/imca06/ros_ws/install/auto_aim_interfaces/share/auto_aim_interfaces/cmake/export_auto_aim_interfaces__rosidl_generator_pyExport.cmake
[10.280s] -- Installing: /home/imca06/ros_ws/install/auto_aim_interfaces/share/auto_aim_interfaces/cmake/export_auto_aim_interfaces__rosidl_generator_pyExport-release.cmake
[10.283s] Invoked command in '/home/imca06/ros_ws/build/auto_aim_interfaces' returned '0': CMAKE_PREFIX_PATH=/opt/ros/humble /usr/bin/cmake --install /home/imca06/ros_ws/build/auto_aim_interfaces
