[0.017s] Invoking command in '/home/imca06/ros_ws/build/armor_tracker': CMAKE_PREFIX_PATH=/home/imca06/ros_ws/install/auto_aim_interfaces:/home/imca06/ros_ws/install/rm_vision_bringup:/home/imca06/ros_ws/install/rm_serial_driver:/home/imca06/ros_ws/install/rm_gimbal_description:/home/imca06/ros_ws/install/rm_auto_aim:/home/imca06/ros_ws/install/mindvision_camera:/home/imca06/ros_ws/install/hik_camera:/home/imca06/ros_ws/install/armor_tracker:/home/imca06/ros_ws/install/armor_detector:/opt/ros/humble LD_LIBRARY_PATH=/home/imca06/ros_ws/install/auto_aim_interfaces/lib:/home/imca06/ros_ws/install/rm_serial_driver/lib:/home/imca06/ros_ws/install/mindvision_camera/lib:/home/imca06/ros_ws/install/hik_camera/lib:/home/imca06/ros_ws/install/armor_tracker/lib:/home/imca06/ros_ws/install/armor_detector/lib:/opt/MVS/lib/64:/opt/MVS/lib/32:/opt/intel/openvino_2023.0.0/runtime/lib/intel64:/usr/lib/x86_64-linux-gnu/gazebo-11/plugins:/opt/ros/humble/opt/rviz_ogre_vendor/lib:/opt/ros/humble/lib/x86_64-linux-gnu:/opt/ros/humble/lib:/opt/MVS/lib/64:/opt/MVS/lib/32:/opt/MVS/lib/64:/opt/MVS/lib/32 /usr/bin/cmake --build /home/imca06/ros_ws/build/armor_tracker -- -j12 -l12
[0.088s] [ 33%] Built target armor_tracker_node
[0.094s] [100%] Built target armor_tracker
[0.108s] Invoked command in '/home/imca06/ros_ws/build/armor_tracker' returned '0': CMAKE_PREFIX_PATH=/home/imca06/ros_ws/install/auto_aim_interfaces:/home/imca06/ros_ws/install/rm_vision_bringup:/home/imca06/ros_ws/install/rm_serial_driver:/home/imca06/ros_ws/install/rm_gimbal_description:/home/imca06/ros_ws/install/rm_auto_aim:/home/imca06/ros_ws/install/mindvision_camera:/home/imca06/ros_ws/install/hik_camera:/home/imca06/ros_ws/install/armor_tracker:/home/imca06/ros_ws/install/armor_detector:/opt/ros/humble LD_LIBRARY_PATH=/home/imca06/ros_ws/install/auto_aim_interfaces/lib:/home/imca06/ros_ws/install/rm_serial_driver/lib:/home/imca06/ros_ws/install/mindvision_camera/lib:/home/imca06/ros_ws/install/hik_camera/lib:/home/imca06/ros_ws/install/armor_tracker/lib:/home/imca06/ros_ws/install/armor_detector/lib:/opt/MVS/lib/64:/opt/MVS/lib/32:/opt/intel/openvino_2023.0.0/runtime/lib/intel64:/usr/lib/x86_64-linux-gnu/gazebo-11/plugins:/opt/ros/humble/opt/rviz_ogre_vendor/lib:/opt/ros/humble/lib/x86_64-linux-gnu:/opt/ros/humble/lib:/opt/MVS/lib/64:/opt/MVS/lib/32:/opt/MVS/lib/64:/opt/MVS/lib/32 /usr/bin/cmake --build /home/imca06/ros_ws/build/armor_tracker -- -j12 -l12
[0.162s] Invoking command in '/home/imca06/ros_ws/build/armor_tracker': CMAKE_PREFIX_PATH=/home/imca06/ros_ws/install/auto_aim_interfaces:/home/imca06/ros_ws/install/rm_vision_bringup:/home/imca06/ros_ws/install/rm_serial_driver:/home/imca06/ros_ws/install/rm_gimbal_description:/home/imca06/ros_ws/install/rm_auto_aim:/home/imca06/ros_ws/install/mindvision_camera:/home/imca06/ros_ws/install/hik_camera:/home/imca06/ros_ws/install/armor_tracker:/home/imca06/ros_ws/install/armor_detector:/opt/ros/humble LD_LIBRARY_PATH=/home/imca06/ros_ws/install/auto_aim_interfaces/lib:/home/imca06/ros_ws/install/rm_serial_driver/lib:/home/imca06/ros_ws/install/mindvision_camera/lib:/home/imca06/ros_ws/install/hik_camera/lib:/home/imca06/ros_ws/install/armor_tracker/lib:/home/imca06/ros_ws/install/armor_detector/lib:/opt/MVS/lib/64:/opt/MVS/lib/32:/opt/intel/openvino_2023.0.0/runtime/lib/intel64:/usr/lib/x86_64-linux-gnu/gazebo-11/plugins:/opt/ros/humble/opt/rviz_ogre_vendor/lib:/opt/ros/humble/lib/x86_64-linux-gnu:/opt/ros/humble/lib:/opt/MVS/lib/64:/opt/MVS/lib/32:/opt/MVS/lib/64:/opt/MVS/lib/32 /usr/bin/cmake --install /home/imca06/ros_ws/build/armor_tracker
[0.170s] -- Install configuration: "Release"
[0.170s] -- Execute custom install script
[0.171s] -- Up-to-date symlink: /home/imca06/ros_ws/install/armor_tracker/lib/armor_tracker/armor_tracker_node
[0.171s] -- Up-to-date symlink: /home/imca06/ros_ws/install/armor_tracker/include/armor_tracker/extended_kalman_filter.hpp
[0.171s] -- Up-to-date symlink: /home/imca06/ros_ws/install/armor_tracker/include/armor_tracker/tracker.hpp
[0.171s] -- Up-to-date symlink: /home/imca06/ros_ws/install/armor_tracker/include/armor_tracker/tracker_node.hpp
[0.171s] -- Up-to-date symlink: /home/imca06/ros_ws/install/armor_tracker/share/armor_tracker/environment/library_path.sh
[0.171s] -- Up-to-date symlink: /home/imca06/ros_ws/install/armor_tracker/share/armor_tracker/environment/library_path.dsv
[0.172s] -- Up-to-date symlink: /home/imca06/ros_ws/install/armor_tracker/lib/libarmor_tracker.so
[0.172s] -- Up-to-date symlink: /home/imca06/ros_ws/install/armor_tracker/share/ament_index/resource_index/package_run_dependencies/armor_tracker
[0.172s] -- Up-to-date symlink: /home/imca06/ros_ws/install/armor_tracker/share/ament_index/resource_index/parent_prefix_path/armor_tracker
[0.172s] -- Up-to-date symlink: /home/imca06/ros_ws/install/armor_tracker/share/armor_tracker/environment/ament_prefix_path.sh
[0.172s] -- Up-to-date symlink: /home/imca06/ros_ws/install/armor_tracker/share/armor_tracker/environment/ament_prefix_path.dsv
[0.173s] -- Up-to-date symlink: /home/imca06/ros_ws/install/armor_tracker/share/armor_tracker/environment/path.sh
[0.173s] -- Up-to-date symlink: /home/imca06/ros_ws/install/armor_tracker/share/armor_tracker/environment/path.dsv
[0.173s] -- Up-to-date symlink: /home/imca06/ros_ws/install/armor_tracker/share/armor_tracker/local_setup.bash
[0.173s] -- Up-to-date symlink: /home/imca06/ros_ws/install/armor_tracker/share/armor_tracker/local_setup.sh
[0.173s] -- Up-to-date symlink: /home/imca06/ros_ws/install/armor_tracker/share/armor_tracker/local_setup.zsh
[0.173s] -- Up-to-date symlink: /home/imca06/ros_ws/install/armor_tracker/share/armor_tracker/local_setup.dsv
[0.173s] -- Symlinking: /home/imca06/ros_ws/install/armor_tracker/share/armor_tracker/package.dsv
[0.184s] -- Up-to-date symlink: /home/imca06/ros_ws/install/armor_tracker/share/ament_index/resource_index/packages/armor_tracker
[0.185s] -- Up-to-date symlink: /home/imca06/ros_ws/install/armor_tracker/share/ament_index/resource_index/rclcpp_components/armor_tracker
[0.185s] -- Up-to-date symlink: /home/imca06/ros_ws/install/armor_tracker/share/armor_tracker/cmake/ament_cmake_export_dependencies-extras.cmake
[0.185s] -- Up-to-date symlink: /home/imca06/ros_ws/install/armor_tracker/share/armor_tracker/cmake/ament_cmake_export_include_directories-extras.cmake
[0.185s] -- Up-to-date symlink: /home/imca06/ros_ws/install/armor_tracker/share/armor_tracker/cmake/ament_cmake_export_libraries-extras.cmake
[0.185s] -- Up-to-date symlink: /home/imca06/ros_ws/install/armor_tracker/share/armor_tracker/cmake/armor_trackerConfig.cmake
[0.186s] -- Up-to-date symlink: /home/imca06/ros_ws/install/armor_tracker/share/armor_tracker/cmake/armor_trackerConfig-version.cmake
[0.186s] -- Up-to-date symlink: /home/imca06/ros_ws/install/armor_tracker/share/armor_tracker/package.xml
[0.189s] Invoked command in '/home/imca06/ros_ws/build/armor_tracker' returned '0': CMAKE_PREFIX_PATH=/home/imca06/ros_ws/install/auto_aim_interfaces:/home/imca06/ros_ws/install/rm_vision_bringup:/home/imca06/ros_ws/install/rm_serial_driver:/home/imca06/ros_ws/install/rm_gimbal_description:/home/imca06/ros_ws/install/rm_auto_aim:/home/imca06/ros_ws/install/mindvision_camera:/home/imca06/ros_ws/install/hik_camera:/home/imca06/ros_ws/install/armor_tracker:/home/imca06/ros_ws/install/armor_detector:/opt/ros/humble LD_LIBRARY_PATH=/home/imca06/ros_ws/install/auto_aim_interfaces/lib:/home/imca06/ros_ws/install/rm_serial_driver/lib:/home/imca06/ros_ws/install/mindvision_camera/lib:/home/imca06/ros_ws/install/hik_camera/lib:/home/imca06/ros_ws/install/armor_tracker/lib:/home/imca06/ros_ws/install/armor_detector/lib:/opt/MVS/lib/64:/opt/MVS/lib/32:/opt/intel/openvino_2023.0.0/runtime/lib/intel64:/usr/lib/x86_64-linux-gnu/gazebo-11/plugins:/opt/ros/humble/opt/rviz_ogre_vendor/lib:/opt/ros/humble/lib/x86_64-linux-gnu:/opt/ros/humble/lib:/opt/MVS/lib/64:/opt/MVS/lib/32:/opt/MVS/lib/64:/opt/MVS/lib/32 /usr/bin/cmake --install /home/imca06/ros_ws/build/armor_tracker
